ARM GAS  C:\Users\user\AppData\Local\Temp\ccHKVHQr.s 			page 1


   1              		.cpu cortex-m4
   2              		.eabi_attribute 27, 1
   3              		.eabi_attribute 28, 1
   4              		.eabi_attribute 20, 1
   5              		.eabi_attribute 21, 1
   6              		.eabi_attribute 23, 3
   7              		.eabi_attribute 24, 1
   8              		.eabi_attribute 25, 1
   9              		.eabi_attribute 26, 1
  10              		.eabi_attribute 30, 1
  11              		.eabi_attribute 34, 1
  12              		.eabi_attribute 18, 4
  13              		.file	"NOS_Math.c"
  14              		.text
  15              	.Ltext0:
  16              		.cfi_sections	.debug_frame
  17              		.section	.text.NOS_Math_NormalizeValue,"ax",%progbits
  18              		.align	1
  19              		.global	NOS_Math_NormalizeValue
  20              		.arch armv7e-m
  21              		.syntax unified
  22              		.thumb
  23              		.thumb_func
  24              		.fpu fpv4-sp-d16
  26              	NOS_Math_NormalizeValue:
  27              	.LVL0:
  28              	.LFB0:
  29              		.file 1 "Core/Src/NOS_LIB_Driver/Src/NOS_Math.c"
   1:Core/Src/NOS_LIB_Driver/Src/NOS_Math.c **** #include "NOS_Math.h"
   2:Core/Src/NOS_LIB_Driver/Src/NOS_Math.c **** 
   3:Core/Src/NOS_LIB_Driver/Src/NOS_Math.c **** int NOS_Math_NormalizeValue(int value,int maxValue)
   4:Core/Src/NOS_LIB_Driver/Src/NOS_Math.c **** {
  30              		.loc 1 4 1 view -0
  31              		.cfi_startproc
  32              		@ args = 0, pretend = 0, frame = 0
  33              		@ frame_needed = 0, uses_anonymous_args = 0
  34              		@ link register save eliminated.
   5:Core/Src/NOS_LIB_Driver/Src/NOS_Math.c ****     while(value >= maxValue)
  35              		.loc 1 5 5 view .LVU1
  36              		.loc 1 5 10 is_stmt 0 view .LVU2
  37 0000 00E0     		b	.L2
  38              	.L3:
   6:Core/Src/NOS_LIB_Driver/Src/NOS_Math.c ****     {
   7:Core/Src/NOS_LIB_Driver/Src/NOS_Math.c ****         value = value - maxValue;
  39              		.loc 1 7 9 is_stmt 1 view .LVU3
  40              		.loc 1 7 15 is_stmt 0 view .LVU4
  41 0002 401A     		subs	r0, r0, r1
  42              	.LVL1:
  43              	.L2:
   5:Core/Src/NOS_LIB_Driver/Src/NOS_Math.c ****     while(value >= maxValue)
  44              		.loc 1 5 10 is_stmt 1 view .LVU5
  45 0004 8842     		cmp	r0, r1
  46 0006 FCDA     		bge	.L3
   8:Core/Src/NOS_LIB_Driver/Src/NOS_Math.c ****     }
   9:Core/Src/NOS_LIB_Driver/Src/NOS_Math.c ****     
  10:Core/Src/NOS_LIB_Driver/Src/NOS_Math.c ****     return value;
  47              		.loc 1 10 5 view .LVU6
ARM GAS  C:\Users\user\AppData\Local\Temp\ccHKVHQr.s 			page 2


  11:Core/Src/NOS_LIB_Driver/Src/NOS_Math.c **** }
  48              		.loc 1 11 1 is_stmt 0 view .LVU7
  49 0008 7047     		bx	lr
  50              		.cfi_endproc
  51              	.LFE0:
  53              		.section	.text.NOS_Math_GetNumberPower,"ax",%progbits
  54              		.align	1
  55              		.global	NOS_Math_GetNumberPower
  56              		.syntax unified
  57              		.thumb
  58              		.thumb_func
  59              		.fpu fpv4-sp-d16
  61              	NOS_Math_GetNumberPower:
  62              	.LVL2:
  63              	.LFB1:
  12:Core/Src/NOS_LIB_Driver/Src/NOS_Math.c **** 
  13:Core/Src/NOS_LIB_Driver/Src/NOS_Math.c **** int NOS_Math_GetNumberPower(int value)
  14:Core/Src/NOS_LIB_Driver/Src/NOS_Math.c **** {
  64              		.loc 1 14 1 is_stmt 1 view -0
  65              		.cfi_startproc
  66              		@ args = 0, pretend = 0, frame = 0
  67              		@ frame_needed = 0, uses_anonymous_args = 0
  68              		@ link register save eliminated.
  69              		.loc 1 14 1 is_stmt 0 view .LVU9
  70 0000 0246     		mov	r2, r0
  15:Core/Src/NOS_LIB_Driver/Src/NOS_Math.c ****     int probe = 10;
  71              		.loc 1 15 5 is_stmt 1 view .LVU10
  72              	.LVL3:
  16:Core/Src/NOS_LIB_Driver/Src/NOS_Math.c ****     int power = 1;
  73              		.loc 1 16 5 view .LVU11
  17:Core/Src/NOS_LIB_Driver/Src/NOS_Math.c ****     while (value >= probe)
  74              		.loc 1 17 5 view .LVU12
  16:Core/Src/NOS_LIB_Driver/Src/NOS_Math.c ****     int power = 1;
  75              		.loc 1 16 9 is_stmt 0 view .LVU13
  76 0002 0120     		movs	r0, #1
  77              	.LVL4:
  15:Core/Src/NOS_LIB_Driver/Src/NOS_Math.c ****     int probe = 10;
  78              		.loc 1 15 9 view .LVU14
  79 0004 0A23     		movs	r3, #10
  80              		.loc 1 17 11 view .LVU15
  81 0006 03E0     		b	.L5
  82              	.LVL5:
  83              	.L6:
  18:Core/Src/NOS_LIB_Driver/Src/NOS_Math.c ****     {
  19:Core/Src/NOS_LIB_Driver/Src/NOS_Math.c ****         power++;
  84              		.loc 1 19 9 is_stmt 1 view .LVU16
  85              		.loc 1 19 14 is_stmt 0 view .LVU17
  86 0008 0130     		adds	r0, r0, #1
  87              	.LVL6:
  20:Core/Src/NOS_LIB_Driver/Src/NOS_Math.c ****         probe = probe * 10;
  88              		.loc 1 20 9 is_stmt 1 view .LVU18
  89              		.loc 1 20 15 is_stmt 0 view .LVU19
  90 000a 03EB8303 		add	r3, r3, r3, lsl #2
  91              	.LVL7:
  92              		.loc 1 20 15 view .LVU20
  93 000e 5B00     		lsls	r3, r3, #1
  94              	.LVL8:
ARM GAS  C:\Users\user\AppData\Local\Temp\ccHKVHQr.s 			page 3


  95              	.L5:
  17:Core/Src/NOS_LIB_Driver/Src/NOS_Math.c ****     while (value >= probe)
  96              		.loc 1 17 11 is_stmt 1 view .LVU21
  97 0010 9342     		cmp	r3, r2
  98 0012 F9DD     		ble	.L6
  21:Core/Src/NOS_LIB_Driver/Src/NOS_Math.c ****     }
  22:Core/Src/NOS_LIB_Driver/Src/NOS_Math.c ****     return power;
  99              		.loc 1 22 5 view .LVU22
  23:Core/Src/NOS_LIB_Driver/Src/NOS_Math.c **** }...
 100              		.loc 1 23 1 is_stmt 0 view .LVU23
 101 0014 7047     		bx	lr
 102              		.cfi_endproc
 103              	.LFE1:
 105              		.text
 106              	.Letext0:
ARM GAS  C:\Users\user\AppData\Local\Temp\ccHKVHQr.s 			page 4


DEFINED SYMBOLS
                            *ABS*:0000000000000000 NOS_Math.c
C:\Users\user\AppData\Local\Temp\ccHKVHQr.s:18     .text.NOS_Math_NormalizeValue:0000000000000000 $t
C:\Users\user\AppData\Local\Temp\ccHKVHQr.s:26     .text.NOS_Math_NormalizeValue:0000000000000000 NOS_Math_NormalizeValue
C:\Users\user\AppData\Local\Temp\ccHKVHQr.s:54     .text.NOS_Math_GetNumberPower:0000000000000000 $t
C:\Users\user\AppData\Local\Temp\ccHKVHQr.s:61     .text.NOS_Math_GetNumberPower:0000000000000000 NOS_Math_GetNumberPower

NO UNDEFINED SYMBOLS
