ARM GAS  C:\Users\user\AppData\Local\Temp\cc0xC6Nw.s 			page 1


   1              		.cpu cortex-m4
   2              		.eabi_attribute 27, 1
   3              		.eabi_attribute 28, 1
   4              		.eabi_attribute 20, 1
   5              		.eabi_attribute 21, 1
   6              		.eabi_attribute 23, 3
   7              		.eabi_attribute 24, 1
   8              		.eabi_attribute 25, 1
   9              		.eabi_attribute 26, 1
  10              		.eabi_attribute 30, 1
  11              		.eabi_attribute 34, 1
  12              		.eabi_attribute 18, 4
  13              		.file	"stm32f4xx_hal_msp.c"
  14              		.text
  15              	.Ltext0:
  16              		.cfi_sections	.debug_frame
  17              		.section	.text.HAL_MspInit,"ax",%progbits
  18              		.align	1
  19              		.global	HAL_MspInit
  20              		.arch armv7e-m
  21              		.syntax unified
  22              		.thumb
  23              		.thumb_func
  24              		.fpu fpv4-sp-d16
  26              	HAL_MspInit:
  27              	.LFB130:
  28              		.file 1 "Core/Src/stm32f4xx_hal_msp.c"
   1:Core/Src/stm32f4xx_hal_msp.c **** /* USER CODE BEGIN Header */
   2:Core/Src/stm32f4xx_hal_msp.c **** /**
   3:Core/Src/stm32f4xx_hal_msp.c ****   ******************************************************************************
   4:Core/Src/stm32f4xx_hal_msp.c ****   * @file         stm32f4xx_hal_msp.c
   5:Core/Src/stm32f4xx_hal_msp.c ****   * @brief        This file provides code for the MSP Initialization
   6:Core/Src/stm32f4xx_hal_msp.c ****   *               and de-Initialization codes.
   7:Core/Src/stm32f4xx_hal_msp.c ****   ******************************************************************************
   8:Core/Src/stm32f4xx_hal_msp.c ****   * @attention
   9:Core/Src/stm32f4xx_hal_msp.c ****   *
  10:Core/Src/stm32f4xx_hal_msp.c ****   * <h2><center>&copy; Copyright (c) 2021 STMicroelectronics.
  11:Core/Src/stm32f4xx_hal_msp.c ****   * All rights reserved.</center></h2>
  12:Core/Src/stm32f4xx_hal_msp.c ****   *
  13:Core/Src/stm32f4xx_hal_msp.c ****   * This software component is licensed by ST under BSD 3-Clause license,
  14:Core/Src/stm32f4xx_hal_msp.c ****   * the "License"; You may not use this file except in compliance with the
  15:Core/Src/stm32f4xx_hal_msp.c ****   * License. You may obtain a copy of the License at:
  16:Core/Src/stm32f4xx_hal_msp.c ****   *                        opensource.org/licenses/BSD-3-Clause
  17:Core/Src/stm32f4xx_hal_msp.c ****   *
  18:Core/Src/stm32f4xx_hal_msp.c ****   ******************************************************************************
  19:Core/Src/stm32f4xx_hal_msp.c ****   */
  20:Core/Src/stm32f4xx_hal_msp.c **** /* USER CODE END Header */
  21:Core/Src/stm32f4xx_hal_msp.c **** 
  22:Core/Src/stm32f4xx_hal_msp.c **** /* Includes ------------------------------------------------------------------*/
  23:Core/Src/stm32f4xx_hal_msp.c **** #include "main.h"
  24:Core/Src/stm32f4xx_hal_msp.c **** /* USER CODE BEGIN Includes */
  25:Core/Src/stm32f4xx_hal_msp.c **** 
  26:Core/Src/stm32f4xx_hal_msp.c **** /* USER CODE END Includes */
  27:Core/Src/stm32f4xx_hal_msp.c **** 
  28:Core/Src/stm32f4xx_hal_msp.c **** /* Private typedef -----------------------------------------------------------*/
  29:Core/Src/stm32f4xx_hal_msp.c **** /* USER CODE BEGIN TD */
  30:Core/Src/stm32f4xx_hal_msp.c **** 
ARM GAS  C:\Users\user\AppData\Local\Temp\cc0xC6Nw.s 			page 2


  31:Core/Src/stm32f4xx_hal_msp.c **** /* USER CODE END TD */
  32:Core/Src/stm32f4xx_hal_msp.c **** 
  33:Core/Src/stm32f4xx_hal_msp.c **** /* Private define ------------------------------------------------------------*/
  34:Core/Src/stm32f4xx_hal_msp.c **** /* USER CODE BEGIN Define */
  35:Core/Src/stm32f4xx_hal_msp.c **** 
  36:Core/Src/stm32f4xx_hal_msp.c **** /* USER CODE END Define */
  37:Core/Src/stm32f4xx_hal_msp.c **** 
  38:Core/Src/stm32f4xx_hal_msp.c **** /* Private macro -------------------------------------------------------------*/
  39:Core/Src/stm32f4xx_hal_msp.c **** /* USER CODE BEGIN Macro */
  40:Core/Src/stm32f4xx_hal_msp.c **** 
  41:Core/Src/stm32f4xx_hal_msp.c **** /* USER CODE END Macro */
  42:Core/Src/stm32f4xx_hal_msp.c **** 
  43:Core/Src/stm32f4xx_hal_msp.c **** /* Private variables ---------------------------------------------------------*/
  44:Core/Src/stm32f4xx_hal_msp.c **** /* USER CODE BEGIN PV */
  45:Core/Src/stm32f4xx_hal_msp.c **** 
  46:Core/Src/stm32f4xx_hal_msp.c **** /* USER CODE END PV */
  47:Core/Src/stm32f4xx_hal_msp.c **** 
  48:Core/Src/stm32f4xx_hal_msp.c **** /* Private function prototypes -----------------------------------------------*/
  49:Core/Src/stm32f4xx_hal_msp.c **** /* USER CODE BEGIN PFP */
  50:Core/Src/stm32f4xx_hal_msp.c **** 
  51:Core/Src/stm32f4xx_hal_msp.c **** /* USER CODE END PFP */
  52:Core/Src/stm32f4xx_hal_msp.c **** 
  53:Core/Src/stm32f4xx_hal_msp.c **** /* External functions --------------------------------------------------------*/
  54:Core/Src/stm32f4xx_hal_msp.c **** /* USER CODE BEGIN ExternalFunctions */
  55:Core/Src/stm32f4xx_hal_msp.c **** 
  56:Core/Src/stm32f4xx_hal_msp.c **** /* USER CODE END ExternalFunctions */
  57:Core/Src/stm32f4xx_hal_msp.c **** 
  58:Core/Src/stm32f4xx_hal_msp.c **** /* USER CODE BEGIN 0 */
  59:Core/Src/stm32f4xx_hal_msp.c **** 
  60:Core/Src/stm32f4xx_hal_msp.c **** /* USER CODE END 0 */
  61:Core/Src/stm32f4xx_hal_msp.c **** /**
  62:Core/Src/stm32f4xx_hal_msp.c ****   * Initializes the Global MSP.
  63:Core/Src/stm32f4xx_hal_msp.c ****   */
  64:Core/Src/stm32f4xx_hal_msp.c **** void HAL_MspInit(void)
  65:Core/Src/stm32f4xx_hal_msp.c **** {
  29              		.loc 1 65 1 view -0
  30              		.cfi_startproc
  31              		@ args = 0, pretend = 0, frame = 8
  32              		@ frame_needed = 0, uses_anonymous_args = 0
  33              		@ link register save eliminated.
  34 0000 82B0     		sub	sp, sp, #8
  35              	.LCFI0:
  36              		.cfi_def_cfa_offset 8
  66:Core/Src/stm32f4xx_hal_msp.c ****   /* USER CODE BEGIN MspInit 0 */
  67:Core/Src/stm32f4xx_hal_msp.c **** 
  68:Core/Src/stm32f4xx_hal_msp.c ****   /* USER CODE END MspInit 0 */
  69:Core/Src/stm32f4xx_hal_msp.c **** 
  70:Core/Src/stm32f4xx_hal_msp.c ****   __HAL_RCC_SYSCFG_CLK_ENABLE();
  37              		.loc 1 70 3 view .LVU1
  38              	.LBB2:
  39              		.loc 1 70 3 view .LVU2
  40 0002 0021     		movs	r1, #0
  41 0004 0091     		str	r1, [sp]
  42              		.loc 1 70 3 view .LVU3
  43 0006 0B4B     		ldr	r3, .L3
  44 0008 5A6C     		ldr	r2, [r3, #68]
  45 000a 42F48042 		orr	r2, r2, #16384
ARM GAS  C:\Users\user\AppData\Local\Temp\cc0xC6Nw.s 			page 3


  46 000e 5A64     		str	r2, [r3, #68]
  47              		.loc 1 70 3 view .LVU4
  48 0010 5A6C     		ldr	r2, [r3, #68]
  49 0012 02F48042 		and	r2, r2, #16384
  50 0016 0092     		str	r2, [sp]
  51              		.loc 1 70 3 view .LVU5
  52 0018 009A     		ldr	r2, [sp]
  53              	.LBE2:
  54              		.loc 1 70 3 view .LVU6
  71:Core/Src/stm32f4xx_hal_msp.c ****   __HAL_RCC_PWR_CLK_ENABLE();
  55              		.loc 1 71 3 view .LVU7
  56              	.LBB3:
  57              		.loc 1 71 3 view .LVU8
  58 001a 0191     		str	r1, [sp, #4]
  59              		.loc 1 71 3 view .LVU9
  60 001c 1A6C     		ldr	r2, [r3, #64]
  61 001e 42F08052 		orr	r2, r2, #268435456
  62 0022 1A64     		str	r2, [r3, #64]
  63              		.loc 1 71 3 view .LVU10
  64 0024 1B6C     		ldr	r3, [r3, #64]
  65 0026 03F08053 		and	r3, r3, #268435456
  66 002a 0193     		str	r3, [sp, #4]
  67              		.loc 1 71 3 view .LVU11
  68 002c 019B     		ldr	r3, [sp, #4]
  69              	.LBE3:
  70              		.loc 1 71 3 view .LVU12
  72:Core/Src/stm32f4xx_hal_msp.c **** 
  73:Core/Src/stm32f4xx_hal_msp.c ****   /* System interrupt init*/
  74:Core/Src/stm32f4xx_hal_msp.c **** 
  75:Core/Src/stm32f4xx_hal_msp.c ****   /* USER CODE BEGIN MspInit 1 */
  76:Core/Src/stm32f4xx_hal_msp.c **** 
  77:Core/Src/stm32f4xx_hal_msp.c ****   /* USER CODE END MspInit 1 */
  78:Core/Src/stm32f4xx_hal_msp.c **** }
  71              		.loc 1 78 1 is_stmt 0 view .LVU13
  72 002e 02B0     		add	sp, sp, #8
  73              	.LCFI1:
  74              		.cfi_def_cfa_offset 0
  75              		@ sp needed
  76 0030 7047     		bx	lr
  77              	.L4:
  78 0032 00BF     		.align	2
  79              	.L3:
  80 0034 00380240 		.word	1073887232
  81              		.cfi_endproc
  82              	.LFE130:
  84              		.section	.text.HAL_RTC_MspInit,"ax",%progbits
  85              		.align	1
  86              		.global	HAL_RTC_MspInit
  87              		.syntax unified
  88              		.thumb
  89              		.thumb_func
  90              		.fpu fpv4-sp-d16
  92              	HAL_RTC_MspInit:
  93              	.LVL0:
  94              	.LFB131:
  79:Core/Src/stm32f4xx_hal_msp.c **** 
  80:Core/Src/stm32f4xx_hal_msp.c **** /**
ARM GAS  C:\Users\user\AppData\Local\Temp\cc0xC6Nw.s 			page 4


  81:Core/Src/stm32f4xx_hal_msp.c **** * @brief RTC MSP Initialization
  82:Core/Src/stm32f4xx_hal_msp.c **** * This function configures the hardware resources used in this example
  83:Core/Src/stm32f4xx_hal_msp.c **** * @param hrtc: RTC handle pointer
  84:Core/Src/stm32f4xx_hal_msp.c **** * @retval None
  85:Core/Src/stm32f4xx_hal_msp.c **** */
  86:Core/Src/stm32f4xx_hal_msp.c **** void HAL_RTC_MspInit(RTC_HandleTypeDef* hrtc)
  87:Core/Src/stm32f4xx_hal_msp.c **** {
  95              		.loc 1 87 1 is_stmt 1 view -0
  96              		.cfi_startproc
  97              		@ args = 0, pretend = 0, frame = 16
  98              		@ frame_needed = 0, uses_anonymous_args = 0
  99              		.loc 1 87 1 is_stmt 0 view .LVU15
 100 0000 00B5     		push	{lr}
 101              	.LCFI2:
 102              		.cfi_def_cfa_offset 4
 103              		.cfi_offset 14, -4
 104 0002 85B0     		sub	sp, sp, #20
 105              	.LCFI3:
 106              		.cfi_def_cfa_offset 24
  88:Core/Src/stm32f4xx_hal_msp.c ****   RCC_PeriphCLKInitTypeDef PeriphClkInitStruct = {0};
 107              		.loc 1 88 3 is_stmt 1 view .LVU16
 108              		.loc 1 88 28 is_stmt 0 view .LVU17
 109 0004 0023     		movs	r3, #0
 110 0006 0093     		str	r3, [sp]
 111 0008 0193     		str	r3, [sp, #4]
 112 000a 0293     		str	r3, [sp, #8]
 113 000c 0393     		str	r3, [sp, #12]
  89:Core/Src/stm32f4xx_hal_msp.c ****   if(hrtc->Instance==RTC)
 114              		.loc 1 89 3 is_stmt 1 view .LVU18
 115              		.loc 1 89 10 is_stmt 0 view .LVU19
 116 000e 0268     		ldr	r2, [r0]
 117              		.loc 1 89 5 view .LVU20
 118 0010 0B4B     		ldr	r3, .L11
 119 0012 9A42     		cmp	r2, r3
 120 0014 02D0     		beq	.L9
 121              	.LVL1:
 122              	.L5:
  90:Core/Src/stm32f4xx_hal_msp.c ****   {
  91:Core/Src/stm32f4xx_hal_msp.c ****   /* USER CODE BEGIN RTC_MspInit 0 */
  92:Core/Src/stm32f4xx_hal_msp.c **** 
  93:Core/Src/stm32f4xx_hal_msp.c ****   /* USER CODE END RTC_MspInit 0 */
  94:Core/Src/stm32f4xx_hal_msp.c ****   /** Initializes the peripherals clock
  95:Core/Src/stm32f4xx_hal_msp.c ****   */
  96:Core/Src/stm32f4xx_hal_msp.c ****     PeriphClkInitStruct.PeriphClockSelection = RCC_PERIPHCLK_RTC;
  97:Core/Src/stm32f4xx_hal_msp.c ****     PeriphClkInitStruct.RTCClockSelection = RCC_RTCCLKSOURCE_LSI;
  98:Core/Src/stm32f4xx_hal_msp.c ****     if (HAL_RCCEx_PeriphCLKConfig(&PeriphClkInitStruct) != HAL_OK)
  99:Core/Src/stm32f4xx_hal_msp.c ****     {
 100:Core/Src/stm32f4xx_hal_msp.c ****       Error_Handler();
 101:Core/Src/stm32f4xx_hal_msp.c ****     }
 102:Core/Src/stm32f4xx_hal_msp.c **** 
 103:Core/Src/stm32f4xx_hal_msp.c ****     /* Peripheral clock enable */
 104:Core/Src/stm32f4xx_hal_msp.c ****     __HAL_RCC_RTC_ENABLE();
 105:Core/Src/stm32f4xx_hal_msp.c ****   /* USER CODE BEGIN RTC_MspInit 1 */
 106:Core/Src/stm32f4xx_hal_msp.c **** 
 107:Core/Src/stm32f4xx_hal_msp.c ****   /* USER CODE END RTC_MspInit 1 */
 108:Core/Src/stm32f4xx_hal_msp.c ****   }
 109:Core/Src/stm32f4xx_hal_msp.c **** 
ARM GAS  C:\Users\user\AppData\Local\Temp\cc0xC6Nw.s 			page 5


 110:Core/Src/stm32f4xx_hal_msp.c **** }
 123              		.loc 1 110 1 view .LVU21
 124 0016 05B0     		add	sp, sp, #20
 125              	.LCFI4:
 126              		.cfi_remember_state
 127              		.cfi_def_cfa_offset 4
 128              		@ sp needed
 129 0018 5DF804FB 		ldr	pc, [sp], #4
 130              	.LVL2:
 131              	.L9:
 132              	.LCFI5:
 133              		.cfi_restore_state
  96:Core/Src/stm32f4xx_hal_msp.c ****     PeriphClkInitStruct.RTCClockSelection = RCC_RTCCLKSOURCE_LSI;
 134              		.loc 1 96 5 is_stmt 1 view .LVU22
  96:Core/Src/stm32f4xx_hal_msp.c ****     PeriphClkInitStruct.RTCClockSelection = RCC_RTCCLKSOURCE_LSI;
 135              		.loc 1 96 46 is_stmt 0 view .LVU23
 136 001c 0223     		movs	r3, #2
 137 001e 0093     		str	r3, [sp]
  97:Core/Src/stm32f4xx_hal_msp.c ****     if (HAL_RCCEx_PeriphCLKConfig(&PeriphClkInitStruct) != HAL_OK)
 138              		.loc 1 97 5 is_stmt 1 view .LVU24
  97:Core/Src/stm32f4xx_hal_msp.c ****     if (HAL_RCCEx_PeriphCLKConfig(&PeriphClkInitStruct) != HAL_OK)
 139              		.loc 1 97 43 is_stmt 0 view .LVU25
 140 0020 4FF40073 		mov	r3, #512
 141 0024 0393     		str	r3, [sp, #12]
  98:Core/Src/stm32f4xx_hal_msp.c ****     {
 142              		.loc 1 98 5 is_stmt 1 view .LVU26
  98:Core/Src/stm32f4xx_hal_msp.c ****     {
 143              		.loc 1 98 9 is_stmt 0 view .LVU27
 144 0026 6846     		mov	r0, sp
 145              	.LVL3:
  98:Core/Src/stm32f4xx_hal_msp.c ****     {
 146              		.loc 1 98 9 view .LVU28
 147 0028 FFF7FEFF 		bl	HAL_RCCEx_PeriphCLKConfig
 148              	.LVL4:
  98:Core/Src/stm32f4xx_hal_msp.c ****     {
 149              		.loc 1 98 8 view .LVU29
 150 002c 20B9     		cbnz	r0, .L10
 151              	.L7:
 104:Core/Src/stm32f4xx_hal_msp.c ****   /* USER CODE BEGIN RTC_MspInit 1 */
 152              		.loc 1 104 5 is_stmt 1 view .LVU30
 153 002e 054B     		ldr	r3, .L11+4
 154 0030 0122     		movs	r2, #1
 155 0032 C3F83C2E 		str	r2, [r3, #3644]
 156              		.loc 1 110 1 is_stmt 0 view .LVU31
 157 0036 EEE7     		b	.L5
 158              	.L10:
 100:Core/Src/stm32f4xx_hal_msp.c ****     }
 159              		.loc 1 100 7 is_stmt 1 view .LVU32
 160 0038 FFF7FEFF 		bl	Error_Handler
 161              	.LVL5:
 162 003c F7E7     		b	.L7
 163              	.L12:
 164 003e 00BF     		.align	2
 165              	.L11:
 166 0040 00280040 		.word	1073752064
 167 0044 00004742 		.word	1111949312
 168              		.cfi_endproc
ARM GAS  C:\Users\user\AppData\Local\Temp\cc0xC6Nw.s 			page 6


 169              	.LFE131:
 171              		.section	.text.HAL_RTC_MspDeInit,"ax",%progbits
 172              		.align	1
 173              		.global	HAL_RTC_MspDeInit
 174              		.syntax unified
 175              		.thumb
 176              		.thumb_func
 177              		.fpu fpv4-sp-d16
 179              	HAL_RTC_MspDeInit:
 180              	.LVL6:
 181              	.LFB132:
 111:Core/Src/stm32f4xx_hal_msp.c **** 
 112:Core/Src/stm32f4xx_hal_msp.c **** /**
 113:Core/Src/stm32f4xx_hal_msp.c **** * @brief RTC MSP De-Initialization
 114:Core/Src/stm32f4xx_hal_msp.c **** * This function freeze the hardware resources used in this example
 115:Core/Src/stm32f4xx_hal_msp.c **** * @param hrtc: RTC handle pointer
 116:Core/Src/stm32f4xx_hal_msp.c **** * @retval None
 117:Core/Src/stm32f4xx_hal_msp.c **** */
 118:Core/Src/stm32f4xx_hal_msp.c **** void HAL_RTC_MspDeInit(RTC_HandleTypeDef* hrtc)
 119:Core/Src/stm32f4xx_hal_msp.c **** {
 182              		.loc 1 119 1 view -0
 183              		.cfi_startproc
 184              		@ args = 0, pretend = 0, frame = 0
 185              		@ frame_needed = 0, uses_anonymous_args = 0
 186              		@ link register save eliminated.
 120:Core/Src/stm32f4xx_hal_msp.c ****   if(hrtc->Instance==RTC)
 187              		.loc 1 120 3 view .LVU34
 188              		.loc 1 120 10 is_stmt 0 view .LVU35
 189 0000 0268     		ldr	r2, [r0]
 190              		.loc 1 120 5 view .LVU36
 191 0002 044B     		ldr	r3, .L16
 192 0004 9A42     		cmp	r2, r3
 193 0006 00D0     		beq	.L15
 194              	.L13:
 121:Core/Src/stm32f4xx_hal_msp.c ****   {
 122:Core/Src/stm32f4xx_hal_msp.c ****   /* USER CODE BEGIN RTC_MspDeInit 0 */
 123:Core/Src/stm32f4xx_hal_msp.c **** 
 124:Core/Src/stm32f4xx_hal_msp.c ****   /* USER CODE END RTC_MspDeInit 0 */
 125:Core/Src/stm32f4xx_hal_msp.c ****     /* Peripheral clock disable */
 126:Core/Src/stm32f4xx_hal_msp.c ****     __HAL_RCC_RTC_DISABLE();
 127:Core/Src/stm32f4xx_hal_msp.c ****   /* USER CODE BEGIN RTC_MspDeInit 1 */
 128:Core/Src/stm32f4xx_hal_msp.c **** 
 129:Core/Src/stm32f4xx_hal_msp.c ****   /* USER CODE END RTC_MspDeInit 1 */
 130:Core/Src/stm32f4xx_hal_msp.c ****   }
 131:Core/Src/stm32f4xx_hal_msp.c **** 
 132:Core/Src/stm32f4xx_hal_msp.c **** }
 195              		.loc 1 132 1 view .LVU37
 196 0008 7047     		bx	lr
 197              	.L15:
 126:Core/Src/stm32f4xx_hal_msp.c ****   /* USER CODE BEGIN RTC_MspDeInit 1 */
 198              		.loc 1 126 5 is_stmt 1 view .LVU38
 199 000a 034B     		ldr	r3, .L16+4
 200 000c 0022     		movs	r2, #0
 201 000e C3F83C2E 		str	r2, [r3, #3644]
 202              		.loc 1 132 1 is_stmt 0 view .LVU39
 203 0012 F9E7     		b	.L13
 204              	.L17:
ARM GAS  C:\Users\user\AppData\Local\Temp\cc0xC6Nw.s 			page 7


 205              		.align	2
 206              	.L16:
 207 0014 00280040 		.word	1073752064
 208 0018 00004742 		.word	1111949312
 209              		.cfi_endproc
 210              	.LFE132:
 212              		.section	.text.HAL_UART_MspInit,"ax",%progbits
 213              		.align	1
 214              		.global	HAL_UART_MspInit
 215              		.syntax unified
 216              		.thumb
 217              		.thumb_func
 218              		.fpu fpv4-sp-d16
 220              	HAL_UART_MspInit:
 221              	.LVL7:
 222              	.LFB133:
 133:Core/Src/stm32f4xx_hal_msp.c **** 
 134:Core/Src/stm32f4xx_hal_msp.c **** /**
 135:Core/Src/stm32f4xx_hal_msp.c **** * @brief UART MSP Initialization
 136:Core/Src/stm32f4xx_hal_msp.c **** * This function configures the hardware resources used in this example
 137:Core/Src/stm32f4xx_hal_msp.c **** * @param huart: UART handle pointer
 138:Core/Src/stm32f4xx_hal_msp.c **** * @retval None
 139:Core/Src/stm32f4xx_hal_msp.c **** */
 140:Core/Src/stm32f4xx_hal_msp.c **** void HAL_UART_MspInit(UART_HandleTypeDef* huart)
 141:Core/Src/stm32f4xx_hal_msp.c **** {
 223              		.loc 1 141 1 is_stmt 1 view -0
 224              		.cfi_startproc
 225              		@ args = 0, pretend = 0, frame = 40
 226              		@ frame_needed = 0, uses_anonymous_args = 0
 227              		.loc 1 141 1 is_stmt 0 view .LVU41
 228 0000 00B5     		push	{lr}
 229              	.LCFI6:
 230              		.cfi_def_cfa_offset 4
 231              		.cfi_offset 14, -4
 232 0002 8BB0     		sub	sp, sp, #44
 233              	.LCFI7:
 234              		.cfi_def_cfa_offset 48
 142:Core/Src/stm32f4xx_hal_msp.c ****   GPIO_InitTypeDef GPIO_InitStruct = {0};
 235              		.loc 1 142 3 is_stmt 1 view .LVU42
 236              		.loc 1 142 20 is_stmt 0 view .LVU43
 237 0004 0023     		movs	r3, #0
 238 0006 0593     		str	r3, [sp, #20]
 239 0008 0693     		str	r3, [sp, #24]
 240 000a 0793     		str	r3, [sp, #28]
 241 000c 0893     		str	r3, [sp, #32]
 242 000e 0993     		str	r3, [sp, #36]
 143:Core/Src/stm32f4xx_hal_msp.c ****   if(huart->Instance==USART1)
 243              		.loc 1 143 3 is_stmt 1 view .LVU44
 244              		.loc 1 143 11 is_stmt 0 view .LVU45
 245 0010 0368     		ldr	r3, [r0]
 246              		.loc 1 143 5 view .LVU46
 247 0012 284A     		ldr	r2, .L24
 248 0014 9342     		cmp	r3, r2
 249 0016 05D0     		beq	.L22
 144:Core/Src/stm32f4xx_hal_msp.c ****   {
 145:Core/Src/stm32f4xx_hal_msp.c ****   /* USER CODE BEGIN USART1_MspInit 0 */
 146:Core/Src/stm32f4xx_hal_msp.c **** 
ARM GAS  C:\Users\user\AppData\Local\Temp\cc0xC6Nw.s 			page 8


 147:Core/Src/stm32f4xx_hal_msp.c ****   /* USER CODE END USART1_MspInit 0 */
 148:Core/Src/stm32f4xx_hal_msp.c ****     /* Peripheral clock enable */
 149:Core/Src/stm32f4xx_hal_msp.c ****     __HAL_RCC_USART1_CLK_ENABLE();
 150:Core/Src/stm32f4xx_hal_msp.c **** 
 151:Core/Src/stm32f4xx_hal_msp.c ****     __HAL_RCC_GPIOA_CLK_ENABLE();
 152:Core/Src/stm32f4xx_hal_msp.c ****     /**USART1 GPIO Configuration
 153:Core/Src/stm32f4xx_hal_msp.c ****     PA9     ------> USART1_TX
 154:Core/Src/stm32f4xx_hal_msp.c ****     PA10     ------> USART1_RX
 155:Core/Src/stm32f4xx_hal_msp.c ****     */
 156:Core/Src/stm32f4xx_hal_msp.c ****     GPIO_InitStruct.Pin = GPIO_PIN_9|GPIO_PIN_10;
 157:Core/Src/stm32f4xx_hal_msp.c ****     GPIO_InitStruct.Mode = GPIO_MODE_AF_PP;
 158:Core/Src/stm32f4xx_hal_msp.c ****     GPIO_InitStruct.Pull = GPIO_NOPULL;
 159:Core/Src/stm32f4xx_hal_msp.c ****     GPIO_InitStruct.Speed = GPIO_SPEED_FREQ_VERY_HIGH;
 160:Core/Src/stm32f4xx_hal_msp.c ****     GPIO_InitStruct.Alternate = GPIO_AF7_USART1;
 161:Core/Src/stm32f4xx_hal_msp.c ****     HAL_GPIO_Init(GPIOA, &GPIO_InitStruct);
 162:Core/Src/stm32f4xx_hal_msp.c **** 
 163:Core/Src/stm32f4xx_hal_msp.c ****   /* USER CODE BEGIN USART1_MspInit 1 */
 164:Core/Src/stm32f4xx_hal_msp.c **** 
 165:Core/Src/stm32f4xx_hal_msp.c ****   /* USER CODE END USART1_MspInit 1 */
 166:Core/Src/stm32f4xx_hal_msp.c ****   }
 167:Core/Src/stm32f4xx_hal_msp.c ****   else if(huart->Instance==USART2)
 250              		.loc 1 167 8 is_stmt 1 view .LVU47
 251              		.loc 1 167 10 is_stmt 0 view .LVU48
 252 0018 274A     		ldr	r2, .L24+4
 253 001a 9342     		cmp	r3, r2
 254 001c 26D0     		beq	.L23
 255              	.LVL8:
 256              	.L18:
 168:Core/Src/stm32f4xx_hal_msp.c ****   {
 169:Core/Src/stm32f4xx_hal_msp.c ****   /* USER CODE BEGIN USART2_MspInit 0 */
 170:Core/Src/stm32f4xx_hal_msp.c **** 
 171:Core/Src/stm32f4xx_hal_msp.c ****   /* USER CODE END USART2_MspInit 0 */
 172:Core/Src/stm32f4xx_hal_msp.c ****     /* Peripheral clock enable */
 173:Core/Src/stm32f4xx_hal_msp.c ****     __HAL_RCC_USART2_CLK_ENABLE();
 174:Core/Src/stm32f4xx_hal_msp.c **** 
 175:Core/Src/stm32f4xx_hal_msp.c ****     __HAL_RCC_GPIOA_CLK_ENABLE();
 176:Core/Src/stm32f4xx_hal_msp.c ****     /**USART2 GPIO Configuration
 177:Core/Src/stm32f4xx_hal_msp.c ****     PA2     ------> USART2_TX
 178:Core/Src/stm32f4xx_hal_msp.c ****     PA3     ------> USART2_RX
 179:Core/Src/stm32f4xx_hal_msp.c ****     */
 180:Core/Src/stm32f4xx_hal_msp.c ****     GPIO_InitStruct.Pin = GPIO_PIN_2|GPIO_PIN_3;
 181:Core/Src/stm32f4xx_hal_msp.c ****     GPIO_InitStruct.Mode = GPIO_MODE_AF_PP;
 182:Core/Src/stm32f4xx_hal_msp.c ****     GPIO_InitStruct.Pull = GPIO_NOPULL;
 183:Core/Src/stm32f4xx_hal_msp.c ****     GPIO_InitStruct.Speed = GPIO_SPEED_FREQ_VERY_HIGH;
 184:Core/Src/stm32f4xx_hal_msp.c ****     GPIO_InitStruct.Alternate = GPIO_AF7_USART2;
 185:Core/Src/stm32f4xx_hal_msp.c ****     HAL_GPIO_Init(GPIOA, &GPIO_InitStruct);
 186:Core/Src/stm32f4xx_hal_msp.c **** 
 187:Core/Src/stm32f4xx_hal_msp.c ****   /* USER CODE BEGIN USART2_MspInit 1 */
 188:Core/Src/stm32f4xx_hal_msp.c **** 
 189:Core/Src/stm32f4xx_hal_msp.c ****   /* USER CODE END USART2_MspInit 1 */
 190:Core/Src/stm32f4xx_hal_msp.c ****   }
 191:Core/Src/stm32f4xx_hal_msp.c **** 
 192:Core/Src/stm32f4xx_hal_msp.c **** }
 257              		.loc 1 192 1 view .LVU49
 258 001e 0BB0     		add	sp, sp, #44
 259              	.LCFI8:
 260              		.cfi_remember_state
ARM GAS  C:\Users\user\AppData\Local\Temp\cc0xC6Nw.s 			page 9


 261              		.cfi_def_cfa_offset 4
 262              		@ sp needed
 263 0020 5DF804FB 		ldr	pc, [sp], #4
 264              	.LVL9:
 265              	.L22:
 266              	.LCFI9:
 267              		.cfi_restore_state
 149:Core/Src/stm32f4xx_hal_msp.c **** 
 268              		.loc 1 149 5 is_stmt 1 view .LVU50
 269              	.LBB4:
 149:Core/Src/stm32f4xx_hal_msp.c **** 
 270              		.loc 1 149 5 view .LVU51
 271 0024 0021     		movs	r1, #0
 272 0026 0191     		str	r1, [sp, #4]
 149:Core/Src/stm32f4xx_hal_msp.c **** 
 273              		.loc 1 149 5 view .LVU52
 274 0028 244B     		ldr	r3, .L24+8
 275 002a 5A6C     		ldr	r2, [r3, #68]
 276 002c 42F01002 		orr	r2, r2, #16
 277 0030 5A64     		str	r2, [r3, #68]
 149:Core/Src/stm32f4xx_hal_msp.c **** 
 278              		.loc 1 149 5 view .LVU53
 279 0032 5A6C     		ldr	r2, [r3, #68]
 280 0034 02F01002 		and	r2, r2, #16
 281 0038 0192     		str	r2, [sp, #4]
 149:Core/Src/stm32f4xx_hal_msp.c **** 
 282              		.loc 1 149 5 view .LVU54
 283 003a 019A     		ldr	r2, [sp, #4]
 284              	.LBE4:
 149:Core/Src/stm32f4xx_hal_msp.c **** 
 285              		.loc 1 149 5 view .LVU55
 151:Core/Src/stm32f4xx_hal_msp.c ****     /**USART1 GPIO Configuration
 286              		.loc 1 151 5 view .LVU56
 287              	.LBB5:
 151:Core/Src/stm32f4xx_hal_msp.c ****     /**USART1 GPIO Configuration
 288              		.loc 1 151 5 view .LVU57
 289 003c 0291     		str	r1, [sp, #8]
 151:Core/Src/stm32f4xx_hal_msp.c ****     /**USART1 GPIO Configuration
 290              		.loc 1 151 5 view .LVU58
 291 003e 1A6B     		ldr	r2, [r3, #48]
 292 0040 42F00102 		orr	r2, r2, #1
 293 0044 1A63     		str	r2, [r3, #48]
 151:Core/Src/stm32f4xx_hal_msp.c ****     /**USART1 GPIO Configuration
 294              		.loc 1 151 5 view .LVU59
 295 0046 1B6B     		ldr	r3, [r3, #48]
 296 0048 03F00103 		and	r3, r3, #1
 297 004c 0293     		str	r3, [sp, #8]
 151:Core/Src/stm32f4xx_hal_msp.c ****     /**USART1 GPIO Configuration
 298              		.loc 1 151 5 view .LVU60
 299 004e 029B     		ldr	r3, [sp, #8]
 300              	.LBE5:
 151:Core/Src/stm32f4xx_hal_msp.c ****     /**USART1 GPIO Configuration
 301              		.loc 1 151 5 view .LVU61
 156:Core/Src/stm32f4xx_hal_msp.c ****     GPIO_InitStruct.Mode = GPIO_MODE_AF_PP;
 302              		.loc 1 156 5 view .LVU62
 156:Core/Src/stm32f4xx_hal_msp.c ****     GPIO_InitStruct.Mode = GPIO_MODE_AF_PP;
 303              		.loc 1 156 25 is_stmt 0 view .LVU63
ARM GAS  C:\Users\user\AppData\Local\Temp\cc0xC6Nw.s 			page 10


 304 0050 4FF4C063 		mov	r3, #1536
 305 0054 0593     		str	r3, [sp, #20]
 157:Core/Src/stm32f4xx_hal_msp.c ****     GPIO_InitStruct.Pull = GPIO_NOPULL;
 306              		.loc 1 157 5 is_stmt 1 view .LVU64
 157:Core/Src/stm32f4xx_hal_msp.c ****     GPIO_InitStruct.Pull = GPIO_NOPULL;
 307              		.loc 1 157 26 is_stmt 0 view .LVU65
 308 0056 0223     		movs	r3, #2
 309 0058 0693     		str	r3, [sp, #24]
 158:Core/Src/stm32f4xx_hal_msp.c ****     GPIO_InitStruct.Speed = GPIO_SPEED_FREQ_VERY_HIGH;
 310              		.loc 1 158 5 is_stmt 1 view .LVU66
 159:Core/Src/stm32f4xx_hal_msp.c ****     GPIO_InitStruct.Alternate = GPIO_AF7_USART1;
 311              		.loc 1 159 5 view .LVU67
 159:Core/Src/stm32f4xx_hal_msp.c ****     GPIO_InitStruct.Alternate = GPIO_AF7_USART1;
 312              		.loc 1 159 27 is_stmt 0 view .LVU68
 313 005a 0323     		movs	r3, #3
 314 005c 0893     		str	r3, [sp, #32]
 160:Core/Src/stm32f4xx_hal_msp.c ****     HAL_GPIO_Init(GPIOA, &GPIO_InitStruct);
 315              		.loc 1 160 5 is_stmt 1 view .LVU69
 160:Core/Src/stm32f4xx_hal_msp.c ****     HAL_GPIO_Init(GPIOA, &GPIO_InitStruct);
 316              		.loc 1 160 31 is_stmt 0 view .LVU70
 317 005e 0723     		movs	r3, #7
 318 0060 0993     		str	r3, [sp, #36]
 161:Core/Src/stm32f4xx_hal_msp.c **** 
 319              		.loc 1 161 5 is_stmt 1 view .LVU71
 320 0062 05A9     		add	r1, sp, #20
 321 0064 1648     		ldr	r0, .L24+12
 322              	.LVL10:
 161:Core/Src/stm32f4xx_hal_msp.c **** 
 323              		.loc 1 161 5 is_stmt 0 view .LVU72
 324 0066 FFF7FEFF 		bl	HAL_GPIO_Init
 325              	.LVL11:
 326 006a D8E7     		b	.L18
 327              	.LVL12:
 328              	.L23:
 173:Core/Src/stm32f4xx_hal_msp.c **** 
 329              		.loc 1 173 5 is_stmt 1 view .LVU73
 330              	.LBB6:
 173:Core/Src/stm32f4xx_hal_msp.c **** 
 331              		.loc 1 173 5 view .LVU74
 332 006c 0021     		movs	r1, #0
 333 006e 0391     		str	r1, [sp, #12]
 173:Core/Src/stm32f4xx_hal_msp.c **** 
 334              		.loc 1 173 5 view .LVU75
 335 0070 124B     		ldr	r3, .L24+8
 336 0072 1A6C     		ldr	r2, [r3, #64]
 337 0074 42F40032 		orr	r2, r2, #131072
 338 0078 1A64     		str	r2, [r3, #64]
 173:Core/Src/stm32f4xx_hal_msp.c **** 
 339              		.loc 1 173 5 view .LVU76
 340 007a 1A6C     		ldr	r2, [r3, #64]
 341 007c 02F40032 		and	r2, r2, #131072
 342 0080 0392     		str	r2, [sp, #12]
 173:Core/Src/stm32f4xx_hal_msp.c **** 
 343              		.loc 1 173 5 view .LVU77
 344 0082 039A     		ldr	r2, [sp, #12]
 345              	.LBE6:
 173:Core/Src/stm32f4xx_hal_msp.c **** 
ARM GAS  C:\Users\user\AppData\Local\Temp\cc0xC6Nw.s 			page 11


 346              		.loc 1 173 5 view .LVU78
 175:Core/Src/stm32f4xx_hal_msp.c ****     /**USART2 GPIO Configuration
 347              		.loc 1 175 5 view .LVU79
 348              	.LBB7:
 175:Core/Src/stm32f4xx_hal_msp.c ****     /**USART2 GPIO Configuration
 349              		.loc 1 175 5 view .LVU80
 350 0084 0491     		str	r1, [sp, #16]
 175:Core/Src/stm32f4xx_hal_msp.c ****     /**USART2 GPIO Configuration
 351              		.loc 1 175 5 view .LVU81
 352 0086 1A6B     		ldr	r2, [r3, #48]
 353 0088 42F00102 		orr	r2, r2, #1
 354 008c 1A63     		str	r2, [r3, #48]
 175:Core/Src/stm32f4xx_hal_msp.c ****     /**USART2 GPIO Configuration
 355              		.loc 1 175 5 view .LVU82
 356 008e 1B6B     		ldr	r3, [r3, #48]
 357 0090 03F00103 		and	r3, r3, #1
 358 0094 0493     		str	r3, [sp, #16]
 175:Core/Src/stm32f4xx_hal_msp.c ****     /**USART2 GPIO Configuration
 359              		.loc 1 175 5 view .LVU83
 360 0096 049B     		ldr	r3, [sp, #16]
 361              	.LBE7:
 175:Core/Src/stm32f4xx_hal_msp.c ****     /**USART2 GPIO Configuration
 362              		.loc 1 175 5 view .LVU84
 180:Core/Src/stm32f4xx_hal_msp.c ****     GPIO_InitStruct.Mode = GPIO_MODE_AF_PP;
 363              		.loc 1 180 5 view .LVU85
 180:Core/Src/stm32f4xx_hal_msp.c ****     GPIO_InitStruct.Mode = GPIO_MODE_AF_PP;
 364              		.loc 1 180 25 is_stmt 0 view .LVU86
 365 0098 0C23     		movs	r3, #12
 366 009a 0593     		str	r3, [sp, #20]
 181:Core/Src/stm32f4xx_hal_msp.c ****     GPIO_InitStruct.Pull = GPIO_NOPULL;
 367              		.loc 1 181 5 is_stmt 1 view .LVU87
 181:Core/Src/stm32f4xx_hal_msp.c ****     GPIO_InitStruct.Pull = GPIO_NOPULL;
 368              		.loc 1 181 26 is_stmt 0 view .LVU88
 369 009c 0223     		movs	r3, #2
 370 009e 0693     		str	r3, [sp, #24]
 182:Core/Src/stm32f4xx_hal_msp.c ****     GPIO_InitStruct.Speed = GPIO_SPEED_FREQ_VERY_HIGH;
 371              		.loc 1 182 5 is_stmt 1 view .LVU89
 183:Core/Src/stm32f4xx_hal_msp.c ****     GPIO_InitStruct.Alternate = GPIO_AF7_USART2;
 372              		.loc 1 183 5 view .LVU90
 183:Core/Src/stm32f4xx_hal_msp.c ****     GPIO_InitStruct.Alternate = GPIO_AF7_USART2;
 373              		.loc 1 183 27 is_stmt 0 view .LVU91
 374 00a0 0323     		movs	r3, #3
 375 00a2 0893     		str	r3, [sp, #32]
 184:Core/Src/stm32f4xx_hal_msp.c ****     HAL_GPIO_Init(GPIOA, &GPIO_InitStruct);
 376              		.loc 1 184 5 is_stmt 1 view .LVU92
 184:Core/Src/stm32f4xx_hal_msp.c ****     HAL_GPIO_Init(GPIOA, &GPIO_InitStruct);
 377              		.loc 1 184 31 is_stmt 0 view .LVU93
 378 00a4 0723     		movs	r3, #7
 379 00a6 0993     		str	r3, [sp, #36]
 185:Core/Src/stm32f4xx_hal_msp.c **** 
 380              		.loc 1 185 5 is_stmt 1 view .LVU94
 381 00a8 05A9     		add	r1, sp, #20
 382 00aa 0548     		ldr	r0, .L24+12
 383              	.LVL13:
 185:Core/Src/stm32f4xx_hal_msp.c **** 
 384              		.loc 1 185 5 is_stmt 0 view .LVU95
 385 00ac FFF7FEFF 		bl	HAL_GPIO_Init
ARM GAS  C:\Users\user\AppData\Local\Temp\cc0xC6Nw.s 			page 12


 386              	.LVL14:
 387              		.loc 1 192 1 view .LVU96
 388 00b0 B5E7     		b	.L18
 389              	.L25:
 390 00b2 00BF     		.align	2
 391              	.L24:
 392 00b4 00100140 		.word	1073811456
 393 00b8 00440040 		.word	1073759232
 394 00bc 00380240 		.word	1073887232
 395 00c0 00000240 		.word	1073872896
 396              		.cfi_endproc
 397              	.LFE133:
 399              		.section	.text.HAL_UART_MspDeInit,"ax",%progbits
 400              		.align	1
 401              		.global	HAL_UART_MspDeInit
 402              		.syntax unified
 403              		.thumb
 404              		.thumb_func
 405              		.fpu fpv4-sp-d16
 407              	HAL_UART_MspDeInit:
 408              	.LVL15:
 409              	.LFB134:
 193:Core/Src/stm32f4xx_hal_msp.c **** 
 194:Core/Src/stm32f4xx_hal_msp.c **** /**
 195:Core/Src/stm32f4xx_hal_msp.c **** * @brief UART MSP De-Initialization
 196:Core/Src/stm32f4xx_hal_msp.c **** * This function freeze the hardware resources used in this example
 197:Core/Src/stm32f4xx_hal_msp.c **** * @param huart: UART handle pointer
 198:Core/Src/stm32f4xx_hal_msp.c **** * @retval None
 199:Core/Src/stm32f4xx_hal_msp.c **** */
 200:Core/Src/stm32f4xx_hal_msp.c **** void HAL_UART_MspDeInit(UART_HandleTypeDef* huart)
 201:Core/Src/stm32f4xx_hal_msp.c **** {
 410              		.loc 1 201 1 is_stmt 1 view -0
 411              		.cfi_startproc
 412              		@ args = 0, pretend = 0, frame = 0
 413              		@ frame_needed = 0, uses_anonymous_args = 0
 414              		.loc 1 201 1 is_stmt 0 view .LVU98
 415 0000 08B5     		push	{r3, lr}
 416              	.LCFI10:
 417              		.cfi_def_cfa_offset 8
 418              		.cfi_offset 3, -8
 419              		.cfi_offset 14, -4
 202:Core/Src/stm32f4xx_hal_msp.c ****   if(huart->Instance==USART1)
 420              		.loc 1 202 3 is_stmt 1 view .LVU99
 421              		.loc 1 202 11 is_stmt 0 view .LVU100
 422 0002 0368     		ldr	r3, [r0]
 423              		.loc 1 202 5 view .LVU101
 424 0004 0E4A     		ldr	r2, .L32
 425 0006 9342     		cmp	r3, r2
 426 0008 03D0     		beq	.L30
 203:Core/Src/stm32f4xx_hal_msp.c ****   {
 204:Core/Src/stm32f4xx_hal_msp.c ****   /* USER CODE BEGIN USART1_MspDeInit 0 */
 205:Core/Src/stm32f4xx_hal_msp.c **** 
 206:Core/Src/stm32f4xx_hal_msp.c ****   /* USER CODE END USART1_MspDeInit 0 */
 207:Core/Src/stm32f4xx_hal_msp.c ****     /* Peripheral clock disable */
 208:Core/Src/stm32f4xx_hal_msp.c ****     __HAL_RCC_USART1_CLK_DISABLE();
 209:Core/Src/stm32f4xx_hal_msp.c **** 
 210:Core/Src/stm32f4xx_hal_msp.c ****     /**USART1 GPIO Configuration
ARM GAS  C:\Users\user\AppData\Local\Temp\cc0xC6Nw.s 			page 13


 211:Core/Src/stm32f4xx_hal_msp.c ****     PA9     ------> USART1_TX
 212:Core/Src/stm32f4xx_hal_msp.c ****     PA10     ------> USART1_RX
 213:Core/Src/stm32f4xx_hal_msp.c ****     */
 214:Core/Src/stm32f4xx_hal_msp.c ****     HAL_GPIO_DeInit(GPIOA, GPIO_PIN_9|GPIO_PIN_10);
 215:Core/Src/stm32f4xx_hal_msp.c **** 
 216:Core/Src/stm32f4xx_hal_msp.c ****   /* USER CODE BEGIN USART1_MspDeInit 1 */
 217:Core/Src/stm32f4xx_hal_msp.c **** 
 218:Core/Src/stm32f4xx_hal_msp.c ****   /* USER CODE END USART1_MspDeInit 1 */
 219:Core/Src/stm32f4xx_hal_msp.c ****   }
 220:Core/Src/stm32f4xx_hal_msp.c ****   else if(huart->Instance==USART2)
 427              		.loc 1 220 8 is_stmt 1 view .LVU102
 428              		.loc 1 220 10 is_stmt 0 view .LVU103
 429 000a 0E4A     		ldr	r2, .L32+4
 430 000c 9342     		cmp	r3, r2
 431 000e 0CD0     		beq	.L31
 432              	.LVL16:
 433              	.L26:
 221:Core/Src/stm32f4xx_hal_msp.c ****   {
 222:Core/Src/stm32f4xx_hal_msp.c ****   /* USER CODE BEGIN USART2_MspDeInit 0 */
 223:Core/Src/stm32f4xx_hal_msp.c **** 
 224:Core/Src/stm32f4xx_hal_msp.c ****   /* USER CODE END USART2_MspDeInit 0 */
 225:Core/Src/stm32f4xx_hal_msp.c ****     /* Peripheral clock disable */
 226:Core/Src/stm32f4xx_hal_msp.c ****     __HAL_RCC_USART2_CLK_DISABLE();
 227:Core/Src/stm32f4xx_hal_msp.c **** 
 228:Core/Src/stm32f4xx_hal_msp.c ****     /**USART2 GPIO Configuration
 229:Core/Src/stm32f4xx_hal_msp.c ****     PA2     ------> USART2_TX
 230:Core/Src/stm32f4xx_hal_msp.c ****     PA3     ------> USART2_RX
 231:Core/Src/stm32f4xx_hal_msp.c ****     */
 232:Core/Src/stm32f4xx_hal_msp.c ****     HAL_GPIO_DeInit(GPIOA, GPIO_PIN_2|GPIO_PIN_3);
 233:Core/Src/stm32f4xx_hal_msp.c **** 
 234:Core/Src/stm32f4xx_hal_msp.c ****   /* USER CODE BEGIN USART2_MspDeInit 1 */
 235:Core/Src/stm32f4xx_hal_msp.c **** 
 236:Core/Src/stm32f4xx_hal_msp.c ****   /* USER CODE END USART2_MspDeInit 1 */
 237:Core/Src/stm32f4xx_hal_msp.c ****   }
 238:Core/Src/stm32f4xx_hal_msp.c **** 
 239:Core/Src/stm32f4xx_hal_msp.c **** }
 434              		.loc 1 239 1 view .LVU104
 435 0010 08BD     		pop	{r3, pc}
 436              	.LVL17:
 437              	.L30:
 208:Core/Src/stm32f4xx_hal_msp.c **** 
 438              		.loc 1 208 5 is_stmt 1 view .LVU105
 439 0012 02F59432 		add	r2, r2, #75776
 440 0016 536C     		ldr	r3, [r2, #68]
 441 0018 23F01003 		bic	r3, r3, #16
 442 001c 5364     		str	r3, [r2, #68]
 214:Core/Src/stm32f4xx_hal_msp.c **** 
 443              		.loc 1 214 5 view .LVU106
 444 001e 4FF4C061 		mov	r1, #1536
 445 0022 0948     		ldr	r0, .L32+8
 446              	.LVL18:
 214:Core/Src/stm32f4xx_hal_msp.c **** 
 447              		.loc 1 214 5 is_stmt 0 view .LVU107
 448 0024 FFF7FEFF 		bl	HAL_GPIO_DeInit
 449              	.LVL19:
 450 0028 F2E7     		b	.L26
 451              	.LVL20:
ARM GAS  C:\Users\user\AppData\Local\Temp\cc0xC6Nw.s 			page 14


 452              	.L31:
 226:Core/Src/stm32f4xx_hal_msp.c **** 
 453              		.loc 1 226 5 is_stmt 1 view .LVU108
 454 002a 02F5FA32 		add	r2, r2, #128000
 455 002e 136C     		ldr	r3, [r2, #64]
 456 0030 23F40033 		bic	r3, r3, #131072
 457 0034 1364     		str	r3, [r2, #64]
 232:Core/Src/stm32f4xx_hal_msp.c **** 
 458              		.loc 1 232 5 view .LVU109
 459 0036 0C21     		movs	r1, #12
 460 0038 0348     		ldr	r0, .L32+8
 461              	.LVL21:
 232:Core/Src/stm32f4xx_hal_msp.c **** 
 462              		.loc 1 232 5 is_stmt 0 view .LVU110
 463 003a FFF7FEFF 		bl	HAL_GPIO_DeInit
 464              	.LVL22:
 465              		.loc 1 239 1 view .LVU111
 466 003e E7E7     		b	.L26
 467              	.L33:
 468              		.align	2
 469              	.L32:
 470 0040 00100140 		.word	1073811456
 471 0044 00440040 		.word	1073759232
 472 0048 00000240 		.word	1073872896
 473              		.cfi_endproc
 474              	.LFE134:
 476              		.text
 477              	.Letext0:
 478              		.file 2 "c:\\users\\user\\appdata\\roaming\\code\\user\\globalstorage\\bmd.stm32-for-vscode\\@xpac
 479              		.file 3 "c:\\users\\user\\appdata\\roaming\\code\\user\\globalstorage\\bmd.stm32-for-vscode\\@xpac
 480              		.file 4 "Drivers/CMSIS/Device/ST/STM32F4xx/Include/stm32f407xx.h"
 481              		.file 5 "Drivers/CMSIS/Device/ST/STM32F4xx/Include/stm32f4xx.h"
 482              		.file 6 "Drivers/STM32F4xx_HAL_Driver/Inc/stm32f4xx_hal_def.h"
 483              		.file 7 "Drivers/STM32F4xx_HAL_Driver/Inc/stm32f4xx_hal_rcc_ex.h"
 484              		.file 8 "Drivers/STM32F4xx_HAL_Driver/Inc/stm32f4xx_hal_gpio.h"
 485              		.file 9 "Drivers/STM32F4xx_HAL_Driver/Inc/stm32f4xx_hal_dma.h"
 486              		.file 10 "Drivers/STM32F4xx_HAL_Driver/Inc/stm32f4xx_hal_rtc.h"
 487              		.file 11 "Drivers/STM32F4xx_HAL_Driver/Inc/stm32f4xx_hal_uart.h"
 488              		.file 12 "Core/Inc/main.h"
ARM GAS  C:\Users\user\AppData\Local\Temp\cc0xC6Nw.s 			page 15


DEFINED SYMBOLS
                            *ABS*:0000000000000000 stm32f4xx_hal_msp.c
C:\Users\user\AppData\Local\Temp\cc0xC6Nw.s:18     .text.HAL_MspInit:0000000000000000 $t
C:\Users\user\AppData\Local\Temp\cc0xC6Nw.s:26     .text.HAL_MspInit:0000000000000000 HAL_MspInit
C:\Users\user\AppData\Local\Temp\cc0xC6Nw.s:80     .text.HAL_MspInit:0000000000000034 $d
C:\Users\user\AppData\Local\Temp\cc0xC6Nw.s:85     .text.HAL_RTC_MspInit:0000000000000000 $t
C:\Users\user\AppData\Local\Temp\cc0xC6Nw.s:92     .text.HAL_RTC_MspInit:0000000000000000 HAL_RTC_MspInit
C:\Users\user\AppData\Local\Temp\cc0xC6Nw.s:166    .text.HAL_RTC_MspInit:0000000000000040 $d
C:\Users\user\AppData\Local\Temp\cc0xC6Nw.s:172    .text.HAL_RTC_MspDeInit:0000000000000000 $t
C:\Users\user\AppData\Local\Temp\cc0xC6Nw.s:179    .text.HAL_RTC_MspDeInit:0000000000000000 HAL_RTC_MspDeInit
C:\Users\user\AppData\Local\Temp\cc0xC6Nw.s:207    .text.HAL_RTC_MspDeInit:0000000000000014 $d
C:\Users\user\AppData\Local\Temp\cc0xC6Nw.s:213    .text.HAL_UART_MspInit:0000000000000000 $t
C:\Users\user\AppData\Local\Temp\cc0xC6Nw.s:220    .text.HAL_UART_MspInit:0000000000000000 HAL_UART_MspInit
C:\Users\user\AppData\Local\Temp\cc0xC6Nw.s:392    .text.HAL_UART_MspInit:00000000000000b4 $d
C:\Users\user\AppData\Local\Temp\cc0xC6Nw.s:400    .text.HAL_UART_MspDeInit:0000000000000000 $t
C:\Users\user\AppData\Local\Temp\cc0xC6Nw.s:407    .text.HAL_UART_MspDeInit:0000000000000000 HAL_UART_MspDeInit
C:\Users\user\AppData\Local\Temp\cc0xC6Nw.s:470    .text.HAL_UART_MspDeInit:0000000000000040 $d

UNDEFINED SYMBOLS
HAL_RCCEx_PeriphCLKConfig
Error_Handler
HAL_GPIO_Init
HAL_GPIO_DeInit
