ARM GAS  C:\Users\user\AppData\Local\Temp\ccCqUZbD.s 			page 1


   1              		.cpu cortex-m4
   2              		.eabi_attribute 27, 1
   3              		.eabi_attribute 28, 1
   4              		.eabi_attribute 20, 1
   5              		.eabi_attribute 21, 1
   6              		.eabi_attribute 23, 3
   7              		.eabi_attribute 24, 1
   8              		.eabi_attribute 25, 1
   9              		.eabi_attribute 26, 1
  10              		.eabi_attribute 30, 1
  11              		.eabi_attribute 34, 1
  12              		.eabi_attribute 18, 4
  13              		.file	"syscalls.c"
  14              		.text
  15              	.Ltext0:
  16              		.cfi_sections	.debug_frame
  17              		.section	.text.initialise_monitor_handles,"ax",%progbits
  18              		.align	1
  19              		.global	initialise_monitor_handles
  20              		.arch armv7e-m
  21              		.syntax unified
  22              		.thumb
  23              		.thumb_func
  24              		.fpu fpv4-sp-d16
  26              	initialise_monitor_handles:
  27              	.LFB25:
  28              		.file 1 "Core/Src/syscalls.c"
   1:Core/Src/syscalls.c **** /**
   2:Core/Src/syscalls.c **** *****************************************************************************
   3:Core/Src/syscalls.c **** **
   4:Core/Src/syscalls.c **** **  File        : syscalls.c
   5:Core/Src/syscalls.c **** **
   6:Core/Src/syscalls.c **** **  Author		: Auto-generated by System workbench for STM32
   7:Core/Src/syscalls.c **** **
   8:Core/Src/syscalls.c **** **  Abstract    : System Workbench Minimal System calls file
   9:Core/Src/syscalls.c **** **
  10:Core/Src/syscalls.c **** ** 		          For more information about which c-functions
  11:Core/Src/syscalls.c **** **                need which of these lowlevel functions
  12:Core/Src/syscalls.c **** **                please consult the Newlib libc-manual
  13:Core/Src/syscalls.c **** **
  14:Core/Src/syscalls.c **** **  Target      : STMicroelectronics STM32
  15:Core/Src/syscalls.c **** **
  16:Core/Src/syscalls.c **** **  Distribution: The file is distributed “as is,” without any warranty
  17:Core/Src/syscalls.c **** **                of any kind.
  18:Core/Src/syscalls.c **** **
  19:Core/Src/syscalls.c **** *****************************************************************************
  20:Core/Src/syscalls.c **** ** @attention
  21:Core/Src/syscalls.c **** **
  22:Core/Src/syscalls.c **** ** <h2><center>&copy; COPYRIGHT(c) 2019 STMicroelectronics</center></h2>
  23:Core/Src/syscalls.c **** **
  24:Core/Src/syscalls.c **** ** Redistribution and use in source and binary forms, with or without modification,
  25:Core/Src/syscalls.c **** ** are permitted provided that the following conditions are met:
  26:Core/Src/syscalls.c **** **   1. Redistributions of source code must retain the above copyright notice,
  27:Core/Src/syscalls.c **** **      this list of conditions and the following disclaimer.
  28:Core/Src/syscalls.c **** **   2. Redistributions in binary form must reproduce the above copyright notice,
  29:Core/Src/syscalls.c **** **      this list of conditions and the following disclaimer in the documentation
  30:Core/Src/syscalls.c **** **      and/or other materials provided with the distribution.
ARM GAS  C:\Users\user\AppData\Local\Temp\ccCqUZbD.s 			page 2


  31:Core/Src/syscalls.c **** **   3. Neither the name of STMicroelectronics nor the names of its contributors
  32:Core/Src/syscalls.c **** **      may be used to endorse or promote products derived from this software
  33:Core/Src/syscalls.c **** **      without specific prior written permission.
  34:Core/Src/syscalls.c **** **
  35:Core/Src/syscalls.c **** ** THIS SOFTWARE IS PROVIDED BY THE COPYRIGHT HOLDERS AND CONTRIBUTORS "AS IS"
  36:Core/Src/syscalls.c **** ** AND ANY EXPRESS OR IMPLIED WARRANTIES, INCLUDING, BUT NOT LIMITED TO, THE
  37:Core/Src/syscalls.c **** ** IMPLIED WARRANTIES OF MERCHANTABILITY AND FITNESS FOR A PARTICULAR PURPOSE ARE
  38:Core/Src/syscalls.c **** ** DISCLAIMED. IN NO EVENT SHALL THE COPYRIGHT HOLDER OR CONTRIBUTORS BE LIABLE
  39:Core/Src/syscalls.c **** ** FOR ANY DIRECT, INDIRECT, INCIDENTAL, SPECIAL, EXEMPLARY, OR CONSEQUENTIAL
  40:Core/Src/syscalls.c **** ** DAMAGES (INCLUDING, BUT NOT LIMITED TO, PROCUREMENT OF SUBSTITUTE GOODS OR
  41:Core/Src/syscalls.c **** ** SERVICES; LOSS OF USE, DATA, OR PROFITS; OR BUSINESS INTERRUPTION) HOWEVER
  42:Core/Src/syscalls.c **** ** CAUSED AND ON ANY THEORY OF LIABILITY, WHETHER IN CONTRACT, STRICT LIABILITY,
  43:Core/Src/syscalls.c **** ** OR TORT (INCLUDING NEGLIGENCE OR OTHERWISE) ARISING IN ANY WAY OUT OF THE USE
  44:Core/Src/syscalls.c **** ** OF THIS SOFTWARE, EVEN IF ADVISED OF THE POSSIBILITY OF SUCH DAMAGE.
  45:Core/Src/syscalls.c **** **
  46:Core/Src/syscalls.c **** *****************************************************************************
  47:Core/Src/syscalls.c **** */
  48:Core/Src/syscalls.c **** 
  49:Core/Src/syscalls.c **** /* Includes */
  50:Core/Src/syscalls.c **** #include <sys/stat.h>
  51:Core/Src/syscalls.c **** #include <stdlib.h>
  52:Core/Src/syscalls.c **** #include <errno.h>
  53:Core/Src/syscalls.c **** #include <stdio.h>
  54:Core/Src/syscalls.c **** #include <signal.h>
  55:Core/Src/syscalls.c **** #include <time.h>
  56:Core/Src/syscalls.c **** #include <sys/time.h>
  57:Core/Src/syscalls.c **** #include <sys/times.h>
  58:Core/Src/syscalls.c **** 
  59:Core/Src/syscalls.c **** 
  60:Core/Src/syscalls.c **** /* Variables */
  61:Core/Src/syscalls.c **** //#undef errno
  62:Core/Src/syscalls.c **** extern int errno;
  63:Core/Src/syscalls.c **** extern int __io_putchar(int ch) __attribute__((weak));
  64:Core/Src/syscalls.c **** extern int __io_getchar(void) __attribute__((weak));
  65:Core/Src/syscalls.c **** 
  66:Core/Src/syscalls.c **** register char * stack_ptr asm("sp");
  67:Core/Src/syscalls.c **** 
  68:Core/Src/syscalls.c **** char *__env[1] = { 0 };
  69:Core/Src/syscalls.c **** char **environ = __env;
  70:Core/Src/syscalls.c **** 
  71:Core/Src/syscalls.c **** 
  72:Core/Src/syscalls.c **** /* Functions */
  73:Core/Src/syscalls.c **** void initialise_monitor_handles()
  74:Core/Src/syscalls.c **** {
  29              		.loc 1 74 1 view -0
  30              		.cfi_startproc
  31              		@ args = 0, pretend = 0, frame = 0
  32              		@ frame_needed = 0, uses_anonymous_args = 0
  33              		@ link register save eliminated.
  75:Core/Src/syscalls.c **** }
  34              		.loc 1 75 1 view .LVU1
  35 0000 7047     		bx	lr
  36              		.cfi_endproc
  37              	.LFE25:
  39              		.section	.text._getpid,"ax",%progbits
  40              		.align	1
  41              		.global	_getpid
ARM GAS  C:\Users\user\AppData\Local\Temp\ccCqUZbD.s 			page 3


  42              		.syntax unified
  43              		.thumb
  44              		.thumb_func
  45              		.fpu fpv4-sp-d16
  47              	_getpid:
  48              	.LFB26:
  76:Core/Src/syscalls.c **** 
  77:Core/Src/syscalls.c **** int _getpid(void)
  78:Core/Src/syscalls.c **** {
  49              		.loc 1 78 1 view -0
  50              		.cfi_startproc
  51              		@ args = 0, pretend = 0, frame = 0
  52              		@ frame_needed = 0, uses_anonymous_args = 0
  53              		@ link register save eliminated.
  79:Core/Src/syscalls.c **** 	return 1;
  54              		.loc 1 79 2 view .LVU3
  80:Core/Src/syscalls.c **** }
  55              		.loc 1 80 1 is_stmt 0 view .LVU4
  56 0000 0120     		movs	r0, #1
  57 0002 7047     		bx	lr
  58              		.cfi_endproc
  59              	.LFE26:
  61              		.section	.text._kill,"ax",%progbits
  62              		.align	1
  63              		.global	_kill
  64              		.syntax unified
  65              		.thumb
  66              		.thumb_func
  67              		.fpu fpv4-sp-d16
  69              	_kill:
  70              	.LVL0:
  71              	.LFB27:
  81:Core/Src/syscalls.c **** 
  82:Core/Src/syscalls.c **** int _kill(int pid, int sig)
  83:Core/Src/syscalls.c **** {
  72              		.loc 1 83 1 is_stmt 1 view -0
  73              		.cfi_startproc
  74              		@ args = 0, pretend = 0, frame = 0
  75              		@ frame_needed = 0, uses_anonymous_args = 0
  76              		.loc 1 83 1 is_stmt 0 view .LVU6
  77 0000 08B5     		push	{r3, lr}
  78              	.LCFI0:
  79              		.cfi_def_cfa_offset 8
  80              		.cfi_offset 3, -8
  81              		.cfi_offset 14, -4
  84:Core/Src/syscalls.c **** 	errno = EINVAL;
  82              		.loc 1 84 2 is_stmt 1 view .LVU7
  83 0002 FFF7FEFF 		bl	__errno
  84              	.LVL1:
  85              		.loc 1 84 8 is_stmt 0 view .LVU8
  86 0006 1623     		movs	r3, #22
  87 0008 0360     		str	r3, [r0]
  85:Core/Src/syscalls.c **** 	return -1;
  88              		.loc 1 85 2 is_stmt 1 view .LVU9
  86:Core/Src/syscalls.c **** }
  89              		.loc 1 86 1 is_stmt 0 view .LVU10
  90 000a 4FF0FF30 		mov	r0, #-1
ARM GAS  C:\Users\user\AppData\Local\Temp\ccCqUZbD.s 			page 4


  91 000e 08BD     		pop	{r3, pc}
  92              		.cfi_endproc
  93              	.LFE27:
  95              		.section	.text._exit,"ax",%progbits
  96              		.align	1
  97              		.global	_exit
  98              		.syntax unified
  99              		.thumb
 100              		.thumb_func
 101              		.fpu fpv4-sp-d16
 103              	_exit:
 104              	.LVL2:
 105              	.LFB28:
  87:Core/Src/syscalls.c **** 
  88:Core/Src/syscalls.c **** void _exit (int status)
  89:Core/Src/syscalls.c **** {
 106              		.loc 1 89 1 is_stmt 1 view -0
 107              		.cfi_startproc
 108              		@ Volatile: function does not return.
 109              		@ args = 0, pretend = 0, frame = 0
 110              		@ frame_needed = 0, uses_anonymous_args = 0
 111              		.loc 1 89 1 is_stmt 0 view .LVU12
 112 0000 08B5     		push	{r3, lr}
 113              	.LCFI1:
 114              		.cfi_def_cfa_offset 8
 115              		.cfi_offset 3, -8
 116              		.cfi_offset 14, -4
  90:Core/Src/syscalls.c **** 	_kill(status, -1);
 117              		.loc 1 90 2 is_stmt 1 view .LVU13
 118 0002 4FF0FF31 		mov	r1, #-1
 119 0006 FFF7FEFF 		bl	_kill
 120              	.LVL3:
 121              	.L6:
  91:Core/Src/syscalls.c **** 	while (1) {}		/* Make sure we hang here */
 122              		.loc 1 91 2 discriminator 1 view .LVU14
 123              		.loc 1 91 13 discriminator 1 view .LVU15
 124              		.loc 1 91 8 discriminator 1 view .LVU16
 125 000a FEE7     		b	.L6
 126              		.cfi_endproc
 127              	.LFE28:
 129              		.section	.text._read,"ax",%progbits
 130              		.align	1
 131              		.weak	_read
 132              		.syntax unified
 133              		.thumb
 134              		.thumb_func
 135              		.fpu fpv4-sp-d16
 137              	_read:
 138              	.LVL4:
 139              	.LFB29:
  92:Core/Src/syscalls.c **** }
  93:Core/Src/syscalls.c **** 
  94:Core/Src/syscalls.c **** __attribute__((weak)) int _read(int file, char *ptr, int len)
  95:Core/Src/syscalls.c **** {
 140              		.loc 1 95 1 view -0
 141              		.cfi_startproc
 142              		@ args = 0, pretend = 0, frame = 0
ARM GAS  C:\Users\user\AppData\Local\Temp\ccCqUZbD.s 			page 5


 143              		@ frame_needed = 0, uses_anonymous_args = 0
 144              		.loc 1 95 1 is_stmt 0 view .LVU18
 145 0000 70B5     		push	{r4, r5, r6, lr}
 146              	.LCFI2:
 147              		.cfi_def_cfa_offset 16
 148              		.cfi_offset 4, -16
 149              		.cfi_offset 5, -12
 150              		.cfi_offset 6, -8
 151              		.cfi_offset 14, -4
 152 0002 0C46     		mov	r4, r1
 153 0004 1646     		mov	r6, r2
  96:Core/Src/syscalls.c **** 	int DataIdx;
 154              		.loc 1 96 2 is_stmt 1 view .LVU19
  97:Core/Src/syscalls.c **** 
  98:Core/Src/syscalls.c **** 	for (DataIdx = 0; DataIdx < len; DataIdx++)
 155              		.loc 1 98 2 view .LVU20
 156              	.LVL5:
 157              		.loc 1 98 15 is_stmt 0 view .LVU21
 158 0006 0025     		movs	r5, #0
 159              		.loc 1 98 2 view .LVU22
 160 0008 06E0     		b	.L9
 161              	.LVL6:
 162              	.L10:
  99:Core/Src/syscalls.c **** 	{
 100:Core/Src/syscalls.c **** 		*ptr++ = __io_getchar();
 163              		.loc 1 100 3 is_stmt 1 discriminator 3 view .LVU23
 164              		.loc 1 100 12 is_stmt 0 discriminator 3 view .LVU24
 165 000a FFF7FEFF 		bl	__io_getchar
 166              	.LVL7:
 167              		.loc 1 100 7 discriminator 3 view .LVU25
 168 000e 2146     		mov	r1, r4
 169              	.LVL8:
 170              		.loc 1 100 10 discriminator 3 view .LVU26
 171 0010 01F8010B 		strb	r0, [r1], #1
 172              	.LVL9:
  98:Core/Src/syscalls.c **** 	{
 173              		.loc 1 98 35 is_stmt 1 discriminator 3 view .LVU27
  98:Core/Src/syscalls.c **** 	{
 174              		.loc 1 98 42 is_stmt 0 discriminator 3 view .LVU28
 175 0014 0135     		adds	r5, r5, #1
 176              	.LVL10:
 177              		.loc 1 100 7 discriminator 3 view .LVU29
 178 0016 0C46     		mov	r4, r1
 179              	.LVL11:
 180              	.L9:
  98:Core/Src/syscalls.c **** 	{
 181              		.loc 1 98 20 is_stmt 1 discriminator 1 view .LVU30
  98:Core/Src/syscalls.c **** 	{
 182              		.loc 1 98 2 is_stmt 0 discriminator 1 view .LVU31
 183 0018 B542     		cmp	r5, r6
 184 001a F6DB     		blt	.L10
 101:Core/Src/syscalls.c **** 	}
 102:Core/Src/syscalls.c **** 
 103:Core/Src/syscalls.c **** return len;
 185              		.loc 1 103 1 is_stmt 1 view .LVU32
 104:Core/Src/syscalls.c **** }
 186              		.loc 1 104 1 is_stmt 0 view .LVU33
ARM GAS  C:\Users\user\AppData\Local\Temp\ccCqUZbD.s 			page 6


 187 001c 3046     		mov	r0, r6
 188 001e 70BD     		pop	{r4, r5, r6, pc}
 189              		.loc 1 104 1 view .LVU34
 190              		.cfi_endproc
 191              	.LFE29:
 193              		.section	.text._write,"ax",%progbits
 194              		.align	1
 195              		.weak	_write
 196              		.syntax unified
 197              		.thumb
 198              		.thumb_func
 199              		.fpu fpv4-sp-d16
 201              	_write:
 202              	.LVL12:
 203              	.LFB30:
 105:Core/Src/syscalls.c **** 
 106:Core/Src/syscalls.c **** __attribute__((weak)) int _write(int file, char *ptr, int len)
 107:Core/Src/syscalls.c **** {
 204              		.loc 1 107 1 is_stmt 1 view -0
 205              		.cfi_startproc
 206              		@ args = 0, pretend = 0, frame = 0
 207              		@ frame_needed = 0, uses_anonymous_args = 0
 208              		.loc 1 107 1 is_stmt 0 view .LVU36
 209 0000 70B5     		push	{r4, r5, r6, lr}
 210              	.LCFI3:
 211              		.cfi_def_cfa_offset 16
 212              		.cfi_offset 4, -16
 213              		.cfi_offset 5, -12
 214              		.cfi_offset 6, -8
 215              		.cfi_offset 14, -4
 216 0002 0C46     		mov	r4, r1
 217 0004 1646     		mov	r6, r2
 108:Core/Src/syscalls.c **** 	int DataIdx;
 218              		.loc 1 108 2 is_stmt 1 view .LVU37
 109:Core/Src/syscalls.c **** 
 110:Core/Src/syscalls.c **** 	for (DataIdx = 0; DataIdx < len; DataIdx++)
 219              		.loc 1 110 2 view .LVU38
 220              	.LVL13:
 221              		.loc 1 110 15 is_stmt 0 view .LVU39
 222 0006 0025     		movs	r5, #0
 223              		.loc 1 110 2 view .LVU40
 224 0008 04E0     		b	.L13
 225              	.LVL14:
 226              	.L14:
 111:Core/Src/syscalls.c **** 	{
 112:Core/Src/syscalls.c **** 		__io_putchar(*ptr++);
 227              		.loc 1 112 3 is_stmt 1 discriminator 3 view .LVU41
 228              		.loc 1 112 3 is_stmt 0 discriminator 3 view .LVU42
 229 000a 14F8010B 		ldrb	r0, [r4], #1	@ zero_extendqisi2
 230              	.LVL15:
 231              		.loc 1 112 3 discriminator 3 view .LVU43
 232 000e FFF7FEFF 		bl	__io_putchar
 233              	.LVL16:
 110:Core/Src/syscalls.c **** 	{
 234              		.loc 1 110 35 is_stmt 1 discriminator 3 view .LVU44
 110:Core/Src/syscalls.c **** 	{
 235              		.loc 1 110 42 is_stmt 0 discriminator 3 view .LVU45
ARM GAS  C:\Users\user\AppData\Local\Temp\ccCqUZbD.s 			page 7


 236 0012 0135     		adds	r5, r5, #1
 237              	.LVL17:
 238              	.L13:
 110:Core/Src/syscalls.c **** 	{
 239              		.loc 1 110 20 is_stmt 1 discriminator 1 view .LVU46
 110:Core/Src/syscalls.c **** 	{
 240              		.loc 1 110 2 is_stmt 0 discriminator 1 view .LVU47
 241 0014 B542     		cmp	r5, r6
 242 0016 F8DB     		blt	.L14
 113:Core/Src/syscalls.c **** 	}
 114:Core/Src/syscalls.c **** 	return len;
 243              		.loc 1 114 2 is_stmt 1 view .LVU48
 115:Core/Src/syscalls.c **** }
 244              		.loc 1 115 1 is_stmt 0 view .LVU49
 245 0018 3046     		mov	r0, r6
 246 001a 70BD     		pop	{r4, r5, r6, pc}
 247              		.loc 1 115 1 view .LVU50
 248              		.cfi_endproc
 249              	.LFE30:
 251              		.section	.text._sbrk,"ax",%progbits
 252              		.align	1
 253              		.global	_sbrk
 254              		.syntax unified
 255              		.thumb
 256              		.thumb_func
 257              		.fpu fpv4-sp-d16
 259              	_sbrk:
 260              	.LVL18:
 261              	.LFB31:
 116:Core/Src/syscalls.c **** 
 117:Core/Src/syscalls.c **** caddr_t _sbrk(int incr)
 118:Core/Src/syscalls.c **** {
 262              		.loc 1 118 1 is_stmt 1 view -0
 263              		.cfi_startproc
 264              		@ args = 0, pretend = 0, frame = 0
 265              		@ frame_needed = 0, uses_anonymous_args = 0
 266              		.loc 1 118 1 is_stmt 0 view .LVU52
 267 0000 08B5     		push	{r3, lr}
 268              	.LCFI4:
 269              		.cfi_def_cfa_offset 8
 270              		.cfi_offset 3, -8
 271              		.cfi_offset 14, -4
 272 0002 0346     		mov	r3, r0
 119:Core/Src/syscalls.c **** 	extern char end asm("end");
 273              		.loc 1 119 2 is_stmt 1 view .LVU53
 120:Core/Src/syscalls.c **** 	static char *heap_end;
 274              		.loc 1 120 2 view .LVU54
 121:Core/Src/syscalls.c **** 	char *prev_heap_end;
 275              		.loc 1 121 2 view .LVU55
 122:Core/Src/syscalls.c **** 
 123:Core/Src/syscalls.c **** 	if (heap_end == 0)
 276              		.loc 1 123 2 view .LVU56
 277              		.loc 1 123 15 is_stmt 0 view .LVU57
 278 0004 0B4A     		ldr	r2, .L23
 279 0006 1268     		ldr	r2, [r2]
 280              		.loc 1 123 5 view .LVU58
 281 0008 42B1     		cbz	r2, .L21
ARM GAS  C:\Users\user\AppData\Local\Temp\ccCqUZbD.s 			page 8


 282              	.L17:
 124:Core/Src/syscalls.c **** 		heap_end = &end;
 125:Core/Src/syscalls.c **** 
 126:Core/Src/syscalls.c **** 	prev_heap_end = heap_end;
 283              		.loc 1 126 2 is_stmt 1 view .LVU59
 284              		.loc 1 126 16 is_stmt 0 view .LVU60
 285 000a 0A4A     		ldr	r2, .L23
 286 000c 1068     		ldr	r0, [r2]
 287              	.LVL19:
 127:Core/Src/syscalls.c **** 	if (heap_end + incr > stack_ptr)
 288              		.loc 1 127 2 is_stmt 1 view .LVU61
 289              		.loc 1 127 15 is_stmt 0 view .LVU62
 290 000e 0344     		add	r3, r3, r0
 291              	.LVL20:
 292              		.loc 1 127 5 view .LVU63
 293 0010 6A46     		mov	r2, sp
 294 0012 9342     		cmp	r3, r2
 295 0014 06D8     		bhi	.L22
 128:Core/Src/syscalls.c **** 	{
 129:Core/Src/syscalls.c **** //		write(1, "Heap and stack collision\n", 25);
 130:Core/Src/syscalls.c **** //		abort();
 131:Core/Src/syscalls.c **** 		errno = ENOMEM;
 132:Core/Src/syscalls.c **** 		return (caddr_t) -1;
 133:Core/Src/syscalls.c **** 	}
 134:Core/Src/syscalls.c **** 
 135:Core/Src/syscalls.c **** 	heap_end += incr;
 296              		.loc 1 135 2 is_stmt 1 view .LVU64
 297              		.loc 1 135 11 is_stmt 0 view .LVU65
 298 0016 074A     		ldr	r2, .L23
 299 0018 1360     		str	r3, [r2]
 136:Core/Src/syscalls.c **** 
 137:Core/Src/syscalls.c **** 	return (caddr_t) prev_heap_end;
 300              		.loc 1 137 2 is_stmt 1 view .LVU66
 301              	.LVL21:
 302              	.L16:
 138:Core/Src/syscalls.c **** }
 303              		.loc 1 138 1 is_stmt 0 view .LVU67
 304 001a 08BD     		pop	{r3, pc}
 305              	.LVL22:
 306              	.L21:
 124:Core/Src/syscalls.c **** 
 307              		.loc 1 124 3 is_stmt 1 view .LVU68
 124:Core/Src/syscalls.c **** 
 308              		.loc 1 124 12 is_stmt 0 view .LVU69
 309 001c 054A     		ldr	r2, .L23
 310 001e 0649     		ldr	r1, .L23+4
 311 0020 1160     		str	r1, [r2]
 312 0022 F2E7     		b	.L17
 313              	.LVL23:
 314              	.L22:
 131:Core/Src/syscalls.c **** 		return (caddr_t) -1;
 315              		.loc 1 131 3 is_stmt 1 view .LVU70
 316 0024 FFF7FEFF 		bl	__errno
 317              	.LVL24:
 131:Core/Src/syscalls.c **** 		return (caddr_t) -1;
 318              		.loc 1 131 9 is_stmt 0 view .LVU71
 319 0028 0C23     		movs	r3, #12
ARM GAS  C:\Users\user\AppData\Local\Temp\ccCqUZbD.s 			page 9


 320 002a 0360     		str	r3, [r0]
 132:Core/Src/syscalls.c **** 	}
 321              		.loc 1 132 3 is_stmt 1 view .LVU72
 132:Core/Src/syscalls.c **** 	}
 322              		.loc 1 132 10 is_stmt 0 view .LVU73
 323 002c 4FF0FF30 		mov	r0, #-1
 324 0030 F3E7     		b	.L16
 325              	.L24:
 326 0032 00BF     		.align	2
 327              	.L23:
 328 0034 00000000 		.word	.LANCHOR0
 329 0038 00000000 		.word	end
 330              		.cfi_endproc
 331              	.LFE31:
 333              		.section	.text._close,"ax",%progbits
 334              		.align	1
 335              		.global	_close
 336              		.syntax unified
 337              		.thumb
 338              		.thumb_func
 339              		.fpu fpv4-sp-d16
 341              	_close:
 342              	.LVL25:
 343              	.LFB32:
 139:Core/Src/syscalls.c **** 
 140:Core/Src/syscalls.c **** int _close(int file)
 141:Core/Src/syscalls.c **** {
 344              		.loc 1 141 1 is_stmt 1 view -0
 345              		.cfi_startproc
 346              		@ args = 0, pretend = 0, frame = 0
 347              		@ frame_needed = 0, uses_anonymous_args = 0
 348              		@ link register save eliminated.
 142:Core/Src/syscalls.c **** 	return -1;
 349              		.loc 1 142 2 view .LVU75
 143:Core/Src/syscalls.c **** }
 350              		.loc 1 143 1 is_stmt 0 view .LVU76
 351 0000 4FF0FF30 		mov	r0, #-1
 352              	.LVL26:
 353              		.loc 1 143 1 view .LVU77
 354 0004 7047     		bx	lr
 355              		.cfi_endproc
 356              	.LFE32:
 358              		.section	.text._fstat,"ax",%progbits
 359              		.align	1
 360              		.global	_fstat
 361              		.syntax unified
 362              		.thumb
 363              		.thumb_func
 364              		.fpu fpv4-sp-d16
 366              	_fstat:
 367              	.LVL27:
 368              	.LFB33:
 144:Core/Src/syscalls.c **** 
 145:Core/Src/syscalls.c **** 
 146:Core/Src/syscalls.c **** int _fstat(int file, struct stat *st)
 147:Core/Src/syscalls.c **** {
 369              		.loc 1 147 1 is_stmt 1 view -0
ARM GAS  C:\Users\user\AppData\Local\Temp\ccCqUZbD.s 			page 10


 370              		.cfi_startproc
 371              		@ args = 0, pretend = 0, frame = 0
 372              		@ frame_needed = 0, uses_anonymous_args = 0
 373              		@ link register save eliminated.
 148:Core/Src/syscalls.c **** 	st->st_mode = S_IFCHR;
 374              		.loc 1 148 2 view .LVU79
 375              		.loc 1 148 14 is_stmt 0 view .LVU80
 376 0000 4FF40053 		mov	r3, #8192
 377 0004 4B60     		str	r3, [r1, #4]
 149:Core/Src/syscalls.c **** 	return 0;
 378              		.loc 1 149 2 is_stmt 1 view .LVU81
 150:Core/Src/syscalls.c **** }
 379              		.loc 1 150 1 is_stmt 0 view .LVU82
 380 0006 0020     		movs	r0, #0
 381              	.LVL28:
 382              		.loc 1 150 1 view .LVU83
 383 0008 7047     		bx	lr
 384              		.cfi_endproc
 385              	.LFE33:
 387              		.section	.text._isatty,"ax",%progbits
 388              		.align	1
 389              		.global	_isatty
 390              		.syntax unified
 391              		.thumb
 392              		.thumb_func
 393              		.fpu fpv4-sp-d16
 395              	_isatty:
 396              	.LVL29:
 397              	.LFB34:
 151:Core/Src/syscalls.c **** 
 152:Core/Src/syscalls.c **** int _isatty(int file)
 153:Core/Src/syscalls.c **** {
 398              		.loc 1 153 1 is_stmt 1 view -0
 399              		.cfi_startproc
 400              		@ args = 0, pretend = 0, frame = 0
 401              		@ frame_needed = 0, uses_anonymous_args = 0
 402              		@ link register save eliminated.
 154:Core/Src/syscalls.c **** 	return 1;
 403              		.loc 1 154 2 view .LVU85
 155:Core/Src/syscalls.c **** }
 404              		.loc 1 155 1 is_stmt 0 view .LVU86
 405 0000 0120     		movs	r0, #1
 406              	.LVL30:
 407              		.loc 1 155 1 view .LVU87
 408 0002 7047     		bx	lr
 409              		.cfi_endproc
 410              	.LFE34:
 412              		.section	.text._lseek,"ax",%progbits
 413              		.align	1
 414              		.global	_lseek
 415              		.syntax unified
 416              		.thumb
 417              		.thumb_func
 418              		.fpu fpv4-sp-d16
 420              	_lseek:
 421              	.LVL31:
 422              	.LFB35:
ARM GAS  C:\Users\user\AppData\Local\Temp\ccCqUZbD.s 			page 11


 156:Core/Src/syscalls.c **** 
 157:Core/Src/syscalls.c **** int _lseek(int file, int ptr, int dir)
 158:Core/Src/syscalls.c **** {
 423              		.loc 1 158 1 is_stmt 1 view -0
 424              		.cfi_startproc
 425              		@ args = 0, pretend = 0, frame = 0
 426              		@ frame_needed = 0, uses_anonymous_args = 0
 427              		@ link register save eliminated.
 159:Core/Src/syscalls.c **** 	return 0;
 428              		.loc 1 159 2 view .LVU89
 160:Core/Src/syscalls.c **** }
 429              		.loc 1 160 1 is_stmt 0 view .LVU90
 430 0000 0020     		movs	r0, #0
 431              	.LVL32:
 432              		.loc 1 160 1 view .LVU91
 433 0002 7047     		bx	lr
 434              		.cfi_endproc
 435              	.LFE35:
 437              		.section	.text._open,"ax",%progbits
 438              		.align	1
 439              		.global	_open
 440              		.syntax unified
 441              		.thumb
 442              		.thumb_func
 443              		.fpu fpv4-sp-d16
 445              	_open:
 446              	.LVL33:
 447              	.LFB36:
 161:Core/Src/syscalls.c **** 
 162:Core/Src/syscalls.c **** int _open(char *path, int flags, ...)
 163:Core/Src/syscalls.c **** {
 448              		.loc 1 163 1 is_stmt 1 view -0
 449              		.cfi_startproc
 450              		@ args = 4, pretend = 12, frame = 0
 451              		@ frame_needed = 0, uses_anonymous_args = 1
 452              		@ link register save eliminated.
 453              		.loc 1 163 1 is_stmt 0 view .LVU93
 454 0000 0EB4     		push	{r1, r2, r3}
 455              	.LCFI5:
 456              		.cfi_def_cfa_offset 12
 457              		.cfi_offset 1, -12
 458              		.cfi_offset 2, -8
 459              		.cfi_offset 3, -4
 164:Core/Src/syscalls.c **** 	/* Pretend like we always fail */
 165:Core/Src/syscalls.c **** 	return -1;
 460              		.loc 1 165 2 is_stmt 1 view .LVU94
 166:Core/Src/syscalls.c **** }
 461              		.loc 1 166 1 is_stmt 0 view .LVU95
 462 0002 4FF0FF30 		mov	r0, #-1
 463              	.LVL34:
 464              		.loc 1 166 1 view .LVU96
 465 0006 03B0     		add	sp, sp, #12
 466              	.LCFI6:
 467              		.cfi_restore 3
 468              		.cfi_restore 2
 469              		.cfi_restore 1
 470              		.cfi_def_cfa_offset 0
ARM GAS  C:\Users\user\AppData\Local\Temp\ccCqUZbD.s 			page 12


 471 0008 7047     		bx	lr
 472              		.cfi_endproc
 473              	.LFE36:
 475              		.section	.text._wait,"ax",%progbits
 476              		.align	1
 477              		.global	_wait
 478              		.syntax unified
 479              		.thumb
 480              		.thumb_func
 481              		.fpu fpv4-sp-d16
 483              	_wait:
 484              	.LVL35:
 485              	.LFB37:
 167:Core/Src/syscalls.c **** 
 168:Core/Src/syscalls.c **** int _wait(int *status)
 169:Core/Src/syscalls.c **** {
 486              		.loc 1 169 1 is_stmt 1 view -0
 487              		.cfi_startproc
 488              		@ args = 0, pretend = 0, frame = 0
 489              		@ frame_needed = 0, uses_anonymous_args = 0
 490              		.loc 1 169 1 is_stmt 0 view .LVU98
 491 0000 08B5     		push	{r3, lr}
 492              	.LCFI7:
 493              		.cfi_def_cfa_offset 8
 494              		.cfi_offset 3, -8
 495              		.cfi_offset 14, -4
 170:Core/Src/syscalls.c **** 	errno = ECHILD;
 496              		.loc 1 170 2 is_stmt 1 view .LVU99
 497 0002 FFF7FEFF 		bl	__errno
 498              	.LVL36:
 499              		.loc 1 170 8 is_stmt 0 view .LVU100
 500 0006 0A23     		movs	r3, #10
 501 0008 0360     		str	r3, [r0]
 171:Core/Src/syscalls.c **** 	return -1;
 502              		.loc 1 171 2 is_stmt 1 view .LVU101
 172:Core/Src/syscalls.c **** }
 503              		.loc 1 172 1 is_stmt 0 view .LVU102
 504 000a 4FF0FF30 		mov	r0, #-1
 505 000e 08BD     		pop	{r3, pc}
 506              		.cfi_endproc
 507              	.LFE37:
 509              		.section	.text._unlink,"ax",%progbits
 510              		.align	1
 511              		.global	_unlink
 512              		.syntax unified
 513              		.thumb
 514              		.thumb_func
 515              		.fpu fpv4-sp-d16
 517              	_unlink:
 518              	.LVL37:
 519              	.LFB38:
 173:Core/Src/syscalls.c **** 
 174:Core/Src/syscalls.c **** int _unlink(char *name)
 175:Core/Src/syscalls.c **** {
 520              		.loc 1 175 1 is_stmt 1 view -0
 521              		.cfi_startproc
 522              		@ args = 0, pretend = 0, frame = 0
ARM GAS  C:\Users\user\AppData\Local\Temp\ccCqUZbD.s 			page 13


 523              		@ frame_needed = 0, uses_anonymous_args = 0
 524              		.loc 1 175 1 is_stmt 0 view .LVU104
 525 0000 08B5     		push	{r3, lr}
 526              	.LCFI8:
 527              		.cfi_def_cfa_offset 8
 528              		.cfi_offset 3, -8
 529              		.cfi_offset 14, -4
 176:Core/Src/syscalls.c **** 	errno = ENOENT;
 530              		.loc 1 176 2 is_stmt 1 view .LVU105
 531 0002 FFF7FEFF 		bl	__errno
 532              	.LVL38:
 533              		.loc 1 176 8 is_stmt 0 view .LVU106
 534 0006 0223     		movs	r3, #2
 535 0008 0360     		str	r3, [r0]
 177:Core/Src/syscalls.c **** 	return -1;
 536              		.loc 1 177 2 is_stmt 1 view .LVU107
 178:Core/Src/syscalls.c **** }
 537              		.loc 1 178 1 is_stmt 0 view .LVU108
 538 000a 4FF0FF30 		mov	r0, #-1
 539 000e 08BD     		pop	{r3, pc}
 540              		.cfi_endproc
 541              	.LFE38:
 543              		.section	.text._times,"ax",%progbits
 544              		.align	1
 545              		.global	_times
 546              		.syntax unified
 547              		.thumb
 548              		.thumb_func
 549              		.fpu fpv4-sp-d16
 551              	_times:
 552              	.LVL39:
 553              	.LFB39:
 179:Core/Src/syscalls.c **** 
 180:Core/Src/syscalls.c **** int _times(struct tms *buf)
 181:Core/Src/syscalls.c **** {
 554              		.loc 1 181 1 is_stmt 1 view -0
 555              		.cfi_startproc
 556              		@ args = 0, pretend = 0, frame = 0
 557              		@ frame_needed = 0, uses_anonymous_args = 0
 558              		@ link register save eliminated.
 182:Core/Src/syscalls.c **** 	return -1;
 559              		.loc 1 182 2 view .LVU110
 183:Core/Src/syscalls.c **** }
 560              		.loc 1 183 1 is_stmt 0 view .LVU111
 561 0000 4FF0FF30 		mov	r0, #-1
 562              	.LVL40:
 563              		.loc 1 183 1 view .LVU112
 564 0004 7047     		bx	lr
 565              		.cfi_endproc
 566              	.LFE39:
 568              		.section	.text._stat,"ax",%progbits
 569              		.align	1
 570              		.global	_stat
 571              		.syntax unified
 572              		.thumb
 573              		.thumb_func
 574              		.fpu fpv4-sp-d16
ARM GAS  C:\Users\user\AppData\Local\Temp\ccCqUZbD.s 			page 14


 576              	_stat:
 577              	.LVL41:
 578              	.LFB40:
 184:Core/Src/syscalls.c **** 
 185:Core/Src/syscalls.c **** int _stat(char *file, struct stat *st)
 186:Core/Src/syscalls.c **** {
 579              		.loc 1 186 1 is_stmt 1 view -0
 580              		.cfi_startproc
 581              		@ args = 0, pretend = 0, frame = 0
 582              		@ frame_needed = 0, uses_anonymous_args = 0
 583              		@ link register save eliminated.
 187:Core/Src/syscalls.c **** 	st->st_mode = S_IFCHR;
 584              		.loc 1 187 2 view .LVU114
 585              		.loc 1 187 14 is_stmt 0 view .LVU115
 586 0000 4FF40053 		mov	r3, #8192
 587 0004 4B60     		str	r3, [r1, #4]
 188:Core/Src/syscalls.c **** 	return 0;
 588              		.loc 1 188 2 is_stmt 1 view .LVU116
 189:Core/Src/syscalls.c **** }
 589              		.loc 1 189 1 is_stmt 0 view .LVU117
 590 0006 0020     		movs	r0, #0
 591              	.LVL42:
 592              		.loc 1 189 1 view .LVU118
 593 0008 7047     		bx	lr
 594              		.cfi_endproc
 595              	.LFE40:
 597              		.section	.text._link,"ax",%progbits
 598              		.align	1
 599              		.global	_link
 600              		.syntax unified
 601              		.thumb
 602              		.thumb_func
 603              		.fpu fpv4-sp-d16
 605              	_link:
 606              	.LVL43:
 607              	.LFB41:
 190:Core/Src/syscalls.c **** 
 191:Core/Src/syscalls.c **** int _link(char *old, char *new)
 192:Core/Src/syscalls.c **** {
 608              		.loc 1 192 1 is_stmt 1 view -0
 609              		.cfi_startproc
 610              		@ args = 0, pretend = 0, frame = 0
 611              		@ frame_needed = 0, uses_anonymous_args = 0
 612              		.loc 1 192 1 is_stmt 0 view .LVU120
 613 0000 08B5     		push	{r3, lr}
 614              	.LCFI9:
 615              		.cfi_def_cfa_offset 8
 616              		.cfi_offset 3, -8
 617              		.cfi_offset 14, -4
 193:Core/Src/syscalls.c **** 	errno = EMLINK;
 618              		.loc 1 193 2 is_stmt 1 view .LVU121
 619 0002 FFF7FEFF 		bl	__errno
 620              	.LVL44:
 621              		.loc 1 193 8 is_stmt 0 view .LVU122
 622 0006 1F23     		movs	r3, #31
 623 0008 0360     		str	r3, [r0]
 194:Core/Src/syscalls.c **** 	return -1;
ARM GAS  C:\Users\user\AppData\Local\Temp\ccCqUZbD.s 			page 15


 624              		.loc 1 194 2 is_stmt 1 view .LVU123
 195:Core/Src/syscalls.c **** }
 625              		.loc 1 195 1 is_stmt 0 view .LVU124
 626 000a 4FF0FF30 		mov	r0, #-1
 627 000e 08BD     		pop	{r3, pc}
 628              		.cfi_endproc
 629              	.LFE41:
 631              		.section	.text._fork,"ax",%progbits
 632              		.align	1
 633              		.global	_fork
 634              		.syntax unified
 635              		.thumb
 636              		.thumb_func
 637              		.fpu fpv4-sp-d16
 639              	_fork:
 640              	.LFB42:
 196:Core/Src/syscalls.c **** 
 197:Core/Src/syscalls.c **** int _fork(void)
 198:Core/Src/syscalls.c **** {
 641              		.loc 1 198 1 is_stmt 1 view -0
 642              		.cfi_startproc
 643              		@ args = 0, pretend = 0, frame = 0
 644              		@ frame_needed = 0, uses_anonymous_args = 0
 645 0000 08B5     		push	{r3, lr}
 646              	.LCFI10:
 647              		.cfi_def_cfa_offset 8
 648              		.cfi_offset 3, -8
 649              		.cfi_offset 14, -4
 199:Core/Src/syscalls.c **** 	errno = EAGAIN;
 650              		.loc 1 199 2 view .LVU126
 651 0002 FFF7FEFF 		bl	__errno
 652              	.LVL45:
 653              		.loc 1 199 8 is_stmt 0 view .LVU127
 654 0006 0B23     		movs	r3, #11
 655 0008 0360     		str	r3, [r0]
 200:Core/Src/syscalls.c **** 	return -1;
 656              		.loc 1 200 2 is_stmt 1 view .LVU128
 201:Core/Src/syscalls.c **** }
 657              		.loc 1 201 1 is_stmt 0 view .LVU129
 658 000a 4FF0FF30 		mov	r0, #-1
 659 000e 08BD     		pop	{r3, pc}
 660              		.cfi_endproc
 661              	.LFE42:
 663              		.section	.text._execve,"ax",%progbits
 664              		.align	1
 665              		.global	_execve
 666              		.syntax unified
 667              		.thumb
 668              		.thumb_func
 669              		.fpu fpv4-sp-d16
 671              	_execve:
 672              	.LVL46:
 673              	.LFB43:
 202:Core/Src/syscalls.c **** 
 203:Core/Src/syscalls.c **** int _execve(char *name, char **argv, char **env)
 204:Core/Src/syscalls.c **** {
 674              		.loc 1 204 1 is_stmt 1 view -0
ARM GAS  C:\Users\user\AppData\Local\Temp\ccCqUZbD.s 			page 16


 675              		.cfi_startproc
 676              		@ args = 0, pretend = 0, frame = 0
 677              		@ frame_needed = 0, uses_anonymous_args = 0
 678              		.loc 1 204 1 is_stmt 0 view .LVU131
 679 0000 08B5     		push	{r3, lr}
 680              	.LCFI11:
 681              		.cfi_def_cfa_offset 8
 682              		.cfi_offset 3, -8
 683              		.cfi_offset 14, -4
 205:Core/Src/syscalls.c **** 	errno = ENOMEM;
 684              		.loc 1 205 2 is_stmt 1 view .LVU132
 685 0002 FFF7FEFF 		bl	__errno
 686              	.LVL47:
 687              		.loc 1 205 8 is_stmt 0 view .LVU133
 688 0006 0C23     		movs	r3, #12
 689 0008 0360     		str	r3, [r0]
 206:Core/Src/syscalls.c **** 	return -1;
 690              		.loc 1 206 2 is_stmt 1 view .LVU134
 207:Core/Src/syscalls.c **** }
 691              		.loc 1 207 1 is_stmt 0 view .LVU135
 692 000a 4FF0FF30 		mov	r0, #-1
 693 000e 08BD     		pop	{r3, pc}
 694              		.cfi_endproc
 695              	.LFE43:
 697              		.global	environ
 698              		.global	__env
 699              		.section	.bss.__env,"aw",%nobits
 700              		.align	2
 703              	__env:
 704 0000 00000000 		.space	4
 705              		.section	.bss.heap_end.0,"aw",%nobits
 706              		.align	2
 707              		.set	.LANCHOR0,. + 0
 710              	heap_end.0:
 711 0000 00000000 		.space	4
 712              		.section	.data.environ,"aw"
 713              		.align	2
 716              	environ:
 717 0000 00000000 		.word	__env
 718              		.weak	__io_putchar
 719              		.weak	__io_getchar
 720              		.text
 721              	.Letext0:
 722              		.file 2 "c:\\users\\user\\appdata\\roaming\\code\\user\\globalstorage\\bmd.stm32-for-vscode\\@xpac
 723              		.file 3 "c:\\users\\user\\appdata\\roaming\\code\\user\\globalstorage\\bmd.stm32-for-vscode\\@xpac
 724              		.file 4 "c:\\users\\user\\appdata\\roaming\\code\\user\\globalstorage\\bmd.stm32-for-vscode\\@xpac
 725              		.file 5 "c:\\users\\user\\appdata\\roaming\\code\\user\\globalstorage\\bmd.stm32-for-vscode\\@xpac
 726              		.file 6 "c:\\users\\user\\appdata\\roaming\\code\\user\\globalstorage\\bmd.stm32-for-vscode\\@xpac
 727              		.file 7 "c:\\users\\user\\appdata\\roaming\\code\\user\\globalstorage\\bmd.stm32-for-vscode\\@xpac
 728              		.file 8 "c:\\users\\user\\appdata\\roaming\\code\\user\\globalstorage\\bmd.stm32-for-vscode\\@xpac
 729              		.file 9 "c:\\users\\user\\appdata\\roaming\\code\\user\\globalstorage\\bmd.stm32-for-vscode\\@xpac
ARM GAS  C:\Users\user\AppData\Local\Temp\ccCqUZbD.s 			page 17


DEFINED SYMBOLS
                            *ABS*:0000000000000000 syscalls.c
C:\Users\user\AppData\Local\Temp\ccCqUZbD.s:18     .text.initialise_monitor_handles:0000000000000000 $t
C:\Users\user\AppData\Local\Temp\ccCqUZbD.s:26     .text.initialise_monitor_handles:0000000000000000 initialise_monitor_handles
C:\Users\user\AppData\Local\Temp\ccCqUZbD.s:40     .text._getpid:0000000000000000 $t
C:\Users\user\AppData\Local\Temp\ccCqUZbD.s:47     .text._getpid:0000000000000000 _getpid
C:\Users\user\AppData\Local\Temp\ccCqUZbD.s:62     .text._kill:0000000000000000 $t
C:\Users\user\AppData\Local\Temp\ccCqUZbD.s:69     .text._kill:0000000000000000 _kill
C:\Users\user\AppData\Local\Temp\ccCqUZbD.s:96     .text._exit:0000000000000000 $t
C:\Users\user\AppData\Local\Temp\ccCqUZbD.s:103    .text._exit:0000000000000000 _exit
C:\Users\user\AppData\Local\Temp\ccCqUZbD.s:130    .text._read:0000000000000000 $t
C:\Users\user\AppData\Local\Temp\ccCqUZbD.s:137    .text._read:0000000000000000 _read
C:\Users\user\AppData\Local\Temp\ccCqUZbD.s:194    .text._write:0000000000000000 $t
C:\Users\user\AppData\Local\Temp\ccCqUZbD.s:201    .text._write:0000000000000000 _write
C:\Users\user\AppData\Local\Temp\ccCqUZbD.s:252    .text._sbrk:0000000000000000 $t
C:\Users\user\AppData\Local\Temp\ccCqUZbD.s:259    .text._sbrk:0000000000000000 _sbrk
C:\Users\user\AppData\Local\Temp\ccCqUZbD.s:328    .text._sbrk:0000000000000034 $d
C:\Users\user\AppData\Local\Temp\ccCqUZbD.s:334    .text._close:0000000000000000 $t
C:\Users\user\AppData\Local\Temp\ccCqUZbD.s:341    .text._close:0000000000000000 _close
C:\Users\user\AppData\Local\Temp\ccCqUZbD.s:359    .text._fstat:0000000000000000 $t
C:\Users\user\AppData\Local\Temp\ccCqUZbD.s:366    .text._fstat:0000000000000000 _fstat
C:\Users\user\AppData\Local\Temp\ccCqUZbD.s:388    .text._isatty:0000000000000000 $t
C:\Users\user\AppData\Local\Temp\ccCqUZbD.s:395    .text._isatty:0000000000000000 _isatty
C:\Users\user\AppData\Local\Temp\ccCqUZbD.s:413    .text._lseek:0000000000000000 $t
C:\Users\user\AppData\Local\Temp\ccCqUZbD.s:420    .text._lseek:0000000000000000 _lseek
C:\Users\user\AppData\Local\Temp\ccCqUZbD.s:438    .text._open:0000000000000000 $t
C:\Users\user\AppData\Local\Temp\ccCqUZbD.s:445    .text._open:0000000000000000 _open
C:\Users\user\AppData\Local\Temp\ccCqUZbD.s:476    .text._wait:0000000000000000 $t
C:\Users\user\AppData\Local\Temp\ccCqUZbD.s:483    .text._wait:0000000000000000 _wait
C:\Users\user\AppData\Local\Temp\ccCqUZbD.s:510    .text._unlink:0000000000000000 $t
C:\Users\user\AppData\Local\Temp\ccCqUZbD.s:517    .text._unlink:0000000000000000 _unlink
C:\Users\user\AppData\Local\Temp\ccCqUZbD.s:544    .text._times:0000000000000000 $t
C:\Users\user\AppData\Local\Temp\ccCqUZbD.s:551    .text._times:0000000000000000 _times
C:\Users\user\AppData\Local\Temp\ccCqUZbD.s:569    .text._stat:0000000000000000 $t
C:\Users\user\AppData\Local\Temp\ccCqUZbD.s:576    .text._stat:0000000000000000 _stat
C:\Users\user\AppData\Local\Temp\ccCqUZbD.s:598    .text._link:0000000000000000 $t
C:\Users\user\AppData\Local\Temp\ccCqUZbD.s:605    .text._link:0000000000000000 _link
C:\Users\user\AppData\Local\Temp\ccCqUZbD.s:632    .text._fork:0000000000000000 $t
C:\Users\user\AppData\Local\Temp\ccCqUZbD.s:639    .text._fork:0000000000000000 _fork
C:\Users\user\AppData\Local\Temp\ccCqUZbD.s:664    .text._execve:0000000000000000 $t
C:\Users\user\AppData\Local\Temp\ccCqUZbD.s:671    .text._execve:0000000000000000 _execve
C:\Users\user\AppData\Local\Temp\ccCqUZbD.s:716    .data.environ:0000000000000000 environ
C:\Users\user\AppData\Local\Temp\ccCqUZbD.s:703    .bss.__env:0000000000000000 __env
C:\Users\user\AppData\Local\Temp\ccCqUZbD.s:700    .bss.__env:0000000000000000 $d
C:\Users\user\AppData\Local\Temp\ccCqUZbD.s:706    .bss.heap_end.0:0000000000000000 $d
C:\Users\user\AppData\Local\Temp\ccCqUZbD.s:710    .bss.heap_end.0:0000000000000000 heap_end.0
C:\Users\user\AppData\Local\Temp\ccCqUZbD.s:713    .data.environ:0000000000000000 $d

UNDEFINED SYMBOLS
__errno
__io_getchar
__io_putchar
end
