ARM GAS  C:\Users\user\AppData\Local\Temp\ccDnmNdg.s 			page 1


   1              		.cpu cortex-m4
   2              		.eabi_attribute 27, 1
   3              		.eabi_attribute 28, 1
   4              		.eabi_attribute 20, 1
   5              		.eabi_attribute 21, 1
   6              		.eabi_attribute 23, 3
   7              		.eabi_attribute 24, 1
   8              		.eabi_attribute 25, 1
   9              		.eabi_attribute 26, 1
  10              		.eabi_attribute 30, 1
  11              		.eabi_attribute 34, 1
  12              		.eabi_attribute 18, 4
  13              		.file	"WS2812B.c"
  14              		.text
  15              	.Ltext0:
  16              		.cfi_sections	.debug_frame
  17              		.section	.text.NOS_WS2812B_Matrix_Init,"ax",%progbits
  18              		.align	1
  19              		.global	NOS_WS2812B_Matrix_Init
  20              		.arch armv7e-m
  21              		.syntax unified
  22              		.thumb
  23              		.thumb_func
  24              		.fpu fpv4-sp-d16
  26              	NOS_WS2812B_Matrix_Init:
  27              	.LVL0:
  28              	.LFB0:
  29              		.file 1 "Core/Src/NOS_LIB_Driver/Src/WS2812B.c"
   1:Core/Src/NOS_LIB_Driver/Src/WS2812B.c **** #include "WS2812B.h"
   2:Core/Src/NOS_LIB_Driver/Src/WS2812B.c **** #include "CharLib(7x5).h"
   3:Core/Src/NOS_LIB_Driver/Src/WS2812B.c **** #include <stdbool.h>
   4:Core/Src/NOS_LIB_Driver/Src/WS2812B.c **** #include "NOS_Math.h"
   5:Core/Src/NOS_LIB_Driver/Src/WS2812B.c **** 
   6:Core/Src/NOS_LIB_Driver/Src/WS2812B.c **** void NOS_WS2812B_Matrix_Init(WS2812B_Matrix* matrix,uint8_t* buff,uint16_t ledsCount)
   7:Core/Src/NOS_LIB_Driver/Src/WS2812B.c **** {
  30              		.loc 1 7 1 view -0
  31              		.cfi_startproc
  32              		@ args = 0, pretend = 0, frame = 0
  33              		@ frame_needed = 0, uses_anonymous_args = 0
  34              		@ link register save eliminated.
   8:Core/Src/NOS_LIB_Driver/Src/WS2812B.c ****      matrix->buffer = buff;
  35              		.loc 1 8 6 view .LVU1
  36              		.loc 1 8 21 is_stmt 0 view .LVU2
  37 0000 0160     		str	r1, [r0]
   9:Core/Src/NOS_LIB_Driver/Src/WS2812B.c ****      matrix->ledsCount.data = ledsCount;
  38              		.loc 1 9 6 is_stmt 1 view .LVU3
  39              		.loc 1 9 29 is_stmt 0 view .LVU4
  40 0002 8280     		strh	r2, [r0, #4]	@ movhi
  10:Core/Src/NOS_LIB_Driver/Src/WS2812B.c **** }
  41              		.loc 1 10 1 view .LVU5
  42 0004 7047     		bx	lr
  43              		.cfi_endproc
  44              	.LFE0:
  46              		.section	.text.NOS_WS2812B_Matrix_SetPixel,"ax",%progbits
  47              		.align	1
  48              		.global	NOS_WS2812B_Matrix_SetPixel
  49              		.syntax unified
ARM GAS  C:\Users\user\AppData\Local\Temp\ccDnmNdg.s 			page 2


  50              		.thumb
  51              		.thumb_func
  52              		.fpu fpv4-sp-d16
  54              	NOS_WS2812B_Matrix_SetPixel:
  55              	.LVL1:
  56              	.LFB1:
  11:Core/Src/NOS_LIB_Driver/Src/WS2812B.c **** 
  12:Core/Src/NOS_LIB_Driver/Src/WS2812B.c **** void NOS_WS2812B_Matrix_SetPixel(WS2812B_Matrix* matrix,PixelColor* color,uint16_t pixelPos)
  13:Core/Src/NOS_LIB_Driver/Src/WS2812B.c **** {
  57              		.loc 1 13 1 is_stmt 1 view -0
  58              		.cfi_startproc
  59              		@ args = 0, pretend = 0, frame = 0
  60              		@ frame_needed = 0, uses_anonymous_args = 0
  61              		@ link register save eliminated.
  62              		.loc 1 13 1 is_stmt 0 view .LVU7
  63 0000 10B4     		push	{r4}
  64              	.LCFI0:
  65              		.cfi_def_cfa_offset 4
  66              		.cfi_offset 4, -4
  14:Core/Src/NOS_LIB_Driver/Src/WS2812B.c ****     matrix->buffer[pixelPos * 3] = color->R;
  67              		.loc 1 14 5 is_stmt 1 view .LVU8
  68              		.loc 1 14 11 is_stmt 0 view .LVU9
  69 0002 0368     		ldr	r3, [r0]
  70              		.loc 1 14 29 view .LVU10
  71 0004 02EB4202 		add	r2, r2, r2, lsl #1
  72              	.LVL2:
  73              		.loc 1 14 41 view .LVU11
  74 0008 91F800C0 		ldrb	ip, [r1]	@ zero_extendqisi2
  75              		.loc 1 14 34 view .LVU12
  76 000c 03F802C0 		strb	ip, [r3, r2]
  15:Core/Src/NOS_LIB_Driver/Src/WS2812B.c ****     matrix->buffer[pixelPos * 3 + 1] = color->G;
  77              		.loc 1 15 5 is_stmt 1 view .LVU13
  78              		.loc 1 15 19 is_stmt 0 view .LVU14
  79 0010 531C     		adds	r3, r2, #1
  80              		.loc 1 15 45 view .LVU15
  81 0012 91F801C0 		ldrb	ip, [r1, #1]	@ zero_extendqisi2
  82              		.loc 1 15 38 view .LVU16
  83 0016 0468     		ldr	r4, [r0]
  84 0018 04F803C0 		strb	ip, [r4, r3]
  16:Core/Src/NOS_LIB_Driver/Src/WS2812B.c ****     matrix->buffer[pixelPos * 3 + 2] = color->B;
  85              		.loc 1 16 5 is_stmt 1 view .LVU17
  86              		.loc 1 16 11 is_stmt 0 view .LVU18
  87 001c 0368     		ldr	r3, [r0]
  88              		.loc 1 16 19 view .LVU19
  89 001e 0232     		adds	r2, r2, #2
  90              		.loc 1 16 45 view .LVU20
  91 0020 8978     		ldrb	r1, [r1, #2]	@ zero_extendqisi2
  92              	.LVL3:
  93              		.loc 1 16 38 view .LVU21
  94 0022 9954     		strb	r1, [r3, r2]
  17:Core/Src/NOS_LIB_Driver/Src/WS2812B.c **** }
  95              		.loc 1 17 1 view .LVU22
  96 0024 5DF8044B 		ldr	r4, [sp], #4
  97              	.LCFI1:
  98              		.cfi_restore 4
  99              		.cfi_def_cfa_offset 0
 100 0028 7047     		bx	lr
ARM GAS  C:\Users\user\AppData\Local\Temp\ccDnmNdg.s 			page 3


 101              		.cfi_endproc
 102              	.LFE1:
 104              		.section	.text.GetPixelPos,"ax",%progbits
 105              		.align	1
 106              		.global	GetPixelPos
 107              		.syntax unified
 108              		.thumb
 109              		.thumb_func
 110              		.fpu fpv4-sp-d16
 112              	GetPixelPos:
 113              	.LVL4:
 114              	.LFB2:
  18:Core/Src/NOS_LIB_Driver/Src/WS2812B.c **** 
  19:Core/Src/NOS_LIB_Driver/Src/WS2812B.c **** uint16_t GetPixelPos(uint8_t x, uint8_t y)
  20:Core/Src/NOS_LIB_Driver/Src/WS2812B.c **** {
 115              		.loc 1 20 1 is_stmt 1 view -0
 116              		.cfi_startproc
 117              		@ args = 0, pretend = 0, frame = 0
 118              		@ frame_needed = 0, uses_anonymous_args = 0
 119              		@ link register save eliminated.
  21:Core/Src/NOS_LIB_Driver/Src/WS2812B.c ****     if (x % 2 == 0)
 120              		.loc 1 21 5 view .LVU24
 121              		.loc 1 21 8 is_stmt 0 view .LVU25
 122 0000 10F0010F 		tst	r0, #1
 123 0004 02D1     		bne	.L5
  22:Core/Src/NOS_LIB_Driver/Src/WS2812B.c ****     {
  23:Core/Src/NOS_LIB_Driver/Src/WS2812B.c ****         return (x * 8) + y;
 124              		.loc 1 23 9 is_stmt 1 view .LVU26
 125              		.loc 1 23 24 is_stmt 0 view .LVU27
 126 0006 01EBC000 		add	r0, r1, r0, lsl #3
 127              	.LVL5:
 128              		.loc 1 23 24 view .LVU28
 129 000a 7047     		bx	lr
 130              	.LVL6:
 131              	.L5:
  24:Core/Src/NOS_LIB_Driver/Src/WS2812B.c ****     }
  25:Core/Src/NOS_LIB_Driver/Src/WS2812B.c ****     else
  26:Core/Src/NOS_LIB_Driver/Src/WS2812B.c ****     {
  27:Core/Src/NOS_LIB_Driver/Src/WS2812B.c ****         return(x * 8) + (8 - y);
 132              		.loc 1 27 9 is_stmt 1 view .LVU29
 133              		.loc 1 27 23 is_stmt 0 view .LVU30
 134 000c C1EBC000 		rsb	r0, r1, r0, lsl #3
 135              	.LVL7:
 136              		.loc 1 27 23 view .LVU31
 137 0010 0830     		adds	r0, r0, #8
 138 0012 80B2     		uxth	r0, r0
  28:Core/Src/NOS_LIB_Driver/Src/WS2812B.c ****     }
  29:Core/Src/NOS_LIB_Driver/Src/WS2812B.c **** }
 139              		.loc 1 29 1 view .LVU32
 140 0014 7047     		bx	lr
 141              		.cfi_endproc
 142              	.LFE2:
 144              		.section	.text.NOS_WS2812B_Matrix_Update,"ax",%progbits
 145              		.align	1
 146              		.global	NOS_WS2812B_Matrix_Update
 147              		.syntax unified
 148              		.thumb
ARM GAS  C:\Users\user\AppData\Local\Temp\ccDnmNdg.s 			page 4


 149              		.thumb_func
 150              		.fpu fpv4-sp-d16
 152              	NOS_WS2812B_Matrix_Update:
 153              	.LVL8:
 154              	.LFB3:
  30:Core/Src/NOS_LIB_Driver/Src/WS2812B.c **** 
  31:Core/Src/NOS_LIB_Driver/Src/WS2812B.c **** void NOS_WS2812B_Matrix_Update(WS2812B_Matrix* matrix,uint8_t offset)
  32:Core/Src/NOS_LIB_Driver/Src/WS2812B.c **** {
 155              		.loc 1 32 1 is_stmt 1 view -0
 156              		.cfi_startproc
 157              		@ args = 0, pretend = 0, frame = 0
 158              		@ frame_needed = 0, uses_anonymous_args = 0
 159              		.loc 1 32 1 is_stmt 0 view .LVU34
 160 0000 2DE9F84F 		push	{r3, r4, r5, r6, r7, r8, r9, r10, fp, lr}
 161              	.LCFI2:
 162              		.cfi_def_cfa_offset 40
 163              		.cfi_offset 3, -40
 164              		.cfi_offset 4, -36
 165              		.cfi_offset 5, -32
 166              		.cfi_offset 6, -28
 167              		.cfi_offset 7, -24
 168              		.cfi_offset 8, -20
 169              		.cfi_offset 9, -16
 170              		.cfi_offset 10, -12
 171              		.cfi_offset 11, -8
 172              		.cfi_offset 14, -4
 173 0004 0446     		mov	r4, r0
 174 0006 0846     		mov	r0, r1
 175              	.LVL9:
  33:Core/Src/NOS_LIB_Driver/Src/WS2812B.c ****      uint8_t currColumn = NOS_Math_NormalizeValue(offset,matrix->size->col);
 176              		.loc 1 33 6 is_stmt 1 view .LVU35
 177              		.loc 1 33 64 is_stmt 0 view .LVU36
 178 0008 A368     		ldr	r3, [r4, #8]
 179              		.loc 1 33 27 view .LVU37
 180 000a 1978     		ldrb	r1, [r3]	@ zero_extendqisi2
 181              	.LVL10:
 182              		.loc 1 33 27 view .LVU38
 183 000c FFF7FEFF 		bl	NOS_Math_NormalizeValue
 184              	.LVL11:
 185              		.loc 1 33 14 view .LVU39
 186 0010 C6B2     		uxtb	r6, r0
 187              	.LVL12:
  34:Core/Src/NOS_LIB_Driver/Src/WS2812B.c ****      uint8_t currByte = 0;
 188              		.loc 1 34 6 is_stmt 1 view .LVU40
  35:Core/Src/NOS_LIB_Driver/Src/WS2812B.c ****      bool bit = false;
 189              		.loc 1 35 6 view .LVU41
  36:Core/Src/NOS_LIB_Driver/Src/WS2812B.c ****      uint8_t symvolCount = matrix->size->col / 6;
 190              		.loc 1 36 6 view .LVU42
 191              		.loc 1 36 34 is_stmt 0 view .LVU43
 192 0012 A368     		ldr	r3, [r4, #8]
 193              		.loc 1 36 40 view .LVU44
 194 0014 93F800A0 		ldrb	r10, [r3]	@ zero_extendqisi2
 195              		.loc 1 36 14 view .LVU45
 196 0018 3B4B     		ldr	r3, .L27
 197 001a A3FB0A3A 		umull	r3, r10, r3, r10
 198 001e 4FEA9A0A 		lsr	r10, r10, #2
 199              	.LVL13:
ARM GAS  C:\Users\user\AppData\Local\Temp\ccDnmNdg.s 			page 5


  37:Core/Src/NOS_LIB_Driver/Src/WS2812B.c ****      symvolCount--;
 200              		.loc 1 37 6 is_stmt 1 view .LVU46
 201              		.loc 1 37 17 is_stmt 0 view .LVU47
 202 0022 0AF1FF3A 		add	r10, r10, #-1
 203              	.LVL14:
 204              		.loc 1 37 17 view .LVU48
 205 0026 5FFA8AFA 		uxtb	r10, r10
 206              	.LVL15:
  38:Core/Src/NOS_LIB_Driver/Src/WS2812B.c ****      int currX = 0;
 207              		.loc 1 38 6 is_stmt 1 view .LVU49
  39:Core/Src/NOS_LIB_Driver/Src/WS2812B.c **** 
  40:Core/Src/NOS_LIB_Driver/Src/WS2812B.c ****      for(int currSymvol = 0; currSymvol < symvolCount; currSymvol++)
 208              		.loc 1 40 6 view .LVU50
 209              	.LBB2:
 210              		.loc 1 40 10 view .LVU51
 211              		.loc 1 40 14 is_stmt 0 view .LVU52
 212 002a 4FF00009 		mov	r9, #0
 213              		.loc 1 40 6 view .LVU53
 214 002e 64E0     		b	.L8
 215              	.LVL16:
 216              	.L11:
 217              	.LBB3:
 218              	.LBB4:
  41:Core/Src/NOS_LIB_Driver/Src/WS2812B.c ****      {
  42:Core/Src/NOS_LIB_Driver/Src/WS2812B.c ****         for(int Column = 0; Column < 5 ; Column++)
  43:Core/Src/NOS_LIB_Driver/Src/WS2812B.c ****         {
  44:Core/Src/NOS_LIB_Driver/Src/WS2812B.c ****             currByte = matrix->symvols[currSymvol].data[Column];
  45:Core/Src/NOS_LIB_Driver/Src/WS2812B.c **** 
  46:Core/Src/NOS_LIB_Driver/Src/WS2812B.c ****             if(currColumn % 2 == 0)
  47:Core/Src/NOS_LIB_Driver/Src/WS2812B.c ****             {
  48:Core/Src/NOS_LIB_Driver/Src/WS2812B.c ****                currX = 0;
  49:Core/Src/NOS_LIB_Driver/Src/WS2812B.c ****                for(int currBit = 0; currBit < 8; currBit++)
  50:Core/Src/NOS_LIB_Driver/Src/WS2812B.c ****                {
  51:Core/Src/NOS_LIB_Driver/Src/WS2812B.c ****                    bit = ((1 << currBit) & currByte);
  52:Core/Src/NOS_LIB_Driver/Src/WS2812B.c **** 
  53:Core/Src/NOS_LIB_Driver/Src/WS2812B.c ****                    if(bit)
  54:Core/Src/NOS_LIB_Driver/Src/WS2812B.c ****                    {
  55:Core/Src/NOS_LIB_Driver/Src/WS2812B.c ****                        NOS_WS2812B_Matrix_SetPixel(matrix,matrix->textColor,GetPixelPos(currColumn,
  56:Core/Src/NOS_LIB_Driver/Src/WS2812B.c ****                    }
  57:Core/Src/NOS_LIB_Driver/Src/WS2812B.c ****                    else
  58:Core/Src/NOS_LIB_Driver/Src/WS2812B.c ****                    {
  59:Core/Src/NOS_LIB_Driver/Src/WS2812B.c ****                        NOS_WS2812B_Matrix_SetPixel(matrix,matrix->foneColor,GetPixelPos(currColumn,
 219              		.loc 1 59 24 is_stmt 1 view .LVU54
 220 0030 5FFA8BF1 		uxtb	r1, fp
 221 0034 3046     		mov	r0, r6
 222 0036 FFF7FEFF 		bl	GetPixelPos
 223              	.LVL17:
 224              		.loc 1 59 24 is_stmt 0 view .LVU55
 225 003a 0246     		mov	r2, r0
 226 003c 2169     		ldr	r1, [r4, #16]
 227 003e 2046     		mov	r0, r4
 228 0040 FFF7FEFF 		bl	NOS_WS2812B_Matrix_SetPixel
 229              	.LVL18:
 230              	.L12:
  60:Core/Src/NOS_LIB_Driver/Src/WS2812B.c ****                    }
  61:Core/Src/NOS_LIB_Driver/Src/WS2812B.c ****                    currX++;
 231              		.loc 1 61 20 is_stmt 1 discriminator 2 view .LVU56
ARM GAS  C:\Users\user\AppData\Local\Temp\ccDnmNdg.s 			page 6


 232              		.loc 1 61 25 is_stmt 0 discriminator 2 view .LVU57
 233 0044 0BF1010B 		add	fp, fp, #1
 234              	.LVL19:
  49:Core/Src/NOS_LIB_Driver/Src/WS2812B.c ****                {
 235              		.loc 1 49 50 is_stmt 1 discriminator 2 view .LVU58
  49:Core/Src/NOS_LIB_Driver/Src/WS2812B.c ****                {
 236              		.loc 1 49 57 is_stmt 0 discriminator 2 view .LVU59
 237 0048 0135     		adds	r5, r5, #1
 238              	.LVL20:
 239              	.L9:
  49:Core/Src/NOS_LIB_Driver/Src/WS2812B.c ****                {
 240              		.loc 1 49 37 is_stmt 1 discriminator 1 view .LVU60
  49:Core/Src/NOS_LIB_Driver/Src/WS2812B.c ****                {
 241              		.loc 1 49 16 is_stmt 0 discriminator 1 view .LVU61
 242 004a 072D     		cmp	r5, #7
 243 004c 2FDC     		bgt	.L14
  51:Core/Src/NOS_LIB_Driver/Src/WS2812B.c **** 
 244              		.loc 1 51 20 is_stmt 1 view .LVU62
  51:Core/Src/NOS_LIB_Driver/Src/WS2812B.c **** 
 245              		.loc 1 51 30 is_stmt 0 view .LVU63
 246 004e 0123     		movs	r3, #1
 247 0050 AB40     		lsls	r3, r3, r5
 248              	.LVL21:
  53:Core/Src/NOS_LIB_Driver/Src/WS2812B.c ****                    {
 249              		.loc 1 53 20 is_stmt 1 view .LVU64
  53:Core/Src/NOS_LIB_Driver/Src/WS2812B.c ****                    {
 250              		.loc 1 53 22 is_stmt 0 view .LVU65
 251 0052 1F42     		tst	r7, r3
 252 0054 ECD0     		beq	.L11
  55:Core/Src/NOS_LIB_Driver/Src/WS2812B.c ****                    }
 253              		.loc 1 55 24 is_stmt 1 view .LVU66
 254 0056 5FFA8BF1 		uxtb	r1, fp
 255 005a 3046     		mov	r0, r6
 256 005c FFF7FEFF 		bl	GetPixelPos
 257              	.LVL22:
  55:Core/Src/NOS_LIB_Driver/Src/WS2812B.c ****                    }
 258              		.loc 1 55 24 is_stmt 0 view .LVU67
 259 0060 0246     		mov	r2, r0
 260 0062 E168     		ldr	r1, [r4, #12]
 261 0064 2046     		mov	r0, r4
 262 0066 FFF7FEFF 		bl	NOS_WS2812B_Matrix_SetPixel
 263              	.LVL23:
 264 006a EBE7     		b	.L12
 265              	.LVL24:
 266              	.L22:
  49:Core/Src/NOS_LIB_Driver/Src/WS2812B.c ****                {
 267              		.loc 1 49 24 view .LVU68
 268 006c 0025     		movs	r5, #0
 269              	.LBE4:
  48:Core/Src/NOS_LIB_Driver/Src/WS2812B.c ****                for(int currBit = 0; currBit < 8; currBit++)
 270              		.loc 1 48 22 view .LVU69
 271 006e AB46     		mov	fp, r5
 272 0070 EBE7     		b	.L9
 273              	.LVL25:
 274              	.L15:
 275              	.LBB5:
  62:Core/Src/NOS_LIB_Driver/Src/WS2812B.c ****                 }
ARM GAS  C:\Users\user\AppData\Local\Temp\ccDnmNdg.s 			page 7


  63:Core/Src/NOS_LIB_Driver/Src/WS2812B.c ****             }
  64:Core/Src/NOS_LIB_Driver/Src/WS2812B.c ****             else
  65:Core/Src/NOS_LIB_Driver/Src/WS2812B.c ****             {
  66:Core/Src/NOS_LIB_Driver/Src/WS2812B.c ****                currX = 1;
  67:Core/Src/NOS_LIB_Driver/Src/WS2812B.c ****                for(int currBit = 0; currBit < 8; currBit++)
  68:Core/Src/NOS_LIB_Driver/Src/WS2812B.c ****                {
  69:Core/Src/NOS_LIB_Driver/Src/WS2812B.c ****                    bit = ((1 << currBit) & currByte);
  70:Core/Src/NOS_LIB_Driver/Src/WS2812B.c **** 
  71:Core/Src/NOS_LIB_Driver/Src/WS2812B.c ****                    if(bit)
  72:Core/Src/NOS_LIB_Driver/Src/WS2812B.c ****                    {
  73:Core/Src/NOS_LIB_Driver/Src/WS2812B.c ****                        NOS_WS2812B_Matrix_SetPixel(matrix,matrix->textColor,GetPixelPos(currColumn,
  74:Core/Src/NOS_LIB_Driver/Src/WS2812B.c ****                    }
  75:Core/Src/NOS_LIB_Driver/Src/WS2812B.c ****                    else
  76:Core/Src/NOS_LIB_Driver/Src/WS2812B.c ****                    {
  77:Core/Src/NOS_LIB_Driver/Src/WS2812B.c ****                        NOS_WS2812B_Matrix_SetPixel(matrix,matrix->foneColor,GetPixelPos(currColumn,
 276              		.loc 1 77 24 is_stmt 1 view .LVU70
 277 0072 5FFA8BF1 		uxtb	r1, fp
 278 0076 3046     		mov	r0, r6
 279 0078 FFF7FEFF 		bl	GetPixelPos
 280              	.LVL26:
 281              		.loc 1 77 24 is_stmt 0 view .LVU71
 282 007c 0246     		mov	r2, r0
 283 007e 2169     		ldr	r1, [r4, #16]
 284 0080 2046     		mov	r0, r4
 285 0082 FFF7FEFF 		bl	NOS_WS2812B_Matrix_SetPixel
 286              	.LVL27:
 287              	.L16:
  78:Core/Src/NOS_LIB_Driver/Src/WS2812B.c ****                    }
  79:Core/Src/NOS_LIB_Driver/Src/WS2812B.c ****                    currX++;
 288              		.loc 1 79 20 is_stmt 1 discriminator 2 view .LVU72
 289              		.loc 1 79 25 is_stmt 0 discriminator 2 view .LVU73
 290 0086 0BF1010B 		add	fp, fp, #1
 291              	.LVL28:
  67:Core/Src/NOS_LIB_Driver/Src/WS2812B.c ****                {
 292              		.loc 1 67 50 is_stmt 1 discriminator 2 view .LVU74
  67:Core/Src/NOS_LIB_Driver/Src/WS2812B.c ****                {
 293              		.loc 1 67 57 is_stmt 0 discriminator 2 view .LVU75
 294 008a 0135     		adds	r5, r5, #1
 295              	.LVL29:
 296              	.L10:
  67:Core/Src/NOS_LIB_Driver/Src/WS2812B.c ****                {
 297              		.loc 1 67 37 is_stmt 1 discriminator 1 view .LVU76
  67:Core/Src/NOS_LIB_Driver/Src/WS2812B.c ****                {
 298              		.loc 1 67 16 is_stmt 0 discriminator 1 view .LVU77
 299 008c 072D     		cmp	r5, #7
 300 008e 0EDC     		bgt	.L14
  69:Core/Src/NOS_LIB_Driver/Src/WS2812B.c **** 
 301              		.loc 1 69 20 is_stmt 1 view .LVU78
  69:Core/Src/NOS_LIB_Driver/Src/WS2812B.c **** 
 302              		.loc 1 69 30 is_stmt 0 view .LVU79
 303 0090 0123     		movs	r3, #1
 304 0092 AB40     		lsls	r3, r3, r5
 305              	.LVL30:
  71:Core/Src/NOS_LIB_Driver/Src/WS2812B.c ****                    {
 306              		.loc 1 71 20 is_stmt 1 view .LVU80
  71:Core/Src/NOS_LIB_Driver/Src/WS2812B.c ****                    {
 307              		.loc 1 71 22 is_stmt 0 view .LVU81
ARM GAS  C:\Users\user\AppData\Local\Temp\ccDnmNdg.s 			page 8


 308 0094 1F42     		tst	r7, r3
 309 0096 ECD0     		beq	.L15
  73:Core/Src/NOS_LIB_Driver/Src/WS2812B.c ****                    }
 310              		.loc 1 73 24 is_stmt 1 view .LVU82
 311 0098 5FFA8BF1 		uxtb	r1, fp
 312 009c 3046     		mov	r0, r6
 313 009e FFF7FEFF 		bl	GetPixelPos
 314              	.LVL31:
  73:Core/Src/NOS_LIB_Driver/Src/WS2812B.c ****                    }
 315              		.loc 1 73 24 is_stmt 0 view .LVU83
 316 00a2 0246     		mov	r2, r0
 317 00a4 E168     		ldr	r1, [r4, #12]
 318 00a6 2046     		mov	r0, r4
 319 00a8 FFF7FEFF 		bl	NOS_WS2812B_Matrix_SetPixel
 320              	.LVL32:
 321 00ac EBE7     		b	.L16
 322              	.LVL33:
 323              	.L14:
  73:Core/Src/NOS_LIB_Driver/Src/WS2812B.c ****                    }
 324              		.loc 1 73 24 view .LVU84
 325              	.LBE5:
  80:Core/Src/NOS_LIB_Driver/Src/WS2812B.c ****                 }
  81:Core/Src/NOS_LIB_Driver/Src/WS2812B.c **** 
  82:Core/Src/NOS_LIB_Driver/Src/WS2812B.c ****             }
  83:Core/Src/NOS_LIB_Driver/Src/WS2812B.c ****             currColumn++;
 326              		.loc 1 83 13 is_stmt 1 discriminator 2 view .LVU85
 327              		.loc 1 83 23 is_stmt 0 discriminator 2 view .LVU86
 328 00ae 0136     		adds	r6, r6, #1
 329              	.LVL34:
 330              		.loc 1 83 23 discriminator 2 view .LVU87
 331 00b0 F6B2     		uxtb	r6, r6
 332              	.LVL35:
  42:Core/Src/NOS_LIB_Driver/Src/WS2812B.c ****         {
 333              		.loc 1 42 42 is_stmt 1 discriminator 2 view .LVU88
  42:Core/Src/NOS_LIB_Driver/Src/WS2812B.c ****         {
 334              		.loc 1 42 48 is_stmt 0 discriminator 2 view .LVU89
 335 00b2 08F10108 		add	r8, r8, #1
 336              	.LVL36:
 337              	.L21:
  42:Core/Src/NOS_LIB_Driver/Src/WS2812B.c ****         {
 338              		.loc 1 42 29 is_stmt 1 discriminator 1 view .LVU90
  42:Core/Src/NOS_LIB_Driver/Src/WS2812B.c ****         {
 339              		.loc 1 42 9 is_stmt 0 discriminator 1 view .LVU91
 340 00b6 B8F1040F 		cmp	r8, #4
 341 00ba 0CDC     		bgt	.L25
  44:Core/Src/NOS_LIB_Driver/Src/WS2812B.c **** 
 342              		.loc 1 44 13 is_stmt 1 view .LVU92
  44:Core/Src/NOS_LIB_Driver/Src/WS2812B.c **** 
 343              		.loc 1 44 30 is_stmt 0 view .LVU93
 344 00bc 6369     		ldr	r3, [r4, #20]
  44:Core/Src/NOS_LIB_Driver/Src/WS2812B.c **** 
 345              		.loc 1 44 39 view .LVU94
 346 00be 09EB8902 		add	r2, r9, r9, lsl #2
 347 00c2 1344     		add	r3, r3, r2
  44:Core/Src/NOS_LIB_Driver/Src/WS2812B.c **** 
 348              		.loc 1 44 22 view .LVU95
 349 00c4 13F80870 		ldrb	r7, [r3, r8]	@ zero_extendqisi2
ARM GAS  C:\Users\user\AppData\Local\Temp\ccDnmNdg.s 			page 9


 350              	.LVL37:
  46:Core/Src/NOS_LIB_Driver/Src/WS2812B.c ****             {
 351              		.loc 1 46 13 is_stmt 1 view .LVU96
  46:Core/Src/NOS_LIB_Driver/Src/WS2812B.c ****             {
 352              		.loc 1 46 15 is_stmt 0 view .LVU97
 353 00c8 16F0010F 		tst	r6, #1
 354 00cc CED0     		beq	.L22
 355              	.LBB6:
  67:Core/Src/NOS_LIB_Driver/Src/WS2812B.c ****                {
 356              		.loc 1 67 24 view .LVU98
 357 00ce 0025     		movs	r5, #0
 358              	.LBE6:
  66:Core/Src/NOS_LIB_Driver/Src/WS2812B.c ****                for(int currBit = 0; currBit < 8; currBit++)
 359              		.loc 1 66 22 view .LVU99
 360 00d0 4FF0010B 		mov	fp, #1
 361 00d4 DAE7     		b	.L10
 362              	.LVL38:
 363              	.L25:
  66:Core/Src/NOS_LIB_Driver/Src/WS2812B.c ****                for(int currBit = 0; currBit < 8; currBit++)
 364              		.loc 1 66 22 view .LVU100
 365              	.LBE3:
 366              	.LBB7:
  84:Core/Src/NOS_LIB_Driver/Src/WS2812B.c ****         }
  85:Core/Src/NOS_LIB_Driver/Src/WS2812B.c **** 
  86:Core/Src/NOS_LIB_Driver/Src/WS2812B.c ****         for(int i = 1; i < 9; i++)
 367              		.loc 1 86 17 view .LVU101
 368 00d6 0125     		movs	r5, #1
 369 00d8 09E0     		b	.L19
 370              	.LVL39:
 371              	.L20:
  87:Core/Src/NOS_LIB_Driver/Src/WS2812B.c ****         {
  88:Core/Src/NOS_LIB_Driver/Src/WS2812B.c ****             NOS_WS2812B_Matrix_SetPixel(matrix,matrix->foneColor,GetPixelPos(currColumn,i));
 372              		.loc 1 88 13 is_stmt 1 discriminator 3 view .LVU102
 373 00da E9B2     		uxtb	r1, r5
 374 00dc 3046     		mov	r0, r6
 375 00de FFF7FEFF 		bl	GetPixelPos
 376              	.LVL40:
 377 00e2 0246     		mov	r2, r0
 378 00e4 2169     		ldr	r1, [r4, #16]
 379 00e6 2046     		mov	r0, r4
 380 00e8 FFF7FEFF 		bl	NOS_WS2812B_Matrix_SetPixel
 381              	.LVL41:
  86:Core/Src/NOS_LIB_Driver/Src/WS2812B.c ****         {
 382              		.loc 1 86 31 discriminator 3 view .LVU103
  86:Core/Src/NOS_LIB_Driver/Src/WS2812B.c ****         {
 383              		.loc 1 86 32 is_stmt 0 discriminator 3 view .LVU104
 384 00ec 0135     		adds	r5, r5, #1
 385              	.LVL42:
 386              	.L19:
  86:Core/Src/NOS_LIB_Driver/Src/WS2812B.c ****         {
 387              		.loc 1 86 24 is_stmt 1 discriminator 1 view .LVU105
  86:Core/Src/NOS_LIB_Driver/Src/WS2812B.c ****         {
 388              		.loc 1 86 9 is_stmt 0 discriminator 1 view .LVU106
 389 00ee 082D     		cmp	r5, #8
 390 00f0 F3DD     		ble	.L20
 391              	.LBE7:
  89:Core/Src/NOS_LIB_Driver/Src/WS2812B.c ****         }
ARM GAS  C:\Users\user\AppData\Local\Temp\ccDnmNdg.s 			page 10


  90:Core/Src/NOS_LIB_Driver/Src/WS2812B.c ****         currColumn++;
 392              		.loc 1 90 9 is_stmt 1 discriminator 2 view .LVU107
 393              		.loc 1 90 19 is_stmt 0 discriminator 2 view .LVU108
 394 00f2 0136     		adds	r6, r6, #1
 395              	.LVL43:
 396              		.loc 1 90 19 discriminator 2 view .LVU109
 397 00f4 F6B2     		uxtb	r6, r6
 398              	.LVL44:
  40:Core/Src/NOS_LIB_Driver/Src/WS2812B.c ****      {
 399              		.loc 1 40 56 is_stmt 1 discriminator 2 view .LVU110
  40:Core/Src/NOS_LIB_Driver/Src/WS2812B.c ****      {
 400              		.loc 1 40 66 is_stmt 0 discriminator 2 view .LVU111
 401 00f6 09F10109 		add	r9, r9, #1
 402              	.LVL45:
 403              	.L8:
  40:Core/Src/NOS_LIB_Driver/Src/WS2812B.c ****      {
 404              		.loc 1 40 30 is_stmt 1 discriminator 1 view .LVU112
  40:Core/Src/NOS_LIB_Driver/Src/WS2812B.c ****      {
 405              		.loc 1 40 6 is_stmt 0 discriminator 1 view .LVU113
 406 00fa CA45     		cmp	r10, r9
 407 00fc 02DD     		ble	.L26
 408              	.LBB8:
  42:Core/Src/NOS_LIB_Driver/Src/WS2812B.c ****         {
 409              		.loc 1 42 17 view .LVU114
 410 00fe 4FF00008 		mov	r8, #0
 411 0102 D8E7     		b	.L21
 412              	.L26:
 413              	.LBE8:
 414              	.LBE2:
  91:Core/Src/NOS_LIB_Driver/Src/WS2812B.c ****      }
  92:Core/Src/NOS_LIB_Driver/Src/WS2812B.c **** }
 415              		.loc 1 92 1 view .LVU115
 416 0104 BDE8F88F 		pop	{r3, r4, r5, r6, r7, r8, r9, r10, fp, pc}
 417              	.LVL46:
 418              	.L28:
 419              		.loc 1 92 1 view .LVU116
 420              		.align	2
 421              	.L27:
 422 0108 ABAAAAAA 		.word	-1431655765
 423              		.cfi_endproc
 424              	.LFE3:
 426              		.section	.text.Symvol_GetBitMap,"ax",%progbits
 427              		.align	1
 428              		.global	Symvol_GetBitMap
 429              		.syntax unified
 430              		.thumb
 431              		.thumb_func
 432              		.fpu fpv4-sp-d16
 434              	Symvol_GetBitMap:
 435              	.LVL47:
 436              	.LFB6:
  93:Core/Src/NOS_LIB_Driver/Src/WS2812B.c **** 
  94:Core/Src/NOS_LIB_Driver/Src/WS2812B.c **** void NOS_WS2812B_Matrix_SetSymvol(WS2812B_Matrix* matrix,char sym,uint8_t pos)
  95:Core/Src/NOS_LIB_Driver/Src/WS2812B.c **** {
  96:Core/Src/NOS_LIB_Driver/Src/WS2812B.c ****     uint8_t* buff = Symvol_GetBitMap(sym);
  97:Core/Src/NOS_LIB_Driver/Src/WS2812B.c ****     for(int i = 0; i < 5; i++)
  98:Core/Src/NOS_LIB_Driver/Src/WS2812B.c ****     {
ARM GAS  C:\Users\user\AppData\Local\Temp\ccDnmNdg.s 			page 11


  99:Core/Src/NOS_LIB_Driver/Src/WS2812B.c ****         matrix->symvols[pos].data[i] = buff[i];
 100:Core/Src/NOS_LIB_Driver/Src/WS2812B.c ****     }
 101:Core/Src/NOS_LIB_Driver/Src/WS2812B.c **** }
 102:Core/Src/NOS_LIB_Driver/Src/WS2812B.c **** 
 103:Core/Src/NOS_LIB_Driver/Src/WS2812B.c **** void NOS_WS2812B_Matrix_PrintStaticString(WS2812B_Matrix* matrix,char string[],uint8_t startpos,uin
 104:Core/Src/NOS_LIB_Driver/Src/WS2812B.c **** {
 105:Core/Src/NOS_LIB_Driver/Src/WS2812B.c ****     for(int i = startpos; i < startpos + lenght; i++)
 106:Core/Src/NOS_LIB_Driver/Src/WS2812B.c ****     {
 107:Core/Src/NOS_LIB_Driver/Src/WS2812B.c ****         NOS_WS2812B_Matrix_SetSymvol(matrix,string[i - startpos],i);
 108:Core/Src/NOS_LIB_Driver/Src/WS2812B.c ****     }
 109:Core/Src/NOS_LIB_Driver/Src/WS2812B.c **** }
 110:Core/Src/NOS_LIB_Driver/Src/WS2812B.c **** 
 111:Core/Src/NOS_LIB_Driver/Src/WS2812B.c **** uint8_t* Symvol_GetBitMap(char sym)
 112:Core/Src/NOS_LIB_Driver/Src/WS2812B.c **** {
 437              		.loc 1 112 1 is_stmt 1 view -0
 438              		.cfi_startproc
 439              		@ args = 0, pretend = 0, frame = 0
 440              		@ frame_needed = 0, uses_anonymous_args = 0
 441              		@ link register save eliminated.
 113:Core/Src/NOS_LIB_Driver/Src/WS2812B.c ****     switch (sym)
 442              		.loc 1 113 5 view .LVU118
 443 0000 2038     		subs	r0, r0, #32
 444              	.LVL48:
 445              		.loc 1 113 5 is_stmt 0 view .LVU119
 446 0002 3A28     		cmp	r0, #58
 447 0004 6FD8     		bhi	.L30
 448 0006 DFE800F0 		tbb	[pc, r0]
 449              	.L32:
 450 000a 50       		.byte	(.L72-.L32)/2
 451 000b 6E       		.byte	(.L30-.L32)/2
 452 000c 6E       		.byte	(.L30-.L32)/2
 453 000d 6E       		.byte	(.L30-.L32)/2
 454 000e 6E       		.byte	(.L30-.L32)/2
 455 000f 6E       		.byte	(.L30-.L32)/2
 456 0010 6E       		.byte	(.L30-.L32)/2
 457 0011 6E       		.byte	(.L30-.L32)/2
 458 0012 6E       		.byte	(.L30-.L32)/2
 459 0013 6E       		.byte	(.L30-.L32)/2
 460 0014 58       		.byte	(.L71-.L32)/2
 461 0015 52       		.byte	(.L70-.L32)/2
 462 0016 6E       		.byte	(.L30-.L32)/2
 463 0017 54       		.byte	(.L69-.L32)/2
 464 0018 6E       		.byte	(.L30-.L32)/2
 465 0019 56       		.byte	(.L68-.L32)/2
 466 001a 5A       		.byte	(.L67-.L32)/2
 467 001b 5C       		.byte	(.L66-.L32)/2
 468 001c 5E       		.byte	(.L65-.L32)/2
 469 001d 60       		.byte	(.L64-.L32)/2
 470 001e 62       		.byte	(.L63-.L32)/2
 471 001f 64       		.byte	(.L62-.L32)/2
 472 0020 66       		.byte	(.L61-.L32)/2
 473 0021 68       		.byte	(.L60-.L32)/2
 474 0022 6A       		.byte	(.L59-.L32)/2
 475 0023 6C       		.byte	(.L58-.L32)/2
 476 0024 6E       		.byte	(.L30-.L32)/2
 477 0025 6E       		.byte	(.L30-.L32)/2
 478 0026 6E       		.byte	(.L30-.L32)/2
ARM GAS  C:\Users\user\AppData\Local\Temp\ccDnmNdg.s 			page 12


 479 0027 6E       		.byte	(.L30-.L32)/2
 480 0028 6E       		.byte	(.L30-.L32)/2
 481 0029 6E       		.byte	(.L30-.L32)/2
 482 002a 6E       		.byte	(.L30-.L32)/2
 483 002b 1E       		.byte	(.L57-.L32)/2
 484 002c 70       		.byte	(.L73-.L32)/2
 485 002d 20       		.byte	(.L55-.L32)/2
 486 002e 22       		.byte	(.L54-.L32)/2
 487 002f 24       		.byte	(.L53-.L32)/2
 488 0030 26       		.byte	(.L52-.L32)/2
 489 0031 28       		.byte	(.L51-.L32)/2
 490 0032 2A       		.byte	(.L50-.L32)/2
 491 0033 2C       		.byte	(.L49-.L32)/2
 492 0034 2E       		.byte	(.L48-.L32)/2
 493 0035 30       		.byte	(.L47-.L32)/2
 494 0036 32       		.byte	(.L46-.L32)/2
 495 0037 34       		.byte	(.L45-.L32)/2
 496 0038 36       		.byte	(.L44-.L32)/2
 497 0039 38       		.byte	(.L43-.L32)/2
 498 003a 3A       		.byte	(.L42-.L32)/2
 499 003b 3C       		.byte	(.L41-.L32)/2
 500 003c 3E       		.byte	(.L40-.L32)/2
 501 003d 40       		.byte	(.L39-.L32)/2
 502 003e 42       		.byte	(.L38-.L32)/2
 503 003f 44       		.byte	(.L37-.L32)/2
 504 0040 46       		.byte	(.L36-.L32)/2
 505 0041 48       		.byte	(.L35-.L32)/2
 506 0042 4A       		.byte	(.L34-.L32)/2
 507 0043 4C       		.byte	(.L33-.L32)/2
 508 0044 4E       		.byte	(.L31-.L32)/2
 509 0045 00       		.p2align 1
 510              	.L57:
 114:Core/Src/NOS_LIB_Driver/Src/WS2812B.c ****     {
 115:Core/Src/NOS_LIB_Driver/Src/WS2812B.c **** /* English upper case */
 116:Core/Src/NOS_LIB_Driver/Src/WS2812B.c **** case 'A':
 117:Core/Src/NOS_LIB_Driver/Src/WS2812B.c ****     return Eng_A;
 118:Core/Src/NOS_LIB_Driver/Src/WS2812B.c ****     break;
 119:Core/Src/NOS_LIB_Driver/Src/WS2812B.c **** case 'B':
 120:Core/Src/NOS_LIB_Driver/Src/WS2812B.c ****     return Eng_B;
 121:Core/Src/NOS_LIB_Driver/Src/WS2812B.c ****     break;
 122:Core/Src/NOS_LIB_Driver/Src/WS2812B.c **** case 'C':
 123:Core/Src/NOS_LIB_Driver/Src/WS2812B.c ****     return Eng_C;
 124:Core/Src/NOS_LIB_Driver/Src/WS2812B.c ****     break;
 125:Core/Src/NOS_LIB_Driver/Src/WS2812B.c **** case 'D':
 126:Core/Src/NOS_LIB_Driver/Src/WS2812B.c ****     return Eng_D;
 127:Core/Src/NOS_LIB_Driver/Src/WS2812B.c ****     break;
 128:Core/Src/NOS_LIB_Driver/Src/WS2812B.c **** case 'E':
 129:Core/Src/NOS_LIB_Driver/Src/WS2812B.c ****     return Eng_E;
 130:Core/Src/NOS_LIB_Driver/Src/WS2812B.c ****     break;
 131:Core/Src/NOS_LIB_Driver/Src/WS2812B.c **** case 'F':
 132:Core/Src/NOS_LIB_Driver/Src/WS2812B.c ****     return Eng_F;
 133:Core/Src/NOS_LIB_Driver/Src/WS2812B.c ****     break;
 134:Core/Src/NOS_LIB_Driver/Src/WS2812B.c **** case 'G':
 135:Core/Src/NOS_LIB_Driver/Src/WS2812B.c ****     return Eng_G;
 136:Core/Src/NOS_LIB_Driver/Src/WS2812B.c ****     break;
 137:Core/Src/NOS_LIB_Driver/Src/WS2812B.c **** case 'H':
 138:Core/Src/NOS_LIB_Driver/Src/WS2812B.c ****     return Eng_H;
ARM GAS  C:\Users\user\AppData\Local\Temp\ccDnmNdg.s 			page 13


 139:Core/Src/NOS_LIB_Driver/Src/WS2812B.c ****     break;
 140:Core/Src/NOS_LIB_Driver/Src/WS2812B.c **** case 'I':
 141:Core/Src/NOS_LIB_Driver/Src/WS2812B.c ****     return Eng_I;
 142:Core/Src/NOS_LIB_Driver/Src/WS2812B.c ****     break;
 143:Core/Src/NOS_LIB_Driver/Src/WS2812B.c **** case 'J':
 144:Core/Src/NOS_LIB_Driver/Src/WS2812B.c ****     return Eng_J;
 145:Core/Src/NOS_LIB_Driver/Src/WS2812B.c ****     break;
 146:Core/Src/NOS_LIB_Driver/Src/WS2812B.c **** case 'K':
 147:Core/Src/NOS_LIB_Driver/Src/WS2812B.c ****     return Eng_K;
 148:Core/Src/NOS_LIB_Driver/Src/WS2812B.c ****     break;
 149:Core/Src/NOS_LIB_Driver/Src/WS2812B.c **** case 'L':
 150:Core/Src/NOS_LIB_Driver/Src/WS2812B.c ****     return Eng_L;
 151:Core/Src/NOS_LIB_Driver/Src/WS2812B.c ****     break;
 152:Core/Src/NOS_LIB_Driver/Src/WS2812B.c **** case 'M':
 153:Core/Src/NOS_LIB_Driver/Src/WS2812B.c ****     return Eng_M;
 154:Core/Src/NOS_LIB_Driver/Src/WS2812B.c ****     break;
 155:Core/Src/NOS_LIB_Driver/Src/WS2812B.c **** case 'N':
 156:Core/Src/NOS_LIB_Driver/Src/WS2812B.c ****     return Eng_N;
 157:Core/Src/NOS_LIB_Driver/Src/WS2812B.c ****     break;
 158:Core/Src/NOS_LIB_Driver/Src/WS2812B.c **** case 'O':
 159:Core/Src/NOS_LIB_Driver/Src/WS2812B.c ****     return Eng_O;
 160:Core/Src/NOS_LIB_Driver/Src/WS2812B.c ****     break;
 161:Core/Src/NOS_LIB_Driver/Src/WS2812B.c **** case 'P':
 162:Core/Src/NOS_LIB_Driver/Src/WS2812B.c ****     return Eng_P;
 163:Core/Src/NOS_LIB_Driver/Src/WS2812B.c ****     break;
 164:Core/Src/NOS_LIB_Driver/Src/WS2812B.c **** case 'Q':
 165:Core/Src/NOS_LIB_Driver/Src/WS2812B.c ****     return Eng_Q;
 166:Core/Src/NOS_LIB_Driver/Src/WS2812B.c ****     break;
 167:Core/Src/NOS_LIB_Driver/Src/WS2812B.c **** case 'R':
 168:Core/Src/NOS_LIB_Driver/Src/WS2812B.c ****     return Eng_R;
 169:Core/Src/NOS_LIB_Driver/Src/WS2812B.c ****     break;
 170:Core/Src/NOS_LIB_Driver/Src/WS2812B.c **** case 'S':
 171:Core/Src/NOS_LIB_Driver/Src/WS2812B.c ****     return Eng_S;
 172:Core/Src/NOS_LIB_Driver/Src/WS2812B.c ****     break;
 173:Core/Src/NOS_LIB_Driver/Src/WS2812B.c **** case 'T':
 174:Core/Src/NOS_LIB_Driver/Src/WS2812B.c ****     return Eng_T;
 175:Core/Src/NOS_LIB_Driver/Src/WS2812B.c ****     break;
 176:Core/Src/NOS_LIB_Driver/Src/WS2812B.c **** case 'U':
 177:Core/Src/NOS_LIB_Driver/Src/WS2812B.c ****     return Eng_U;
 178:Core/Src/NOS_LIB_Driver/Src/WS2812B.c ****     break;
 179:Core/Src/NOS_LIB_Driver/Src/WS2812B.c **** case 'V':
 180:Core/Src/NOS_LIB_Driver/Src/WS2812B.c ****     return Eng_V;
 181:Core/Src/NOS_LIB_Driver/Src/WS2812B.c ****     break;
 182:Core/Src/NOS_LIB_Driver/Src/WS2812B.c **** case 'W':
 183:Core/Src/NOS_LIB_Driver/Src/WS2812B.c ****     return Eng_W;
 184:Core/Src/NOS_LIB_Driver/Src/WS2812B.c ****     break;
 185:Core/Src/NOS_LIB_Driver/Src/WS2812B.c **** case 'X':
 186:Core/Src/NOS_LIB_Driver/Src/WS2812B.c ****     return Eng_X;
 187:Core/Src/NOS_LIB_Driver/Src/WS2812B.c ****     break;
 188:Core/Src/NOS_LIB_Driver/Src/WS2812B.c **** case 'Y':
 189:Core/Src/NOS_LIB_Driver/Src/WS2812B.c ****     return Eng_Y;
 190:Core/Src/NOS_LIB_Driver/Src/WS2812B.c ****     break;
 191:Core/Src/NOS_LIB_Driver/Src/WS2812B.c **** case 'Z':
 192:Core/Src/NOS_LIB_Driver/Src/WS2812B.c ****     return Eng_Z;
 193:Core/Src/NOS_LIB_Driver/Src/WS2812B.c ****     break;
 194:Core/Src/NOS_LIB_Driver/Src/WS2812B.c **** /* English upper case */
 195:Core/Src/NOS_LIB_Driver/Src/WS2812B.c **** 
ARM GAS  C:\Users\user\AppData\Local\Temp\ccDnmNdg.s 			page 14


 196:Core/Src/NOS_LIB_Driver/Src/WS2812B.c **** /* Special symvols */
 197:Core/Src/NOS_LIB_Driver/Src/WS2812B.c **** case ' ':
 198:Core/Src/NOS_LIB_Driver/Src/WS2812B.c ****     return Space;
 199:Core/Src/NOS_LIB_Driver/Src/WS2812B.c ****     break;
 200:Core/Src/NOS_LIB_Driver/Src/WS2812B.c **** case '+':
 201:Core/Src/NOS_LIB_Driver/Src/WS2812B.c ****     return Plus;
 202:Core/Src/NOS_LIB_Driver/Src/WS2812B.c ****     break;
 203:Core/Src/NOS_LIB_Driver/Src/WS2812B.c **** case '-':
 204:Core/Src/NOS_LIB_Driver/Src/WS2812B.c ****     return Minus;
 205:Core/Src/NOS_LIB_Driver/Src/WS2812B.c ****     break;    
 206:Core/Src/NOS_LIB_Driver/Src/WS2812B.c **** case '/':
 207:Core/Src/NOS_LIB_Driver/Src/WS2812B.c ****     return Slash;
 208:Core/Src/NOS_LIB_Driver/Src/WS2812B.c ****     break;
 209:Core/Src/NOS_LIB_Driver/Src/WS2812B.c **** case '*':
 210:Core/Src/NOS_LIB_Driver/Src/WS2812B.c ****     return Celcium;
 211:Core/Src/NOS_LIB_Driver/Src/WS2812B.c ****     break;
 212:Core/Src/NOS_LIB_Driver/Src/WS2812B.c ****         
 213:Core/Src/NOS_LIB_Driver/Src/WS2812B.c **** /* Special symvols */
 214:Core/Src/NOS_LIB_Driver/Src/WS2812B.c **** 
 215:Core/Src/NOS_LIB_Driver/Src/WS2812B.c **** /* Numbers */
 216:Core/Src/NOS_LIB_Driver/Src/WS2812B.c **** case '0':
 217:Core/Src/NOS_LIB_Driver/Src/WS2812B.c ****     return Num_0;
 218:Core/Src/NOS_LIB_Driver/Src/WS2812B.c ****     break;
 219:Core/Src/NOS_LIB_Driver/Src/WS2812B.c ****     case '1':
 220:Core/Src/NOS_LIB_Driver/Src/WS2812B.c ****     return Num_1;
 221:Core/Src/NOS_LIB_Driver/Src/WS2812B.c ****     break;
 222:Core/Src/NOS_LIB_Driver/Src/WS2812B.c ****     case '2':
 223:Core/Src/NOS_LIB_Driver/Src/WS2812B.c ****     return Num_2;
 224:Core/Src/NOS_LIB_Driver/Src/WS2812B.c ****     break;
 225:Core/Src/NOS_LIB_Driver/Src/WS2812B.c ****     case '3':
 226:Core/Src/NOS_LIB_Driver/Src/WS2812B.c ****     return Num_3;
 227:Core/Src/NOS_LIB_Driver/Src/WS2812B.c ****     break;
 228:Core/Src/NOS_LIB_Driver/Src/WS2812B.c ****     case '4':
 229:Core/Src/NOS_LIB_Driver/Src/WS2812B.c ****     return Num_4;
 230:Core/Src/NOS_LIB_Driver/Src/WS2812B.c ****     break;
 231:Core/Src/NOS_LIB_Driver/Src/WS2812B.c ****     case '5':
 232:Core/Src/NOS_LIB_Driver/Src/WS2812B.c ****     return Num_5;
 233:Core/Src/NOS_LIB_Driver/Src/WS2812B.c ****     break;
 234:Core/Src/NOS_LIB_Driver/Src/WS2812B.c ****     case '6':
 235:Core/Src/NOS_LIB_Driver/Src/WS2812B.c ****     return Num_6;
 236:Core/Src/NOS_LIB_Driver/Src/WS2812B.c ****     break;
 237:Core/Src/NOS_LIB_Driver/Src/WS2812B.c ****     case '7':
 238:Core/Src/NOS_LIB_Driver/Src/WS2812B.c ****     return Num_7;
 239:Core/Src/NOS_LIB_Driver/Src/WS2812B.c ****     break;
 240:Core/Src/NOS_LIB_Driver/Src/WS2812B.c ****     case '8':
 241:Core/Src/NOS_LIB_Driver/Src/WS2812B.c ****     return Num_8;
 242:Core/Src/NOS_LIB_Driver/Src/WS2812B.c ****     break;
 243:Core/Src/NOS_LIB_Driver/Src/WS2812B.c ****     case '9':
 244:Core/Src/NOS_LIB_Driver/Src/WS2812B.c ****     return Num_9;
 511              		.loc 1 244 12 view .LVU120
 512 0046 2A48     		ldr	r0, .L74
 513 0048 7047     		bx	lr
 514              	.L55:
 121:Core/Src/NOS_LIB_Driver/Src/WS2812B.c **** case 'C':
 515              		.loc 1 121 5 is_stmt 1 view .LVU121
 123:Core/Src/NOS_LIB_Driver/Src/WS2812B.c ****     break;
 516              		.loc 1 123 5 view .LVU122
ARM GAS  C:\Users\user\AppData\Local\Temp\ccDnmNdg.s 			page 15


 123:Core/Src/NOS_LIB_Driver/Src/WS2812B.c ****     break;
 517              		.loc 1 123 12 is_stmt 0 view .LVU123
 518 004a 2A48     		ldr	r0, .L74+4
 519 004c 7047     		bx	lr
 520              	.L54:
 124:Core/Src/NOS_LIB_Driver/Src/WS2812B.c **** case 'D':
 521              		.loc 1 124 5 is_stmt 1 view .LVU124
 126:Core/Src/NOS_LIB_Driver/Src/WS2812B.c ****     break;
 522              		.loc 1 126 5 view .LVU125
 126:Core/Src/NOS_LIB_Driver/Src/WS2812B.c ****     break;
 523              		.loc 1 126 12 is_stmt 0 view .LVU126
 524 004e 2A48     		ldr	r0, .L74+8
 525 0050 7047     		bx	lr
 526              	.L53:
 127:Core/Src/NOS_LIB_Driver/Src/WS2812B.c **** case 'E':
 527              		.loc 1 127 5 is_stmt 1 view .LVU127
 129:Core/Src/NOS_LIB_Driver/Src/WS2812B.c ****     break;
 528              		.loc 1 129 5 view .LVU128
 129:Core/Src/NOS_LIB_Driver/Src/WS2812B.c ****     break;
 529              		.loc 1 129 12 is_stmt 0 view .LVU129
 530 0052 2A48     		ldr	r0, .L74+12
 531 0054 7047     		bx	lr
 532              	.L52:
 130:Core/Src/NOS_LIB_Driver/Src/WS2812B.c **** case 'F':
 533              		.loc 1 130 5 is_stmt 1 view .LVU130
 132:Core/Src/NOS_LIB_Driver/Src/WS2812B.c ****     break;
 534              		.loc 1 132 5 view .LVU131
 132:Core/Src/NOS_LIB_Driver/Src/WS2812B.c ****     break;
 535              		.loc 1 132 12 is_stmt 0 view .LVU132
 536 0056 2A48     		ldr	r0, .L74+16
 537 0058 7047     		bx	lr
 538              	.L51:
 133:Core/Src/NOS_LIB_Driver/Src/WS2812B.c **** case 'G':
 539              		.loc 1 133 5 is_stmt 1 view .LVU133
 135:Core/Src/NOS_LIB_Driver/Src/WS2812B.c ****     break;
 540              		.loc 1 135 5 view .LVU134
 135:Core/Src/NOS_LIB_Driver/Src/WS2812B.c ****     break;
 541              		.loc 1 135 12 is_stmt 0 view .LVU135
 542 005a 2A48     		ldr	r0, .L74+20
 543 005c 7047     		bx	lr
 544              	.L50:
 136:Core/Src/NOS_LIB_Driver/Src/WS2812B.c **** case 'H':
 545              		.loc 1 136 5 is_stmt 1 view .LVU136
 138:Core/Src/NOS_LIB_Driver/Src/WS2812B.c ****     break;
 546              		.loc 1 138 5 view .LVU137
 138:Core/Src/NOS_LIB_Driver/Src/WS2812B.c ****     break;
 547              		.loc 1 138 12 is_stmt 0 view .LVU138
 548 005e 2A48     		ldr	r0, .L74+24
 549 0060 7047     		bx	lr
 550              	.L49:
 139:Core/Src/NOS_LIB_Driver/Src/WS2812B.c **** case 'I':
 551              		.loc 1 139 5 is_stmt 1 view .LVU139
 141:Core/Src/NOS_LIB_Driver/Src/WS2812B.c ****     break;
 552              		.loc 1 141 5 view .LVU140
 141:Core/Src/NOS_LIB_Driver/Src/WS2812B.c ****     break;
 553              		.loc 1 141 12 is_stmt 0 view .LVU141
 554 0062 2A48     		ldr	r0, .L74+28
ARM GAS  C:\Users\user\AppData\Local\Temp\ccDnmNdg.s 			page 16


 555 0064 7047     		bx	lr
 556              	.L48:
 142:Core/Src/NOS_LIB_Driver/Src/WS2812B.c **** case 'J':
 557              		.loc 1 142 5 is_stmt 1 view .LVU142
 144:Core/Src/NOS_LIB_Driver/Src/WS2812B.c ****     break;
 558              		.loc 1 144 5 view .LVU143
 144:Core/Src/NOS_LIB_Driver/Src/WS2812B.c ****     break;
 559              		.loc 1 144 12 is_stmt 0 view .LVU144
 560 0066 2A48     		ldr	r0, .L74+32
 561 0068 7047     		bx	lr
 562              	.L47:
 145:Core/Src/NOS_LIB_Driver/Src/WS2812B.c **** case 'K':
 563              		.loc 1 145 5 is_stmt 1 view .LVU145
 147:Core/Src/NOS_LIB_Driver/Src/WS2812B.c ****     break;
 564              		.loc 1 147 5 view .LVU146
 147:Core/Src/NOS_LIB_Driver/Src/WS2812B.c ****     break;
 565              		.loc 1 147 12 is_stmt 0 view .LVU147
 566 006a 2A48     		ldr	r0, .L74+36
 567 006c 7047     		bx	lr
 568              	.L46:
 148:Core/Src/NOS_LIB_Driver/Src/WS2812B.c **** case 'L':
 569              		.loc 1 148 5 is_stmt 1 view .LVU148
 150:Core/Src/NOS_LIB_Driver/Src/WS2812B.c ****     break;
 570              		.loc 1 150 5 view .LVU149
 150:Core/Src/NOS_LIB_Driver/Src/WS2812B.c ****     break;
 571              		.loc 1 150 12 is_stmt 0 view .LVU150
 572 006e 2A48     		ldr	r0, .L74+40
 573 0070 7047     		bx	lr
 574              	.L45:
 151:Core/Src/NOS_LIB_Driver/Src/WS2812B.c **** case 'M':
 575              		.loc 1 151 5 is_stmt 1 view .LVU151
 153:Core/Src/NOS_LIB_Driver/Src/WS2812B.c ****     break;
 576              		.loc 1 153 5 view .LVU152
 153:Core/Src/NOS_LIB_Driver/Src/WS2812B.c ****     break;
 577              		.loc 1 153 12 is_stmt 0 view .LVU153
 578 0072 2A48     		ldr	r0, .L74+44
 579 0074 7047     		bx	lr
 580              	.L44:
 154:Core/Src/NOS_LIB_Driver/Src/WS2812B.c **** case 'N':
 581              		.loc 1 154 5 is_stmt 1 view .LVU154
 156:Core/Src/NOS_LIB_Driver/Src/WS2812B.c ****     break;
 582              		.loc 1 156 5 view .LVU155
 156:Core/Src/NOS_LIB_Driver/Src/WS2812B.c ****     break;
 583              		.loc 1 156 12 is_stmt 0 view .LVU156
 584 0076 2A48     		ldr	r0, .L74+48
 585 0078 7047     		bx	lr
 586              	.L43:
 157:Core/Src/NOS_LIB_Driver/Src/WS2812B.c **** case 'O':
 587              		.loc 1 157 5 is_stmt 1 view .LVU157
 159:Core/Src/NOS_LIB_Driver/Src/WS2812B.c ****     break;
 588              		.loc 1 159 5 view .LVU158
 159:Core/Src/NOS_LIB_Driver/Src/WS2812B.c ****     break;
 589              		.loc 1 159 12 is_stmt 0 view .LVU159
 590 007a 2A48     		ldr	r0, .L74+52
 591 007c 7047     		bx	lr
 592              	.L42:
 160:Core/Src/NOS_LIB_Driver/Src/WS2812B.c **** case 'P':
ARM GAS  C:\Users\user\AppData\Local\Temp\ccDnmNdg.s 			page 17


 593              		.loc 1 160 5 is_stmt 1 view .LVU160
 162:Core/Src/NOS_LIB_Driver/Src/WS2812B.c ****     break;
 594              		.loc 1 162 5 view .LVU161
 162:Core/Src/NOS_LIB_Driver/Src/WS2812B.c ****     break;
 595              		.loc 1 162 12 is_stmt 0 view .LVU162
 596 007e 2A48     		ldr	r0, .L74+56
 597 0080 7047     		bx	lr
 598              	.L41:
 163:Core/Src/NOS_LIB_Driver/Src/WS2812B.c **** case 'Q':
 599              		.loc 1 163 5 is_stmt 1 view .LVU163
 165:Core/Src/NOS_LIB_Driver/Src/WS2812B.c ****     break;
 600              		.loc 1 165 5 view .LVU164
 165:Core/Src/NOS_LIB_Driver/Src/WS2812B.c ****     break;
 601              		.loc 1 165 12 is_stmt 0 view .LVU165
 602 0082 2A48     		ldr	r0, .L74+60
 603 0084 7047     		bx	lr
 604              	.L40:
 166:Core/Src/NOS_LIB_Driver/Src/WS2812B.c **** case 'R':
 605              		.loc 1 166 5 is_stmt 1 view .LVU166
 168:Core/Src/NOS_LIB_Driver/Src/WS2812B.c ****     break;
 606              		.loc 1 168 5 view .LVU167
 168:Core/Src/NOS_LIB_Driver/Src/WS2812B.c ****     break;
 607              		.loc 1 168 12 is_stmt 0 view .LVU168
 608 0086 2A48     		ldr	r0, .L74+64
 609 0088 7047     		bx	lr
 610              	.L39:
 169:Core/Src/NOS_LIB_Driver/Src/WS2812B.c **** case 'S':
 611              		.loc 1 169 5 is_stmt 1 view .LVU169
 171:Core/Src/NOS_LIB_Driver/Src/WS2812B.c ****     break;
 612              		.loc 1 171 5 view .LVU170
 171:Core/Src/NOS_LIB_Driver/Src/WS2812B.c ****     break;
 613              		.loc 1 171 12 is_stmt 0 view .LVU171
 614 008a 2A48     		ldr	r0, .L74+68
 615 008c 7047     		bx	lr
 616              	.L38:
 172:Core/Src/NOS_LIB_Driver/Src/WS2812B.c **** case 'T':
 617              		.loc 1 172 5 is_stmt 1 view .LVU172
 174:Core/Src/NOS_LIB_Driver/Src/WS2812B.c ****     break;
 618              		.loc 1 174 5 view .LVU173
 174:Core/Src/NOS_LIB_Driver/Src/WS2812B.c ****     break;
 619              		.loc 1 174 12 is_stmt 0 view .LVU174
 620 008e 2A48     		ldr	r0, .L74+72
 621 0090 7047     		bx	lr
 622              	.L37:
 175:Core/Src/NOS_LIB_Driver/Src/WS2812B.c **** case 'U':
 623              		.loc 1 175 5 is_stmt 1 view .LVU175
 177:Core/Src/NOS_LIB_Driver/Src/WS2812B.c ****     break;
 624              		.loc 1 177 5 view .LVU176
 177:Core/Src/NOS_LIB_Driver/Src/WS2812B.c ****     break;
 625              		.loc 1 177 12 is_stmt 0 view .LVU177
 626 0092 2A48     		ldr	r0, .L74+76
 627 0094 7047     		bx	lr
 628              	.L36:
 178:Core/Src/NOS_LIB_Driver/Src/WS2812B.c **** case 'V':
 629              		.loc 1 178 5 is_stmt 1 view .LVU178
 180:Core/Src/NOS_LIB_Driver/Src/WS2812B.c ****     break;
 630              		.loc 1 180 5 view .LVU179
ARM GAS  C:\Users\user\AppData\Local\Temp\ccDnmNdg.s 			page 18


 180:Core/Src/NOS_LIB_Driver/Src/WS2812B.c ****     break;
 631              		.loc 1 180 12 is_stmt 0 view .LVU180
 632 0096 2A48     		ldr	r0, .L74+80
 633 0098 7047     		bx	lr
 634              	.L35:
 181:Core/Src/NOS_LIB_Driver/Src/WS2812B.c **** case 'W':
 635              		.loc 1 181 5 is_stmt 1 view .LVU181
 183:Core/Src/NOS_LIB_Driver/Src/WS2812B.c ****     break;
 636              		.loc 1 183 5 view .LVU182
 183:Core/Src/NOS_LIB_Driver/Src/WS2812B.c ****     break;
 637              		.loc 1 183 12 is_stmt 0 view .LVU183
 638 009a 2A48     		ldr	r0, .L74+84
 639 009c 7047     		bx	lr
 640              	.L34:
 184:Core/Src/NOS_LIB_Driver/Src/WS2812B.c **** case 'X':
 641              		.loc 1 184 5 is_stmt 1 view .LVU184
 186:Core/Src/NOS_LIB_Driver/Src/WS2812B.c ****     break;
 642              		.loc 1 186 5 view .LVU185
 186:Core/Src/NOS_LIB_Driver/Src/WS2812B.c ****     break;
 643              		.loc 1 186 12 is_stmt 0 view .LVU186
 644 009e 2A48     		ldr	r0, .L74+88
 645 00a0 7047     		bx	lr
 646              	.L33:
 187:Core/Src/NOS_LIB_Driver/Src/WS2812B.c **** case 'Y':
 647              		.loc 1 187 5 is_stmt 1 view .LVU187
 189:Core/Src/NOS_LIB_Driver/Src/WS2812B.c ****     break;
 648              		.loc 1 189 5 view .LVU188
 189:Core/Src/NOS_LIB_Driver/Src/WS2812B.c ****     break;
 649              		.loc 1 189 12 is_stmt 0 view .LVU189
 650 00a2 2A48     		ldr	r0, .L74+92
 651 00a4 7047     		bx	lr
 652              	.L31:
 190:Core/Src/NOS_LIB_Driver/Src/WS2812B.c **** case 'Z':
 653              		.loc 1 190 5 is_stmt 1 view .LVU190
 192:Core/Src/NOS_LIB_Driver/Src/WS2812B.c ****     break;
 654              		.loc 1 192 5 view .LVU191
 192:Core/Src/NOS_LIB_Driver/Src/WS2812B.c ****     break;
 655              		.loc 1 192 12 is_stmt 0 view .LVU192
 656 00a6 2A48     		ldr	r0, .L74+96
 657 00a8 7047     		bx	lr
 658              	.L72:
 193:Core/Src/NOS_LIB_Driver/Src/WS2812B.c **** /* English upper case */
 659              		.loc 1 193 5 is_stmt 1 view .LVU193
 198:Core/Src/NOS_LIB_Driver/Src/WS2812B.c ****     break;
 660              		.loc 1 198 5 view .LVU194
 198:Core/Src/NOS_LIB_Driver/Src/WS2812B.c ****     break;
 661              		.loc 1 198 12 is_stmt 0 view .LVU195
 662 00aa 2A48     		ldr	r0, .L74+100
 663 00ac 7047     		bx	lr
 664              	.L70:
 199:Core/Src/NOS_LIB_Driver/Src/WS2812B.c **** case '+':
 665              		.loc 1 199 5 is_stmt 1 view .LVU196
 201:Core/Src/NOS_LIB_Driver/Src/WS2812B.c ****     break;
 666              		.loc 1 201 5 view .LVU197
 201:Core/Src/NOS_LIB_Driver/Src/WS2812B.c ****     break;
 667              		.loc 1 201 12 is_stmt 0 view .LVU198
 668 00ae 2A48     		ldr	r0, .L74+104
ARM GAS  C:\Users\user\AppData\Local\Temp\ccDnmNdg.s 			page 19


 669 00b0 7047     		bx	lr
 670              	.L69:
 202:Core/Src/NOS_LIB_Driver/Src/WS2812B.c **** case '-':
 671              		.loc 1 202 5 is_stmt 1 view .LVU199
 204:Core/Src/NOS_LIB_Driver/Src/WS2812B.c ****     break;    
 672              		.loc 1 204 5 view .LVU200
 204:Core/Src/NOS_LIB_Driver/Src/WS2812B.c ****     break;    
 673              		.loc 1 204 12 is_stmt 0 view .LVU201
 674 00b2 2A48     		ldr	r0, .L74+108
 675 00b4 7047     		bx	lr
 676              	.L68:
 205:Core/Src/NOS_LIB_Driver/Src/WS2812B.c **** case '/':
 677              		.loc 1 205 5 is_stmt 1 view .LVU202
 207:Core/Src/NOS_LIB_Driver/Src/WS2812B.c ****     break;
 678              		.loc 1 207 5 view .LVU203
 207:Core/Src/NOS_LIB_Driver/Src/WS2812B.c ****     break;
 679              		.loc 1 207 12 is_stmt 0 view .LVU204
 680 00b6 2A48     		ldr	r0, .L74+112
 681 00b8 7047     		bx	lr
 682              	.L71:
 208:Core/Src/NOS_LIB_Driver/Src/WS2812B.c **** case '*':
 683              		.loc 1 208 5 is_stmt 1 view .LVU205
 210:Core/Src/NOS_LIB_Driver/Src/WS2812B.c ****     break;
 684              		.loc 1 210 5 view .LVU206
 210:Core/Src/NOS_LIB_Driver/Src/WS2812B.c ****     break;
 685              		.loc 1 210 12 is_stmt 0 view .LVU207
 686 00ba 2A48     		ldr	r0, .L74+116
 687 00bc 7047     		bx	lr
 688              	.L67:
 211:Core/Src/NOS_LIB_Driver/Src/WS2812B.c ****         
 689              		.loc 1 211 5 is_stmt 1 view .LVU208
 217:Core/Src/NOS_LIB_Driver/Src/WS2812B.c ****     break;
 690              		.loc 1 217 5 view .LVU209
 217:Core/Src/NOS_LIB_Driver/Src/WS2812B.c ****     break;
 691              		.loc 1 217 12 is_stmt 0 view .LVU210
 692 00be 2A48     		ldr	r0, .L74+120
 693 00c0 7047     		bx	lr
 694              	.L66:
 218:Core/Src/NOS_LIB_Driver/Src/WS2812B.c ****     case '1':
 695              		.loc 1 218 5 is_stmt 1 view .LVU211
 220:Core/Src/NOS_LIB_Driver/Src/WS2812B.c ****     break;
 696              		.loc 1 220 5 view .LVU212
 220:Core/Src/NOS_LIB_Driver/Src/WS2812B.c ****     break;
 697              		.loc 1 220 12 is_stmt 0 view .LVU213
 698 00c2 2A48     		ldr	r0, .L74+124
 699 00c4 7047     		bx	lr
 700              	.L65:
 221:Core/Src/NOS_LIB_Driver/Src/WS2812B.c ****     case '2':
 701              		.loc 1 221 5 is_stmt 1 view .LVU214
 223:Core/Src/NOS_LIB_Driver/Src/WS2812B.c ****     break;
 702              		.loc 1 223 5 view .LVU215
 223:Core/Src/NOS_LIB_Driver/Src/WS2812B.c ****     break;
 703              		.loc 1 223 12 is_stmt 0 view .LVU216
 704 00c6 2A48     		ldr	r0, .L74+128
 705 00c8 7047     		bx	lr
 706              	.L64:
 224:Core/Src/NOS_LIB_Driver/Src/WS2812B.c ****     case '3':
ARM GAS  C:\Users\user\AppData\Local\Temp\ccDnmNdg.s 			page 20


 707              		.loc 1 224 5 is_stmt 1 view .LVU217
 226:Core/Src/NOS_LIB_Driver/Src/WS2812B.c ****     break;
 708              		.loc 1 226 5 view .LVU218
 226:Core/Src/NOS_LIB_Driver/Src/WS2812B.c ****     break;
 709              		.loc 1 226 12 is_stmt 0 view .LVU219
 710 00ca 2A48     		ldr	r0, .L74+132
 711 00cc 7047     		bx	lr
 712              	.L63:
 227:Core/Src/NOS_LIB_Driver/Src/WS2812B.c ****     case '4':
 713              		.loc 1 227 5 is_stmt 1 view .LVU220
 229:Core/Src/NOS_LIB_Driver/Src/WS2812B.c ****     break;
 714              		.loc 1 229 5 view .LVU221
 229:Core/Src/NOS_LIB_Driver/Src/WS2812B.c ****     break;
 715              		.loc 1 229 12 is_stmt 0 view .LVU222
 716 00ce 2A48     		ldr	r0, .L74+136
 717 00d0 7047     		bx	lr
 718              	.L62:
 230:Core/Src/NOS_LIB_Driver/Src/WS2812B.c ****     case '5':
 719              		.loc 1 230 5 is_stmt 1 view .LVU223
 232:Core/Src/NOS_LIB_Driver/Src/WS2812B.c ****     break;
 720              		.loc 1 232 5 view .LVU224
 232:Core/Src/NOS_LIB_Driver/Src/WS2812B.c ****     break;
 721              		.loc 1 232 12 is_stmt 0 view .LVU225
 722 00d2 2A48     		ldr	r0, .L74+140
 723 00d4 7047     		bx	lr
 724              	.L61:
 233:Core/Src/NOS_LIB_Driver/Src/WS2812B.c ****     case '6':
 725              		.loc 1 233 5 is_stmt 1 view .LVU226
 235:Core/Src/NOS_LIB_Driver/Src/WS2812B.c ****     break;
 726              		.loc 1 235 5 view .LVU227
 235:Core/Src/NOS_LIB_Driver/Src/WS2812B.c ****     break;
 727              		.loc 1 235 12 is_stmt 0 view .LVU228
 728 00d6 2A48     		ldr	r0, .L74+144
 729 00d8 7047     		bx	lr
 730              	.L60:
 236:Core/Src/NOS_LIB_Driver/Src/WS2812B.c ****     case '7':
 731              		.loc 1 236 5 is_stmt 1 view .LVU229
 238:Core/Src/NOS_LIB_Driver/Src/WS2812B.c ****     break;
 732              		.loc 1 238 5 view .LVU230
 238:Core/Src/NOS_LIB_Driver/Src/WS2812B.c ****     break;
 733              		.loc 1 238 12 is_stmt 0 view .LVU231
 734 00da 2A48     		ldr	r0, .L74+148
 735 00dc 7047     		bx	lr
 736              	.L59:
 239:Core/Src/NOS_LIB_Driver/Src/WS2812B.c ****     case '8':
 737              		.loc 1 239 5 is_stmt 1 view .LVU232
 241:Core/Src/NOS_LIB_Driver/Src/WS2812B.c ****     break;
 738              		.loc 1 241 5 view .LVU233
 241:Core/Src/NOS_LIB_Driver/Src/WS2812B.c ****     break;
 739              		.loc 1 241 12 is_stmt 0 view .LVU234
 740 00de 2A48     		ldr	r0, .L74+152
 741 00e0 7047     		bx	lr
 742              	.L58:
 242:Core/Src/NOS_LIB_Driver/Src/WS2812B.c ****     case '9':
 743              		.loc 1 242 5 is_stmt 1 view .LVU235
 744              		.loc 1 244 5 view .LVU236
 745              		.loc 1 244 12 is_stmt 0 view .LVU237
ARM GAS  C:\Users\user\AppData\Local\Temp\ccDnmNdg.s 			page 21


 746 00e2 2A48     		ldr	r0, .L74+156
 747 00e4 7047     		bx	lr
 748              	.L30:
 245:Core/Src/NOS_LIB_Driver/Src/WS2812B.c ****     break;
 749              		.loc 1 245 5 is_stmt 1 view .LVU238
 246:Core/Src/NOS_LIB_Driver/Src/WS2812B.c **** /* Numbers */
 247:Core/Src/NOS_LIB_Driver/Src/WS2812B.c **** 
 248:Core/Src/NOS_LIB_Driver/Src/WS2812B.c ****     default:
 249:Core/Src/NOS_LIB_Driver/Src/WS2812B.c ****     return 0;
 750              		.loc 1 249 5 view .LVU239
 751              		.loc 1 249 12 is_stmt 0 view .LVU240
 752 00e6 0020     		movs	r0, #0
 753 00e8 7047     		bx	lr
 754              	.L73:
 120:Core/Src/NOS_LIB_Driver/Src/WS2812B.c ****     break;
 755              		.loc 1 120 12 view .LVU241
 756 00ea 2948     		ldr	r0, .L74+160
 250:Core/Src/NOS_LIB_Driver/Src/WS2812B.c ****         break;
 757              		.loc 1 250 9 is_stmt 1 view .LVU242
 251:Core/Src/NOS_LIB_Driver/Src/WS2812B.c ****     }
 252:Core/Src/NOS_LIB_Driver/Src/WS2812B.c **** }
 758              		.loc 1 252 1 is_stmt 0 view .LVU243
 759 00ec 7047     		bx	lr
 760              	.L75:
 761 00ee 00BF     		.align	2
 762              	.L74:
 763 00f0 00000000 		.word	.LANCHOR40
 764 00f4 00000000 		.word	.LANCHOR1
 765 00f8 00000000 		.word	.LANCHOR2
 766 00fc 00000000 		.word	.LANCHOR3
 767 0100 00000000 		.word	.LANCHOR4
 768 0104 00000000 		.word	.LANCHOR5
 769 0108 00000000 		.word	.LANCHOR6
 770 010c 00000000 		.word	.LANCHOR7
 771 0110 00000000 		.word	.LANCHOR8
 772 0114 00000000 		.word	.LANCHOR9
 773 0118 00000000 		.word	.LANCHOR10
 774 011c 00000000 		.word	.LANCHOR11
 775 0120 00000000 		.word	.LANCHOR12
 776 0124 00000000 		.word	.LANCHOR13
 777 0128 00000000 		.word	.LANCHOR14
 778 012c 00000000 		.word	.LANCHOR15
 779 0130 00000000 		.word	.LANCHOR16
 780 0134 00000000 		.word	.LANCHOR17
 781 0138 00000000 		.word	.LANCHOR18
 782 013c 00000000 		.word	.LANCHOR19
 783 0140 00000000 		.word	.LANCHOR20
 784 0144 00000000 		.word	.LANCHOR21
 785 0148 00000000 		.word	.LANCHOR22
 786 014c 00000000 		.word	.LANCHOR23
 787 0150 00000000 		.word	.LANCHOR24
 788 0154 00000000 		.word	.LANCHOR25
 789 0158 00000000 		.word	.LANCHOR26
 790 015c 00000000 		.word	.LANCHOR27
 791 0160 00000000 		.word	.LANCHOR28
 792 0164 00000000 		.word	.LANCHOR29
 793 0168 00000000 		.word	.LANCHOR30
ARM GAS  C:\Users\user\AppData\Local\Temp\ccDnmNdg.s 			page 22


 794 016c 00000000 		.word	.LANCHOR31
 795 0170 00000000 		.word	.LANCHOR32
 796 0174 00000000 		.word	.LANCHOR33
 797 0178 00000000 		.word	.LANCHOR34
 798 017c 00000000 		.word	.LANCHOR35
 799 0180 00000000 		.word	.LANCHOR36
 800 0184 00000000 		.word	.LANCHOR37
 801 0188 00000000 		.word	.LANCHOR38
 802 018c 00000000 		.word	.LANCHOR39
 803 0190 00000000 		.word	.LANCHOR0
 804              		.cfi_endproc
 805              	.LFE6:
 807              		.section	.text.NOS_WS2812B_Matrix_SetSymvol,"ax",%progbits
 808              		.align	1
 809              		.global	NOS_WS2812B_Matrix_SetSymvol
 810              		.syntax unified
 811              		.thumb
 812              		.thumb_func
 813              		.fpu fpv4-sp-d16
 815              	NOS_WS2812B_Matrix_SetSymvol:
 816              	.LVL49:
 817              	.LFB4:
  95:Core/Src/NOS_LIB_Driver/Src/WS2812B.c ****     uint8_t* buff = Symvol_GetBitMap(sym);
 818              		.loc 1 95 1 is_stmt 1 view -0
 819              		.cfi_startproc
 820              		@ args = 0, pretend = 0, frame = 0
 821              		@ frame_needed = 0, uses_anonymous_args = 0
  95:Core/Src/NOS_LIB_Driver/Src/WS2812B.c ****     uint8_t* buff = Symvol_GetBitMap(sym);
 822              		.loc 1 95 1 is_stmt 0 view .LVU245
 823 0000 38B5     		push	{r3, r4, r5, lr}
 824              	.LCFI3:
 825              		.cfi_def_cfa_offset 16
 826              		.cfi_offset 3, -16
 827              		.cfi_offset 4, -12
 828              		.cfi_offset 5, -8
 829              		.cfi_offset 14, -4
 830 0002 0546     		mov	r5, r0
 831 0004 1446     		mov	r4, r2
  96:Core/Src/NOS_LIB_Driver/Src/WS2812B.c ****     for(int i = 0; i < 5; i++)
 832              		.loc 1 96 5 is_stmt 1 view .LVU246
  96:Core/Src/NOS_LIB_Driver/Src/WS2812B.c ****     for(int i = 0; i < 5; i++)
 833              		.loc 1 96 21 is_stmt 0 view .LVU247
 834 0006 0846     		mov	r0, r1
 835              	.LVL50:
  96:Core/Src/NOS_LIB_Driver/Src/WS2812B.c ****     for(int i = 0; i < 5; i++)
 836              		.loc 1 96 21 view .LVU248
 837 0008 FFF7FEFF 		bl	Symvol_GetBitMap
 838              	.LVL51:
  97:Core/Src/NOS_LIB_Driver/Src/WS2812B.c ****     {
 839              		.loc 1 97 5 is_stmt 1 view .LVU249
 840              	.LBB9:
  97:Core/Src/NOS_LIB_Driver/Src/WS2812B.c ****     {
 841              		.loc 1 97 9 view .LVU250
  97:Core/Src/NOS_LIB_Driver/Src/WS2812B.c ****     {
 842              		.loc 1 97 13 is_stmt 0 view .LVU251
 843 000c 0023     		movs	r3, #0
  97:Core/Src/NOS_LIB_Driver/Src/WS2812B.c ****     {
ARM GAS  C:\Users\user\AppData\Local\Temp\ccDnmNdg.s 			page 23


 844              		.loc 1 97 5 view .LVU252
 845 000e 06E0     		b	.L77
 846              	.LVL52:
 847              	.L78:
  99:Core/Src/NOS_LIB_Driver/Src/WS2812B.c ****     }
 848              		.loc 1 99 9 is_stmt 1 discriminator 3 view .LVU253
  99:Core/Src/NOS_LIB_Driver/Src/WS2812B.c ****     }
 849              		.loc 1 99 15 is_stmt 0 discriminator 3 view .LVU254
 850 0010 6969     		ldr	r1, [r5, #20]
  99:Core/Src/NOS_LIB_Driver/Src/WS2812B.c ****     }
 851              		.loc 1 99 24 discriminator 3 view .LVU255
 852 0012 04EB8402 		add	r2, r4, r4, lsl #2
 853 0016 1144     		add	r1, r1, r2
  99:Core/Src/NOS_LIB_Driver/Src/WS2812B.c ****     }
 854              		.loc 1 99 44 discriminator 3 view .LVU256
 855 0018 C25C     		ldrb	r2, [r0, r3]	@ zero_extendqisi2
  99:Core/Src/NOS_LIB_Driver/Src/WS2812B.c ****     }
 856              		.loc 1 99 38 discriminator 3 view .LVU257
 857 001a CA54     		strb	r2, [r1, r3]
  97:Core/Src/NOS_LIB_Driver/Src/WS2812B.c ****     {
 858              		.loc 1 97 27 is_stmt 1 discriminator 3 view .LVU258
  97:Core/Src/NOS_LIB_Driver/Src/WS2812B.c ****     {
 859              		.loc 1 97 28 is_stmt 0 discriminator 3 view .LVU259
 860 001c 0133     		adds	r3, r3, #1
 861              	.LVL53:
 862              	.L77:
  97:Core/Src/NOS_LIB_Driver/Src/WS2812B.c ****     {
 863              		.loc 1 97 20 is_stmt 1 discriminator 1 view .LVU260
  97:Core/Src/NOS_LIB_Driver/Src/WS2812B.c ****     {
 864              		.loc 1 97 5 is_stmt 0 discriminator 1 view .LVU261
 865 001e 042B     		cmp	r3, #4
 866 0020 F6DD     		ble	.L78
 867              	.LBE9:
 101:Core/Src/NOS_LIB_Driver/Src/WS2812B.c **** 
 868              		.loc 1 101 1 view .LVU262
 869 0022 38BD     		pop	{r3, r4, r5, pc}
 101:Core/Src/NOS_LIB_Driver/Src/WS2812B.c **** 
 870              		.loc 1 101 1 view .LVU263
 871              		.cfi_endproc
 872              	.LFE4:
 874              		.section	.text.NOS_WS2812B_Matrix_PrintStaticString,"ax",%progbits
 875              		.align	1
 876              		.global	NOS_WS2812B_Matrix_PrintStaticString
 877              		.syntax unified
 878              		.thumb
 879              		.thumb_func
 880              		.fpu fpv4-sp-d16
 882              	NOS_WS2812B_Matrix_PrintStaticString:
 883              	.LVL54:
 884              	.LFB5:
 104:Core/Src/NOS_LIB_Driver/Src/WS2812B.c ****     for(int i = startpos; i < startpos + lenght; i++)
 885              		.loc 1 104 1 is_stmt 1 view -0
 886              		.cfi_startproc
 887              		@ args = 0, pretend = 0, frame = 0
 888              		@ frame_needed = 0, uses_anonymous_args = 0
 104:Core/Src/NOS_LIB_Driver/Src/WS2812B.c ****     for(int i = startpos; i < startpos + lenght; i++)
 889              		.loc 1 104 1 is_stmt 0 view .LVU265
ARM GAS  C:\Users\user\AppData\Local\Temp\ccDnmNdg.s 			page 24


 890 0000 2DE9F041 		push	{r4, r5, r6, r7, r8, lr}
 891              	.LCFI4:
 892              		.cfi_def_cfa_offset 24
 893              		.cfi_offset 4, -24
 894              		.cfi_offset 5, -20
 895              		.cfi_offset 6, -16
 896              		.cfi_offset 7, -12
 897              		.cfi_offset 8, -8
 898              		.cfi_offset 14, -4
 899 0004 8046     		mov	r8, r0
 900 0006 0F46     		mov	r7, r1
 901 0008 1546     		mov	r5, r2
 902 000a 1E46     		mov	r6, r3
 105:Core/Src/NOS_LIB_Driver/Src/WS2812B.c ****     {
 903              		.loc 1 105 5 is_stmt 1 view .LVU266
 904              	.LBB10:
 105:Core/Src/NOS_LIB_Driver/Src/WS2812B.c ****     {
 905              		.loc 1 105 9 view .LVU267
 906              	.LVL55:
 105:Core/Src/NOS_LIB_Driver/Src/WS2812B.c ****     {
 907              		.loc 1 105 13 is_stmt 0 view .LVU268
 908 000c 1446     		mov	r4, r2
 105:Core/Src/NOS_LIB_Driver/Src/WS2812B.c ****     {
 909              		.loc 1 105 5 view .LVU269
 910 000e 08E0     		b	.L81
 911              	.LVL56:
 912              	.L82:
 107:Core/Src/NOS_LIB_Driver/Src/WS2812B.c ****     }
 913              		.loc 1 107 9 is_stmt 1 discriminator 3 view .LVU270
 107:Core/Src/NOS_LIB_Driver/Src/WS2812B.c ****     }
 914              		.loc 1 107 54 is_stmt 0 discriminator 3 view .LVU271
 915 0010 A4EB050C 		sub	ip, r4, r5
 107:Core/Src/NOS_LIB_Driver/Src/WS2812B.c ****     }
 916              		.loc 1 107 9 discriminator 3 view .LVU272
 917 0014 E2B2     		uxtb	r2, r4
 918 0016 17F80C10 		ldrb	r1, [r7, ip]	@ zero_extendqisi2
 919 001a 4046     		mov	r0, r8
 920 001c FFF7FEFF 		bl	NOS_WS2812B_Matrix_SetSymvol
 921              	.LVL57:
 105:Core/Src/NOS_LIB_Driver/Src/WS2812B.c ****     {
 922              		.loc 1 105 50 is_stmt 1 discriminator 3 view .LVU273
 105:Core/Src/NOS_LIB_Driver/Src/WS2812B.c ****     {
 923              		.loc 1 105 51 is_stmt 0 discriminator 3 view .LVU274
 924 0020 0134     		adds	r4, r4, #1
 925              	.LVL58:
 926              	.L81:
 105:Core/Src/NOS_LIB_Driver/Src/WS2812B.c ****     {
 927              		.loc 1 105 27 is_stmt 1 discriminator 1 view .LVU275
 105:Core/Src/NOS_LIB_Driver/Src/WS2812B.c ****     {
 928              		.loc 1 105 40 is_stmt 0 discriminator 1 view .LVU276
 929 0022 7219     		adds	r2, r6, r5
 105:Core/Src/NOS_LIB_Driver/Src/WS2812B.c ****     {
 930              		.loc 1 105 5 discriminator 1 view .LVU277
 931 0024 A242     		cmp	r2, r4
 932 0026 F3DC     		bgt	.L82
 105:Core/Src/NOS_LIB_Driver/Src/WS2812B.c ****     {
 933              		.loc 1 105 5 discriminator 1 view .LVU278
ARM GAS  C:\Users\user\AppData\Local\Temp\ccDnmNdg.s 			page 25


 934              	.LBE10:
 109:Core/Src/NOS_LIB_Driver/Src/WS2812B.c **** 
 935              		.loc 1 109 1 view .LVU279
 936 0028 BDE8F081 		pop	{r4, r5, r6, r7, r8, pc}
 109:Core/Src/NOS_LIB_Driver/Src/WS2812B.c **** 
 937              		.loc 1 109 1 view .LVU280
 938              		.cfi_endproc
 939              	.LFE5:
 941              		.global	Num_9
 942              		.global	Num_8
 943              		.global	Num_7
 944              		.global	Num_6
 945              		.global	Num_5
 946              		.global	Num_4
 947              		.global	Num_3
 948              		.global	Num_2
 949              		.global	Num_1
 950              		.global	Num_0
 951              		.global	Celcium
 952              		.global	Multiply
 953              		.global	Minus
 954              		.global	Plus
 955              		.global	Slash
 956              		.global	Dot
 957              		.global	Space
 958              		.global	Eng_Z
 959              		.global	Eng_Y
 960              		.global	Eng_X
 961              		.global	Eng_W
 962              		.global	Eng_V
 963              		.global	Eng_U
 964              		.global	Eng_T
 965              		.global	Eng_S
 966              		.global	Eng_R
 967              		.global	Eng_Q
 968              		.global	Eng_P
 969              		.global	Eng_O
 970              		.global	Eng_N
 971              		.global	Eng_M
 972              		.global	Eng_L
 973              		.global	Eng_K
 974              		.global	Eng_J
 975              		.global	Eng_I
 976              		.global	Eng_H
 977              		.global	Eng_G
 978              		.global	Eng_F
 979              		.global	Eng_E
 980              		.global	Eng_D
 981              		.global	Eng_C
 982              		.global	Eng_B
 983              		.global	Eng_A
 984              		.section	.bss.Space,"aw",%nobits
 985              		.align	2
 986              		.set	.LANCHOR25,. + 0
 989              	Space:
 990 0000 00000000 		.space	5
 990      00
ARM GAS  C:\Users\user\AppData\Local\Temp\ccDnmNdg.s 			page 26


 991              		.section	.data.Celcium,"aw"
 992              		.align	2
 993              		.set	.LANCHOR29,. + 0
 996              	Celcium:
 997 0000 0000040A 		.ascii	"\000\000\004\012\004"
 997      04
 998              		.section	.data.Dot,"aw"
 999              		.align	2
 1002              	Dot:
 1003 0000 00008000 		.ascii	"\000\000\200\000\000"
 1003      00
 1004              		.section	.data.Eng_A,"aw"
 1005              		.align	2
 1006              		.set	.LANCHOR40,. + 0
 1009              	Eng_A:
 1010 0000 FC121212 		.ascii	"\374\022\022\022\374"
 1010      FC
 1011              		.section	.data.Eng_B,"aw"
 1012              		.align	2
 1013              		.set	.LANCHOR0,. + 0
 1016              	Eng_B:
 1017 0000 FE929292 		.ascii	"\376\222\222\222l"
 1017      6C
 1018              		.section	.data.Eng_C,"aw"
 1019              		.align	2
 1020              		.set	.LANCHOR1,. + 0
 1023              	Eng_C:
 1024 0000 7C828282 		.ascii	"|\202\202\202D"
 1024      44
 1025              		.section	.data.Eng_D,"aw"
 1026              		.align	2
 1027              		.set	.LANCHOR2,. + 0
 1030              	Eng_D:
 1031 0000 FE828282 		.ascii	"\376\202\202\202|"
 1031      7C
 1032              		.section	.data.Eng_E,"aw"
 1033              		.align	2
 1034              		.set	.LANCHOR3,. + 0
 1037              	Eng_E:
 1038 0000 FE929292 		.ascii	"\376\222\222\222\202"
 1038      82
 1039              		.section	.data.Eng_F,"aw"
 1040              		.align	2
 1041              		.set	.LANCHOR4,. + 0
 1044              	Eng_F:
 1045 0000 FE121212 		.ascii	"\376\022\022\022\002"
 1045      02
 1046              		.section	.data.Eng_G,"aw"
 1047              		.align	2
 1048              		.set	.LANCHOR5,. + 0
 1051              	Eng_G:
 1052 0000 7C829292 		.ascii	"|\202\222\222t"
 1052      74
 1053              		.section	.data.Eng_H,"aw"
 1054              		.align	2
 1055              		.set	.LANCHOR6,. + 0
 1058              	Eng_H:
ARM GAS  C:\Users\user\AppData\Local\Temp\ccDnmNdg.s 			page 27


 1059 0000 FE101010 		.ascii	"\376\020\020\020\376"
 1059      FE
 1060              		.section	.data.Eng_I,"aw"
 1061              		.align	2
 1062              		.set	.LANCHOR7,. + 0
 1065              	Eng_I:
 1066 0000 0082FE82 		.ascii	"\000\202\376\202\000"
 1066      00
 1067              		.section	.data.Eng_J,"aw"
 1068              		.align	2
 1069              		.set	.LANCHOR8,. + 0
 1072              	Eng_J:
 1073 0000 40808080 		.ascii	"@\200\200\200~"
 1073      7E
 1074              		.section	.data.Eng_K,"aw"
 1075              		.align	2
 1076              		.set	.LANCHOR9,. + 0
 1079              	Eng_K:
 1080 0000 FE102844 		.ascii	"\376\020(D\202"
 1080      82
 1081              		.section	.data.Eng_L,"aw"
 1082              		.align	2
 1083              		.set	.LANCHOR10,. + 0
 1086              	Eng_L:
 1087 0000 FE808080 		.ascii	"\376\200\200\200\200"
 1087      80
 1088              		.section	.data.Eng_M,"aw"
 1089              		.align	2
 1090              		.set	.LANCHOR11,. + 0
 1093              	Eng_M:
 1094 0000 FE040804 		.ascii	"\376\004\010\004\376"
 1094      FE
 1095              		.section	.data.Eng_N,"aw"
 1096              		.align	2
 1097              		.set	.LANCHOR12,. + 0
 1100              	Eng_N:
 1101 0000 FE081020 		.ascii	"\376\010\020 \376"
 1101      FE
 1102              		.section	.data.Eng_O,"aw"
 1103              		.align	2
 1104              		.set	.LANCHOR13,. + 0
 1107              	Eng_O:
 1108 0000 7C828282 		.ascii	"|\202\202\202|"
 1108      7C
 1109              		.section	.data.Eng_P,"aw"
 1110              		.align	2
 1111              		.set	.LANCHOR14,. + 0
 1114              	Eng_P:
 1115 0000 FE121212 		.ascii	"\376\022\022\022\014"
 1115      0C
 1116              		.section	.data.Eng_Q,"aw"
 1117              		.align	2
 1118              		.set	.LANCHOR15,. + 0
 1121              	Eng_Q:
 1122 0000 7C82A242 		.ascii	"|\202\242B\274"
 1122      BC
 1123              		.section	.data.Eng_R,"aw"
ARM GAS  C:\Users\user\AppData\Local\Temp\ccDnmNdg.s 			page 28


 1124              		.align	2
 1125              		.set	.LANCHOR16,. + 0
 1128              	Eng_R:
 1129 0000 FE123252 		.ascii	"\376\0222R\214"
 1129      8C
 1130              		.section	.data.Eng_S,"aw"
 1131              		.align	2
 1132              		.set	.LANCHOR17,. + 0
 1135              	Eng_S:
 1136 0000 4C929292 		.ascii	"L\222\222\222d"
 1136      64
 1137              		.section	.data.Eng_T,"aw"
 1138              		.align	2
 1139              		.set	.LANCHOR18,. + 0
 1142              	Eng_T:
 1143 0000 0202FE02 		.ascii	"\002\002\376\002\002"
 1143      02
 1144              		.section	.data.Eng_U,"aw"
 1145              		.align	2
 1146              		.set	.LANCHOR19,. + 0
 1149              	Eng_U:
 1150 0000 7E808080 		.ascii	"~\200\200\200~"
 1150      7E
 1151              		.section	.data.Eng_V,"aw"
 1152              		.align	2
 1153              		.set	.LANCHOR20,. + 0
 1156              	Eng_V:
 1157 0000 3E408040 		.ascii	">@\200@>"
 1157      3E
 1158              		.section	.data.Eng_W,"aw"
 1159              		.align	2
 1160              		.set	.LANCHOR21,. + 0
 1163              	Eng_W:
 1164 0000 7E807880 		.ascii	"~\200x\200~"
 1164      7E
 1165              		.section	.data.Eng_X,"aw"
 1166              		.align	2
 1167              		.set	.LANCHOR22,. + 0
 1170              	Eng_X:
 1171 0000 C6281028 		.ascii	"\306(\020(\306"
 1171      C6
 1172              		.section	.data.Eng_Y,"aw"
 1173              		.align	2
 1174              		.set	.LANCHOR23,. + 0
 1177              	Eng_Y:
 1178 0000 0204F804 		.ascii	"\002\004\370\004\002"
 1178      02
 1179              		.section	.data.Eng_Z,"aw"
 1180              		.align	2
 1181              		.set	.LANCHOR24,. + 0
 1184              	Eng_Z:
 1185 0000 C2A2928A 		.ascii	"\302\242\222\212\206"
 1185      86
 1186              		.section	.data.Minus,"aw"
 1187              		.align	2
 1188              		.set	.LANCHOR27,. + 0
 1191              	Minus:
ARM GAS  C:\Users\user\AppData\Local\Temp\ccDnmNdg.s 			page 29


 1192 0000 10101010 		.ascii	"\020\020\020\020\020"
 1192      10
 1193              		.section	.data.Multiply,"aw"
 1194              		.align	2
 1197              	Multiply:
 1198 0000 44281028 		.ascii	"D(\020(D"
 1198      44
 1199              		.section	.data.Num_0,"aw"
 1200              		.align	2
 1201              		.set	.LANCHOR30,. + 0
 1204              	Num_0:
 1205 0000 7CA2928A 		.ascii	"|\242\222\212|"
 1205      7C
 1206              		.section	.data.Num_1,"aw"
 1207              		.align	2
 1208              		.set	.LANCHOR31,. + 0
 1211              	Num_1:
 1212 0000 8884FE80 		.ascii	"\210\204\376\200\200"
 1212      80
 1213              		.section	.data.Num_2,"aw"
 1214              		.align	2
 1215              		.set	.LANCHOR32,. + 0
 1218              	Num_2:
 1219 0000 C4A29292 		.ascii	"\304\242\222\222\214"
 1219      8C
 1220              		.section	.data.Num_3,"aw"
 1221              		.align	2
 1222              		.set	.LANCHOR33,. + 0
 1225              	Num_3:
 1226 0000 44929292 		.ascii	"D\222\222\222l"
 1226      6C
 1227              		.section	.data.Num_4,"aw"
 1228              		.align	2
 1229              		.set	.LANCHOR34,. + 0
 1232              	Num_4:
 1233 0000 0E101010 		.ascii	"\016\020\020\020\376"
 1233      FE
 1234              		.section	.data.Num_5,"aw"
 1235              		.align	2
 1236              		.set	.LANCHOR35,. + 0
 1239              	Num_5:
 1240 0000 8E929292 		.ascii	"\216\222\222\222b"
 1240      62
 1241              		.section	.data.Num_6,"aw"
 1242              		.align	2
 1243              		.set	.LANCHOR36,. + 0
 1246              	Num_6:
 1247 0000 7C929292 		.ascii	"|\222\222\222d"
 1247      64
 1248              		.section	.data.Num_7,"aw"
 1249              		.align	2
 1250              		.set	.LANCHOR37,. + 0
 1253              	Num_7:
 1254 0000 0202F20A 		.ascii	"\002\002\362\012\006"
 1254      06
 1255              		.section	.data.Num_8,"aw"
 1256              		.align	2
ARM GAS  C:\Users\user\AppData\Local\Temp\ccDnmNdg.s 			page 30


 1257              		.set	.LANCHOR38,. + 0
 1260              	Num_8:
 1261 0000 6C929292 		.ascii	"l\222\222\222l"
 1261      6C
 1262              		.section	.data.Num_9,"aw"
 1263              		.align	2
 1264              		.set	.LANCHOR39,. + 0
 1267              	Num_9:
 1268 0000 4C929292 		.ascii	"L\222\222\222|"
 1268      7C
 1269              		.section	.data.Plus,"aw"
 1270              		.align	2
 1271              		.set	.LANCHOR26,. + 0
 1274              	Plus:
 1275 0000 10107C10 		.ascii	"\020\020|\020\020"
 1275      10
 1276              		.section	.data.Slash,"aw"
 1277              		.align	2
 1278              		.set	.LANCHOR28,. + 0
 1281              	Slash:
 1282 0000 40201008 		.ascii	"@ \020\010\004"
 1282      04
 1283              		.text
 1284              	.Letext0:
 1285              		.file 2 "c:\\users\\user\\appdata\\roaming\\code\\user\\globalstorage\\bmd.stm32-for-vscode\\@xpac
 1286              		.file 3 "c:\\users\\user\\appdata\\roaming\\code\\user\\globalstorage\\bmd.stm32-for-vscode\\@xpac
 1287              		.file 4 "Core/Src/NOS_LIB_Driver/Inc/NOS_Typedefs.h"
 1288              		.file 5 "Core/Src/NOS_LIB_Driver/Inc/CharLib(7x5).h"
 1289              		.file 6 "Core/Src/NOS_LIB_Driver/Inc/NOS_Math.h"
ARM GAS  C:\Users\user\AppData\Local\Temp\ccDnmNdg.s 			page 31


DEFINED SYMBOLS
                            *ABS*:0000000000000000 WS2812B.c
C:\Users\user\AppData\Local\Temp\ccDnmNdg.s:18     .text.NOS_WS2812B_Matrix_Init:0000000000000000 $t
C:\Users\user\AppData\Local\Temp\ccDnmNdg.s:26     .text.NOS_WS2812B_Matrix_Init:0000000000000000 NOS_WS2812B_Matrix_Init
C:\Users\user\AppData\Local\Temp\ccDnmNdg.s:47     .text.NOS_WS2812B_Matrix_SetPixel:0000000000000000 $t
C:\Users\user\AppData\Local\Temp\ccDnmNdg.s:54     .text.NOS_WS2812B_Matrix_SetPixel:0000000000000000 NOS_WS2812B_Matrix_SetPixel
C:\Users\user\AppData\Local\Temp\ccDnmNdg.s:105    .text.GetPixelPos:0000000000000000 $t
C:\Users\user\AppData\Local\Temp\ccDnmNdg.s:112    .text.GetPixelPos:0000000000000000 GetPixelPos
C:\Users\user\AppData\Local\Temp\ccDnmNdg.s:145    .text.NOS_WS2812B_Matrix_Update:0000000000000000 $t
C:\Users\user\AppData\Local\Temp\ccDnmNdg.s:152    .text.NOS_WS2812B_Matrix_Update:0000000000000000 NOS_WS2812B_Matrix_Update
C:\Users\user\AppData\Local\Temp\ccDnmNdg.s:422    .text.NOS_WS2812B_Matrix_Update:0000000000000108 $d
C:\Users\user\AppData\Local\Temp\ccDnmNdg.s:427    .text.Symvol_GetBitMap:0000000000000000 $t
C:\Users\user\AppData\Local\Temp\ccDnmNdg.s:434    .text.Symvol_GetBitMap:0000000000000000 Symvol_GetBitMap
C:\Users\user\AppData\Local\Temp\ccDnmNdg.s:450    .text.Symvol_GetBitMap:000000000000000a $d
C:\Users\user\AppData\Local\Temp\ccDnmNdg.s:763    .text.Symvol_GetBitMap:00000000000000f0 $d
C:\Users\user\AppData\Local\Temp\ccDnmNdg.s:808    .text.NOS_WS2812B_Matrix_SetSymvol:0000000000000000 $t
C:\Users\user\AppData\Local\Temp\ccDnmNdg.s:815    .text.NOS_WS2812B_Matrix_SetSymvol:0000000000000000 NOS_WS2812B_Matrix_SetSymvol
C:\Users\user\AppData\Local\Temp\ccDnmNdg.s:875    .text.NOS_WS2812B_Matrix_PrintStaticString:0000000000000000 $t
C:\Users\user\AppData\Local\Temp\ccDnmNdg.s:882    .text.NOS_WS2812B_Matrix_PrintStaticString:0000000000000000 NOS_WS2812B_Matrix_PrintStaticString
C:\Users\user\AppData\Local\Temp\ccDnmNdg.s:1267   .data.Num_9:0000000000000000 Num_9
C:\Users\user\AppData\Local\Temp\ccDnmNdg.s:1260   .data.Num_8:0000000000000000 Num_8
C:\Users\user\AppData\Local\Temp\ccDnmNdg.s:1253   .data.Num_7:0000000000000000 Num_7
C:\Users\user\AppData\Local\Temp\ccDnmNdg.s:1246   .data.Num_6:0000000000000000 Num_6
C:\Users\user\AppData\Local\Temp\ccDnmNdg.s:1239   .data.Num_5:0000000000000000 Num_5
C:\Users\user\AppData\Local\Temp\ccDnmNdg.s:1232   .data.Num_4:0000000000000000 Num_4
C:\Users\user\AppData\Local\Temp\ccDnmNdg.s:1225   .data.Num_3:0000000000000000 Num_3
C:\Users\user\AppData\Local\Temp\ccDnmNdg.s:1218   .data.Num_2:0000000000000000 Num_2
C:\Users\user\AppData\Local\Temp\ccDnmNdg.s:1211   .data.Num_1:0000000000000000 Num_1
C:\Users\user\AppData\Local\Temp\ccDnmNdg.s:1204   .data.Num_0:0000000000000000 Num_0
C:\Users\user\AppData\Local\Temp\ccDnmNdg.s:996    .data.Celcium:0000000000000000 Celcium
C:\Users\user\AppData\Local\Temp\ccDnmNdg.s:1197   .data.Multiply:0000000000000000 Multiply
C:\Users\user\AppData\Local\Temp\ccDnmNdg.s:1191   .data.Minus:0000000000000000 Minus
C:\Users\user\AppData\Local\Temp\ccDnmNdg.s:1274   .data.Plus:0000000000000000 Plus
C:\Users\user\AppData\Local\Temp\ccDnmNdg.s:1281   .data.Slash:0000000000000000 Slash
C:\Users\user\AppData\Local\Temp\ccDnmNdg.s:1002   .data.Dot:0000000000000000 Dot
C:\Users\user\AppData\Local\Temp\ccDnmNdg.s:989    .bss.Space:0000000000000000 Space
C:\Users\user\AppData\Local\Temp\ccDnmNdg.s:1184   .data.Eng_Z:0000000000000000 Eng_Z
C:\Users\user\AppData\Local\Temp\ccDnmNdg.s:1177   .data.Eng_Y:0000000000000000 Eng_Y
C:\Users\user\AppData\Local\Temp\ccDnmNdg.s:1170   .data.Eng_X:0000000000000000 Eng_X
C:\Users\user\AppData\Local\Temp\ccDnmNdg.s:1163   .data.Eng_W:0000000000000000 Eng_W
C:\Users\user\AppData\Local\Temp\ccDnmNdg.s:1156   .data.Eng_V:0000000000000000 Eng_V
C:\Users\user\AppData\Local\Temp\ccDnmNdg.s:1149   .data.Eng_U:0000000000000000 Eng_U
C:\Users\user\AppData\Local\Temp\ccDnmNdg.s:1142   .data.Eng_T:0000000000000000 Eng_T
C:\Users\user\AppData\Local\Temp\ccDnmNdg.s:1135   .data.Eng_S:0000000000000000 Eng_S
C:\Users\user\AppData\Local\Temp\ccDnmNdg.s:1128   .data.Eng_R:0000000000000000 Eng_R
C:\Users\user\AppData\Local\Temp\ccDnmNdg.s:1121   .data.Eng_Q:0000000000000000 Eng_Q
C:\Users\user\AppData\Local\Temp\ccDnmNdg.s:1114   .data.Eng_P:0000000000000000 Eng_P
C:\Users\user\AppData\Local\Temp\ccDnmNdg.s:1107   .data.Eng_O:0000000000000000 Eng_O
C:\Users\user\AppData\Local\Temp\ccDnmNdg.s:1100   .data.Eng_N:0000000000000000 Eng_N
C:\Users\user\AppData\Local\Temp\ccDnmNdg.s:1093   .data.Eng_M:0000000000000000 Eng_M
C:\Users\user\AppData\Local\Temp\ccDnmNdg.s:1086   .data.Eng_L:0000000000000000 Eng_L
C:\Users\user\AppData\Local\Temp\ccDnmNdg.s:1079   .data.Eng_K:0000000000000000 Eng_K
C:\Users\user\AppData\Local\Temp\ccDnmNdg.s:1072   .data.Eng_J:0000000000000000 Eng_J
C:\Users\user\AppData\Local\Temp\ccDnmNdg.s:1065   .data.Eng_I:0000000000000000 Eng_I
C:\Users\user\AppData\Local\Temp\ccDnmNdg.s:1058   .data.Eng_H:0000000000000000 Eng_H
C:\Users\user\AppData\Local\Temp\ccDnmNdg.s:1051   .data.Eng_G:0000000000000000 Eng_G
C:\Users\user\AppData\Local\Temp\ccDnmNdg.s:1044   .data.Eng_F:0000000000000000 Eng_F
ARM GAS  C:\Users\user\AppData\Local\Temp\ccDnmNdg.s 			page 32


C:\Users\user\AppData\Local\Temp\ccDnmNdg.s:1037   .data.Eng_E:0000000000000000 Eng_E
C:\Users\user\AppData\Local\Temp\ccDnmNdg.s:1030   .data.Eng_D:0000000000000000 Eng_D
C:\Users\user\AppData\Local\Temp\ccDnmNdg.s:1023   .data.Eng_C:0000000000000000 Eng_C
C:\Users\user\AppData\Local\Temp\ccDnmNdg.s:1016   .data.Eng_B:0000000000000000 Eng_B
C:\Users\user\AppData\Local\Temp\ccDnmNdg.s:1009   .data.Eng_A:0000000000000000 Eng_A
C:\Users\user\AppData\Local\Temp\ccDnmNdg.s:985    .bss.Space:0000000000000000 $d
C:\Users\user\AppData\Local\Temp\ccDnmNdg.s:992    .data.Celcium:0000000000000000 $d
C:\Users\user\AppData\Local\Temp\ccDnmNdg.s:999    .data.Dot:0000000000000000 $d
C:\Users\user\AppData\Local\Temp\ccDnmNdg.s:1005   .data.Eng_A:0000000000000000 $d
C:\Users\user\AppData\Local\Temp\ccDnmNdg.s:1012   .data.Eng_B:0000000000000000 $d
C:\Users\user\AppData\Local\Temp\ccDnmNdg.s:1019   .data.Eng_C:0000000000000000 $d
C:\Users\user\AppData\Local\Temp\ccDnmNdg.s:1026   .data.Eng_D:0000000000000000 $d
C:\Users\user\AppData\Local\Temp\ccDnmNdg.s:1033   .data.Eng_E:0000000000000000 $d
C:\Users\user\AppData\Local\Temp\ccDnmNdg.s:1040   .data.Eng_F:0000000000000000 $d
C:\Users\user\AppData\Local\Temp\ccDnmNdg.s:1047   .data.Eng_G:0000000000000000 $d
C:\Users\user\AppData\Local\Temp\ccDnmNdg.s:1054   .data.Eng_H:0000000000000000 $d
C:\Users\user\AppData\Local\Temp\ccDnmNdg.s:1061   .data.Eng_I:0000000000000000 $d
C:\Users\user\AppData\Local\Temp\ccDnmNdg.s:1068   .data.Eng_J:0000000000000000 $d
C:\Users\user\AppData\Local\Temp\ccDnmNdg.s:1075   .data.Eng_K:0000000000000000 $d
C:\Users\user\AppData\Local\Temp\ccDnmNdg.s:1082   .data.Eng_L:0000000000000000 $d
C:\Users\user\AppData\Local\Temp\ccDnmNdg.s:1089   .data.Eng_M:0000000000000000 $d
C:\Users\user\AppData\Local\Temp\ccDnmNdg.s:1096   .data.Eng_N:0000000000000000 $d
C:\Users\user\AppData\Local\Temp\ccDnmNdg.s:1103   .data.Eng_O:0000000000000000 $d
C:\Users\user\AppData\Local\Temp\ccDnmNdg.s:1110   .data.Eng_P:0000000000000000 $d
C:\Users\user\AppData\Local\Temp\ccDnmNdg.s:1117   .data.Eng_Q:0000000000000000 $d
C:\Users\user\AppData\Local\Temp\ccDnmNdg.s:1124   .data.Eng_R:0000000000000000 $d
C:\Users\user\AppData\Local\Temp\ccDnmNdg.s:1131   .data.Eng_S:0000000000000000 $d
C:\Users\user\AppData\Local\Temp\ccDnmNdg.s:1138   .data.Eng_T:0000000000000000 $d
C:\Users\user\AppData\Local\Temp\ccDnmNdg.s:1145   .data.Eng_U:0000000000000000 $d
C:\Users\user\AppData\Local\Temp\ccDnmNdg.s:1152   .data.Eng_V:0000000000000000 $d
C:\Users\user\AppData\Local\Temp\ccDnmNdg.s:1159   .data.Eng_W:0000000000000000 $d
C:\Users\user\AppData\Local\Temp\ccDnmNdg.s:1166   .data.Eng_X:0000000000000000 $d
C:\Users\user\AppData\Local\Temp\ccDnmNdg.s:1173   .data.Eng_Y:0000000000000000 $d
C:\Users\user\AppData\Local\Temp\ccDnmNdg.s:1180   .data.Eng_Z:0000000000000000 $d
C:\Users\user\AppData\Local\Temp\ccDnmNdg.s:1187   .data.Minus:0000000000000000 $d
C:\Users\user\AppData\Local\Temp\ccDnmNdg.s:1194   .data.Multiply:0000000000000000 $d
C:\Users\user\AppData\Local\Temp\ccDnmNdg.s:1200   .data.Num_0:0000000000000000 $d
C:\Users\user\AppData\Local\Temp\ccDnmNdg.s:1207   .data.Num_1:0000000000000000 $d
C:\Users\user\AppData\Local\Temp\ccDnmNdg.s:1214   .data.Num_2:0000000000000000 $d
C:\Users\user\AppData\Local\Temp\ccDnmNdg.s:1221   .data.Num_3:0000000000000000 $d
C:\Users\user\AppData\Local\Temp\ccDnmNdg.s:1228   .data.Num_4:0000000000000000 $d
C:\Users\user\AppData\Local\Temp\ccDnmNdg.s:1235   .data.Num_5:0000000000000000 $d
C:\Users\user\AppData\Local\Temp\ccDnmNdg.s:1242   .data.Num_6:0000000000000000 $d
C:\Users\user\AppData\Local\Temp\ccDnmNdg.s:1249   .data.Num_7:0000000000000000 $d
C:\Users\user\AppData\Local\Temp\ccDnmNdg.s:1256   .data.Num_8:0000000000000000 $d
C:\Users\user\AppData\Local\Temp\ccDnmNdg.s:1263   .data.Num_9:0000000000000000 $d
C:\Users\user\AppData\Local\Temp\ccDnmNdg.s:1270   .data.Plus:0000000000000000 $d
C:\Users\user\AppData\Local\Temp\ccDnmNdg.s:1277   .data.Slash:0000000000000000 $d
C:\Users\user\AppData\Local\Temp\ccDnmNdg.s:509    .text.Symvol_GetBitMap:0000000000000045 $d
C:\Users\user\AppData\Local\Temp\ccDnmNdg.s:509    .text.Symvol_GetBitMap:0000000000000046 $t

UNDEFINED SYMBOLS
NOS_Math_NormalizeValue
